mode: set
github.com/silouanwright/gh-comment/cmd/add-review.go:52.13,58.2 5 1
github.com/silouanwright/gh-comment/cmd/add-review.go:60.60,62.28 1 1
github.com/silouanwright/gh-comment/cmd/add-review.go:62.28,64.3 1 0
github.com/silouanwright/gh-comment/cmd/add-review.go:66.2,71.20 4 1
github.com/silouanwright/gh-comment/cmd/add-review.go:71.20,74.17 2 1
github.com/silouanwright/gh-comment/cmd/add-review.go:74.17,76.4 1 1
github.com/silouanwright/gh-comment/cmd/add-review.go:77.3,77.17 1 1
github.com/silouanwright/gh-comment/cmd/add-review.go:78.8,78.27 1 1
github.com/silouanwright/gh-comment/cmd/add-review.go:78.27,80.54 1 1
github.com/silouanwright/gh-comment/cmd/add-review.go:80.54,83.4 1 1
github.com/silouanwright/gh-comment/cmd/add-review.go:83.9,86.18 2 1
github.com/silouanwright/gh-comment/cmd/add-review.go:86.18,88.5 1 0
github.com/silouanwright/gh-comment/cmd/add-review.go:89.4,89.18 1 1
github.com/silouanwright/gh-comment/cmd/add-review.go:91.8,94.17 2 1
github.com/silouanwright/gh-comment/cmd/add-review.go:94.17,96.4 1 0
github.com/silouanwright/gh-comment/cmd/add-review.go:100.2,100.22 1 1
github.com/silouanwright/gh-comment/cmd/add-review.go:100.22,102.3 1 1
github.com/silouanwright/gh-comment/cmd/add-review.go:105.2,105.30 1 1
github.com/silouanwright/gh-comment/cmd/add-review.go:105.30,107.3 1 1
github.com/silouanwright/gh-comment/cmd/add-review.go:110.2,111.16 2 1
github.com/silouanwright/gh-comment/cmd/add-review.go:111.16,113.3 1 0
github.com/silouanwright/gh-comment/cmd/add-review.go:115.2,115.13 1 1
github.com/silouanwright/gh-comment/cmd/add-review.go:115.13,122.3 6 0
github.com/silouanwright/gh-comment/cmd/add-review.go:124.2,124.12 1 1
github.com/silouanwright/gh-comment/cmd/add-review.go:124.12,129.42 5 0
github.com/silouanwright/gh-comment/cmd/add-review.go:129.42,131.4 1 0
github.com/silouanwright/gh-comment/cmd/add-review.go:132.3,132.13 1 0
github.com/silouanwright/gh-comment/cmd/add-review.go:136.2,137.21 2 1
github.com/silouanwright/gh-comment/cmd/add-review.go:137.21,139.3 1 0
github.com/silouanwright/gh-comment/cmd/add-review.go:140.2,143.106 2 1
github.com/silouanwright/gh-comment/cmd/add-review.go:146.133,149.16 2 1
github.com/silouanwright/gh-comment/cmd/add-review.go:149.16,151.3 1 0
github.com/silouanwright/gh-comment/cmd/add-review.go:154.2,155.64 2 1
github.com/silouanwright/gh-comment/cmd/add-review.go:155.64,156.42 1 1
github.com/silouanwright/gh-comment/cmd/add-review.go:156.42,158.4 1 1
github.com/silouanwright/gh-comment/cmd/add-review.go:158.9,160.4 1 0
github.com/silouanwright/gh-comment/cmd/add-review.go:161.8,163.3 1 0
github.com/silouanwright/gh-comment/cmd/add-review.go:166.2,167.36 2 1
github.com/silouanwright/gh-comment/cmd/add-review.go:167.36,169.17 2 1
github.com/silouanwright/gh-comment/cmd/add-review.go:169.17,171.4 1 1
github.com/silouanwright/gh-comment/cmd/add-review.go:172.3,172.51 1 1
github.com/silouanwright/gh-comment/cmd/add-review.go:176.2,182.17 2 1
github.com/silouanwright/gh-comment/cmd/add-review.go:182.17,184.3 1 1
github.com/silouanwright/gh-comment/cmd/add-review.go:184.8,186.3 1 1
github.com/silouanwright/gh-comment/cmd/add-review.go:189.2,190.16 2 1
github.com/silouanwright/gh-comment/cmd/add-review.go:190.16,192.3 1 0
github.com/silouanwright/gh-comment/cmd/add-review.go:195.2,195.17 1 1
github.com/silouanwright/gh-comment/cmd/add-review.go:195.17,198.3 2 1
github.com/silouanwright/gh-comment/cmd/add-review.go:198.8,200.3 1 1
github.com/silouanwright/gh-comment/cmd/add-review.go:202.2,202.12 1 1
github.com/silouanwright/gh-comment/cmd/add-review.go:205.82,208.20 2 1
github.com/silouanwright/gh-comment/cmd/add-review.go:208.20,210.3 1 1
github.com/silouanwright/gh-comment/cmd/add-review.go:212.2,215.21 2 1
github.com/silouanwright/gh-comment/cmd/add-review.go:215.21,217.17 2 1
github.com/silouanwright/gh-comment/cmd/add-review.go:217.17,219.18 2 1
github.com/silouanwright/gh-comment/cmd/add-review.go:219.18,221.28 1 1
github.com/silouanwright/gh-comment/cmd/add-review.go:221.28,223.6 1 1
github.com/silouanwright/gh-comment/cmd/add-review.go:226.5,227.35 2 1
github.com/silouanwright/gh-comment/cmd/add-review.go:227.35,229.6 1 1
github.com/silouanwright/gh-comment/cmd/add-review.go:231.5,238.11 1 1
github.com/silouanwright/gh-comment/cmd/add-review.go:244.2,245.16 2 1
github.com/silouanwright/gh-comment/cmd/add-review.go:245.16,247.3 1 1
github.com/silouanwright/gh-comment/cmd/add-review.go:250.2,251.32 2 1
github.com/silouanwright/gh-comment/cmd/add-review.go:251.32,253.3 1 1
github.com/silouanwright/gh-comment/cmd/add-review.go:255.2,260.8 1 1
github.com/silouanwright/gh-comment/cmd/add.go:61.13,65.2 3 1
github.com/silouanwright/gh-comment/cmd/add.go:67.54,69.22 1 1
github.com/silouanwright/gh-comment/cmd/add.go:69.22,71.17 2 0
github.com/silouanwright/gh-comment/cmd/add.go:71.17,73.4 1 0
github.com/silouanwright/gh-comment/cmd/add.go:74.3,74.21 1 0
github.com/silouanwright/gh-comment/cmd/add.go:77.2,82.20 4 1
github.com/silouanwright/gh-comment/cmd/add.go:82.20,85.17 2 1
github.com/silouanwright/gh-comment/cmd/add.go:85.17,87.4 1 1
github.com/silouanwright/gh-comment/cmd/add.go:88.3,90.20 3 1
github.com/silouanwright/gh-comment/cmd/add.go:91.8,91.27 1 1
github.com/silouanwright/gh-comment/cmd/add.go:91.27,94.17 2 1
github.com/silouanwright/gh-comment/cmd/add.go:94.17,96.4 1 0
github.com/silouanwright/gh-comment/cmd/add.go:97.3,99.20 3 1
github.com/silouanwright/gh-comment/cmd/add.go:100.8,100.48 1 1
github.com/silouanwright/gh-comment/cmd/add.go:100.48,103.17 2 1
github.com/silouanwright/gh-comment/cmd/add.go:103.17,105.4 1 0
github.com/silouanwright/gh-comment/cmd/add.go:106.3,108.41 3 1
github.com/silouanwright/gh-comment/cmd/add.go:109.8,109.48 1 1
github.com/silouanwright/gh-comment/cmd/add.go:109.48,112.17 2 0
github.com/silouanwright/gh-comment/cmd/add.go:112.17,114.4 1 0
github.com/silouanwright/gh-comment/cmd/add.go:115.3,117.41 3 0
github.com/silouanwright/gh-comment/cmd/add.go:118.8,120.3 1 1
github.com/silouanwright/gh-comment/cmd/add.go:123.2,124.16 2 1
github.com/silouanwright/gh-comment/cmd/add.go:124.16,126.3 1 0
github.com/silouanwright/gh-comment/cmd/add.go:129.2,130.16 2 1
github.com/silouanwright/gh-comment/cmd/add.go:130.16,132.3 1 1
github.com/silouanwright/gh-comment/cmd/add.go:135.2,136.25 2 1
github.com/silouanwright/gh-comment/cmd/add.go:136.25,138.3 1 0
github.com/silouanwright/gh-comment/cmd/add.go:138.8,140.3 1 1
github.com/silouanwright/gh-comment/cmd/add.go:142.2,142.13 1 1
github.com/silouanwright/gh-comment/cmd/add.go:142.13,147.27 5 0
github.com/silouanwright/gh-comment/cmd/add.go:147.27,149.4 1 0
github.com/silouanwright/gh-comment/cmd/add.go:150.3,151.62 2 0
github.com/silouanwright/gh-comment/cmd/add.go:154.2,154.12 1 1
github.com/silouanwright/gh-comment/cmd/add.go:154.12,156.27 2 0
github.com/silouanwright/gh-comment/cmd/add.go:156.27,158.4 1 0
github.com/silouanwright/gh-comment/cmd/add.go:159.3,160.13 2 0
github.com/silouanwright/gh-comment/cmd/add.go:164.2,165.21 2 1
github.com/silouanwright/gh-comment/cmd/add.go:165.21,167.3 1 0
github.com/silouanwright/gh-comment/cmd/add.go:168.2,178.26 3 1
github.com/silouanwright/gh-comment/cmd/add.go:178.26,181.3 2 1
github.com/silouanwright/gh-comment/cmd/add.go:184.2,185.16 2 1
github.com/silouanwright/gh-comment/cmd/add.go:185.16,187.3 1 0
github.com/silouanwright/gh-comment/cmd/add.go:190.2,190.64 1 1
github.com/silouanwright/gh-comment/cmd/add.go:190.64,191.42 1 1
github.com/silouanwright/gh-comment/cmd/add.go:191.42,193.4 1 1
github.com/silouanwright/gh-comment/cmd/add.go:193.9,195.4 1 0
github.com/silouanwright/gh-comment/cmd/add.go:196.8,198.3 1 0
github.com/silouanwright/gh-comment/cmd/add.go:201.2,202.16 2 1
github.com/silouanwright/gh-comment/cmd/add.go:202.16,204.3 1 0
github.com/silouanwright/gh-comment/cmd/add.go:207.2,208.26 2 1
github.com/silouanwright/gh-comment/cmd/add.go:208.26,210.3 1 1
github.com/silouanwright/gh-comment/cmd/add.go:211.2,213.12 2 1
github.com/silouanwright/gh-comment/cmd/add.go:216.55,217.37 1 1
github.com/silouanwright/gh-comment/cmd/add.go:217.37,220.22 2 1
github.com/silouanwright/gh-comment/cmd/add.go:220.22,222.4 1 1
github.com/silouanwright/gh-comment/cmd/add.go:224.3,225.17 2 1
github.com/silouanwright/gh-comment/cmd/add.go:225.17,227.4 1 1
github.com/silouanwright/gh-comment/cmd/add.go:229.3,230.17 2 1
github.com/silouanwright/gh-comment/cmd/add.go:230.17,232.4 1 1
github.com/silouanwright/gh-comment/cmd/add.go:234.3,234.29 1 1
github.com/silouanwright/gh-comment/cmd/add.go:234.29,236.4 1 0
github.com/silouanwright/gh-comment/cmd/add.go:238.3,238.18 1 1
github.com/silouanwright/gh-comment/cmd/add.go:238.18,240.4 1 1
github.com/silouanwright/gh-comment/cmd/add.go:242.3,242.25 1 1
github.com/silouanwright/gh-comment/cmd/add.go:243.8,246.17 2 1
github.com/silouanwright/gh-comment/cmd/add.go:246.17,248.4 1 1
github.com/silouanwright/gh-comment/cmd/add.go:249.3,249.16 1 1
github.com/silouanwright/gh-comment/cmd/add.go:249.16,251.4 1 0
github.com/silouanwright/gh-comment/cmd/add.go:252.3,252.25 1 1
github.com/silouanwright/gh-comment/cmd/batch.go:67.13,69.2 1 1
github.com/silouanwright/gh-comment/cmd/batch.go:71.56,73.24 1 1
github.com/silouanwright/gh-comment/cmd/batch.go:73.24,75.3 1 0
github.com/silouanwright/gh-comment/cmd/batch.go:78.2,80.16 3 1
github.com/silouanwright/gh-comment/cmd/batch.go:80.16,82.3 1 1
github.com/silouanwright/gh-comment/cmd/batch.go:85.2,87.16 3 1
github.com/silouanwright/gh-comment/cmd/batch.go:87.16,89.3 1 1
github.com/silouanwright/gh-comment/cmd/batch.go:92.2,92.20 1 1
github.com/silouanwright/gh-comment/cmd/batch.go:92.20,94.3 1 1
github.com/silouanwright/gh-comment/cmd/batch.go:96.2,97.23 2 1
github.com/silouanwright/gh-comment/cmd/batch.go:97.23,99.3 1 1
github.com/silouanwright/gh-comment/cmd/batch.go:102.2,102.22 1 1
github.com/silouanwright/gh-comment/cmd/batch.go:102.22,104.17 2 0
github.com/silouanwright/gh-comment/cmd/batch.go:104.17,106.4 1 0
github.com/silouanwright/gh-comment/cmd/batch.go:110.2,111.21 2 1
github.com/silouanwright/gh-comment/cmd/batch.go:111.21,113.3 1 1
github.com/silouanwright/gh-comment/cmd/batch.go:114.2,116.13 2 1
github.com/silouanwright/gh-comment/cmd/batch.go:116.13,121.27 5 1
github.com/silouanwright/gh-comment/cmd/batch.go:121.27,123.4 1 0
github.com/silouanwright/gh-comment/cmd/batch.go:124.3,124.16 1 1
github.com/silouanwright/gh-comment/cmd/batch.go:127.2,127.12 1 1
github.com/silouanwright/gh-comment/cmd/batch.go:127.12,129.43 2 1
github.com/silouanwright/gh-comment/cmd/batch.go:129.43,131.4 1 1
github.com/silouanwright/gh-comment/cmd/batch.go:132.3,132.27 1 1
github.com/silouanwright/gh-comment/cmd/batch.go:132.27,134.4 1 0
github.com/silouanwright/gh-comment/cmd/batch.go:135.3,135.13 1 1
github.com/silouanwright/gh-comment/cmd/batch.go:139.2,139.71 1 1
github.com/silouanwright/gh-comment/cmd/batch.go:142.63,145.16 2 1
github.com/silouanwright/gh-comment/cmd/batch.go:145.16,147.3 1 0
github.com/silouanwright/gh-comment/cmd/batch.go:150.2,152.16 3 1
github.com/silouanwright/gh-comment/cmd/batch.go:152.16,154.3 1 1
github.com/silouanwright/gh-comment/cmd/batch.go:157.2,157.55 1 1
github.com/silouanwright/gh-comment/cmd/batch.go:157.55,159.3 1 1
github.com/silouanwright/gh-comment/cmd/batch.go:162.2,162.42 1 1
github.com/silouanwright/gh-comment/cmd/batch.go:162.42,163.25 1 1
github.com/silouanwright/gh-comment/cmd/batch.go:163.25,165.4 1 1
github.com/silouanwright/gh-comment/cmd/batch.go:166.3,166.28 1 1
github.com/silouanwright/gh-comment/cmd/batch.go:166.28,168.4 1 1
github.com/silouanwright/gh-comment/cmd/batch.go:169.3,169.47 1 1
github.com/silouanwright/gh-comment/cmd/batch.go:169.47,171.4 1 1
github.com/silouanwright/gh-comment/cmd/batch.go:172.3,172.47 1 1
github.com/silouanwright/gh-comment/cmd/batch.go:172.47,174.4 1 1
github.com/silouanwright/gh-comment/cmd/batch.go:175.3,175.80 1 1
github.com/silouanwright/gh-comment/cmd/batch.go:175.80,177.4 1 1
github.com/silouanwright/gh-comment/cmd/batch.go:181.2,181.26 1 1
github.com/silouanwright/gh-comment/cmd/batch.go:181.26,182.32 1 1
github.com/silouanwright/gh-comment/cmd/batch.go:182.32,185.43 3 1
github.com/silouanwright/gh-comment/cmd/batch.go:185.43,186.42 1 1
github.com/silouanwright/gh-comment/cmd/batch.go:186.42,188.11 2 1
github.com/silouanwright/gh-comment/cmd/batch.go:191.4,191.16 1 1
github.com/silouanwright/gh-comment/cmd/batch.go:191.16,193.5 1 1
github.com/silouanwright/gh-comment/cmd/batch.go:197.2,197.21 1 1
github.com/silouanwright/gh-comment/cmd/batch.go:200.107,202.26 1 1
github.com/silouanwright/gh-comment/cmd/batch.go:202.26,204.3 1 1
github.com/silouanwright/gh-comment/cmd/batch.go:207.2,207.76 1 1
github.com/silouanwright/gh-comment/cmd/batch.go:210.102,214.42 2 1
github.com/silouanwright/gh-comment/cmd/batch.go:214.42,215.30 1 1
github.com/silouanwright/gh-comment/cmd/batch.go:215.30,217.15 1 1
github.com/silouanwright/gh-comment/cmd/batch.go:217.15,219.5 1 0
github.com/silouanwright/gh-comment/cmd/batch.go:220.4,221.18 2 1
github.com/silouanwright/gh-comment/cmd/batch.go:221.18,223.5 1 0
github.com/silouanwright/gh-comment/cmd/batch.go:224.4,224.12 1 1
github.com/silouanwright/gh-comment/cmd/batch.go:228.3,229.17 2 1
github.com/silouanwright/gh-comment/cmd/batch.go:229.17,231.4 1 0
github.com/silouanwright/gh-comment/cmd/batch.go:233.3,234.10 2 1
github.com/silouanwright/gh-comment/cmd/batch.go:234.10,236.4 1 0
github.com/silouanwright/gh-comment/cmd/batch.go:239.3,246.26 2 1
github.com/silouanwright/gh-comment/cmd/batch.go:246.26,248.18 2 0
github.com/silouanwright/gh-comment/cmd/batch.go:248.18,250.5 1 0
github.com/silouanwright/gh-comment/cmd/batch.go:251.4,252.32 2 0
github.com/silouanwright/gh-comment/cmd/batch.go:253.9,255.4 1 1
github.com/silouanwright/gh-comment/cmd/batch.go:257.3,257.57 1 1
github.com/silouanwright/gh-comment/cmd/batch.go:261.2,267.29 2 1
github.com/silouanwright/gh-comment/cmd/batch.go:267.29,269.3 1 0
github.com/silouanwright/gh-comment/cmd/batch.go:271.2,272.16 2 1
github.com/silouanwright/gh-comment/cmd/batch.go:272.16,274.3 1 0
github.com/silouanwright/gh-comment/cmd/batch.go:276.2,277.12 2 1
github.com/silouanwright/gh-comment/cmd/batch.go:280.117,283.35 2 1
github.com/silouanwright/gh-comment/cmd/batch.go:283.35,284.14 1 1
github.com/silouanwright/gh-comment/cmd/batch.go:284.14,286.4 1 1
github.com/silouanwright/gh-comment/cmd/batch.go:288.3,289.24 2 1
github.com/silouanwright/gh-comment/cmd/batch.go:289.24,291.4 1 1
github.com/silouanwright/gh-comment/cmd/batch.go:293.3,294.29 2 1
github.com/silouanwright/gh-comment/cmd/batch.go:294.29,296.4 1 0
github.com/silouanwright/gh-comment/cmd/batch.go:296.9,299.18 2 1
github.com/silouanwright/gh-comment/cmd/batch.go:299.18,301.5 1 0
github.com/silouanwright/gh-comment/cmd/batch.go:303.4,304.11 2 1
github.com/silouanwright/gh-comment/cmd/batch.go:304.11,306.5 1 0
github.com/silouanwright/gh-comment/cmd/batch.go:308.4,315.27 2 1
github.com/silouanwright/gh-comment/cmd/batch.go:315.27,317.19 2 1
github.com/silouanwright/gh-comment/cmd/batch.go:317.19,319.6 1 0
github.com/silouanwright/gh-comment/cmd/batch.go:320.5,321.33 2 1
github.com/silouanwright/gh-comment/cmd/batch.go:322.10,324.5 1 1
github.com/silouanwright/gh-comment/cmd/batch.go:326.4,326.65 1 1
github.com/silouanwright/gh-comment/cmd/batch.go:329.3,329.17 1 1
github.com/silouanwright/gh-comment/cmd/batch.go:329.17,331.4 1 0
github.com/silouanwright/gh-comment/cmd/batch.go:333.3,333.17 1 1
github.com/silouanwright/gh-comment/cmd/batch.go:336.2,337.12 2 1
github.com/silouanwright/gh-comment/cmd/batch.go:341.54,342.25 1 1
github.com/silouanwright/gh-comment/cmd/batch.go:342.25,344.3 1 1
github.com/silouanwright/gh-comment/cmd/batch.go:345.2,345.40 1 1
github.com/silouanwright/gh-comment/cmd/batch.go:348.57,349.28 1 1
github.com/silouanwright/gh-comment/cmd/batch.go:349.28,351.3 1 1
github.com/silouanwright/gh-comment/cmd/batch.go:352.2,352.35 1 1
github.com/silouanwright/gh-comment/cmd/batch.go:355.70,357.21 2 1
github.com/silouanwright/gh-comment/cmd/batch.go:357.21,359.3 1 1
github.com/silouanwright/gh-comment/cmd/batch.go:361.2,362.16 2 1
github.com/silouanwright/gh-comment/cmd/batch.go:362.16,364.3 1 1
github.com/silouanwright/gh-comment/cmd/batch.go:366.2,367.16 2 1
github.com/silouanwright/gh-comment/cmd/batch.go:367.16,369.3 1 1
github.com/silouanwright/gh-comment/cmd/batch.go:371.2,371.36 1 1
github.com/silouanwright/gh-comment/cmd/batch.go:371.36,373.3 1 1
github.com/silouanwright/gh-comment/cmd/batch.go:375.2,375.25 1 1
github.com/silouanwright/gh-comment/cmd/batch.go:375.25,377.3 1 1
github.com/silouanwright/gh-comment/cmd/batch.go:379.2,379.32 1 1
github.com/silouanwright/gh-comment/cmd/client_helper.go:10.53,12.60 1 1
github.com/silouanwright/gh-comment/cmd/client_helper.go:12.60,14.3 1 1
github.com/silouanwright/gh-comment/cmd/client_helper.go:17.2,17.31 1 1
github.com/silouanwright/gh-comment/cmd/edit.go:48.13,51.2 2 1
github.com/silouanwright/gh-comment/cmd/edit.go:53.55,55.23 1 1
github.com/silouanwright/gh-comment/cmd/edit.go:55.23,57.3 1 0
github.com/silouanwright/gh-comment/cmd/edit.go:60.2,61.16 2 1
github.com/silouanwright/gh-comment/cmd/edit.go:61.16,63.3 1 1
github.com/silouanwright/gh-comment/cmd/edit.go:65.2,68.20 2 1
github.com/silouanwright/gh-comment/cmd/edit.go:68.20,70.3 1 1
github.com/silouanwright/gh-comment/cmd/edit.go:70.8,70.34 1 1
github.com/silouanwright/gh-comment/cmd/edit.go:70.34,72.3 1 1
github.com/silouanwright/gh-comment/cmd/edit.go:72.8,74.3 1 1
github.com/silouanwright/gh-comment/cmd/edit.go:77.2,78.16 2 1
github.com/silouanwright/gh-comment/cmd/edit.go:78.16,80.3 1 0
github.com/silouanwright/gh-comment/cmd/edit.go:83.2,84.21 2 1
github.com/silouanwright/gh-comment/cmd/edit.go:84.21,86.3 1 1
github.com/silouanwright/gh-comment/cmd/edit.go:87.2,89.13 2 1
github.com/silouanwright/gh-comment/cmd/edit.go:89.13,94.3 4 1
github.com/silouanwright/gh-comment/cmd/edit.go:96.2,96.12 1 1
github.com/silouanwright/gh-comment/cmd/edit.go:96.12,100.3 3 1
github.com/silouanwright/gh-comment/cmd/edit.go:103.2,104.16 2 1
github.com/silouanwright/gh-comment/cmd/edit.go:104.16,106.3 1 0
github.com/silouanwright/gh-comment/cmd/edit.go:108.2,109.12 2 1
github.com/silouanwright/gh-comment/cmd/helpers.go:15.54,17.16 2 1
github.com/silouanwright/gh-comment/cmd/helpers.go:17.16,19.3 1 0
github.com/silouanwright/gh-comment/cmd/helpers.go:21.2,21.18 1 1
github.com/silouanwright/gh-comment/cmd/helpers.go:21.18,23.3 1 1
github.com/silouanwright/gh-comment/cmd/helpers.go:23.8,25.17 2 1
github.com/silouanwright/gh-comment/cmd/helpers.go:25.17,27.4 1 1
github.com/silouanwright/gh-comment/cmd/helpers.go:30.2,30.22 1 1
github.com/silouanwright/gh-comment/cmd/helpers.go:34.66,36.2 1 1
github.com/silouanwright/gh-comment/cmd/helpers.go:39.65,41.2 1 1
github.com/silouanwright/gh-comment/cmd/helpers.go:44.73,46.2 1 1
github.com/silouanwright/gh-comment/cmd/integration_testing.go:60.46,79.2 5 0
github.com/silouanwright/gh-comment/cmd/integration_testing.go:82.41,84.2 1 0
github.com/silouanwright/gh-comment/cmd/integration_testing.go:87.36,89.2 1 0
github.com/silouanwright/gh-comment/cmd/integration_testing.go:92.81,97.21 4 0
github.com/silouanwright/gh-comment/cmd/integration_testing.go:97.21,99.3 1 0
github.com/silouanwright/gh-comment/cmd/integration_testing.go:100.2,100.32 1 0
github.com/silouanwright/gh-comment/cmd/integration_testing.go:100.32,102.3 1 0
github.com/silouanwright/gh-comment/cmd/integration_testing.go:103.2,103.32 1 0
github.com/silouanwright/gh-comment/cmd/integration_testing.go:103.32,105.3 1 0
github.com/silouanwright/gh-comment/cmd/integration_testing.go:106.2,106.27 1 0
github.com/silouanwright/gh-comment/cmd/integration_testing.go:106.27,108.3 1 0
github.com/silouanwright/gh-comment/cmd/integration_testing.go:110.2,110.52 1 0
github.com/silouanwright/gh-comment/cmd/integration_testing.go:114.75,120.2 4 0
github.com/silouanwright/gh-comment/cmd/integration_testing.go:123.63,124.18 1 0
github.com/silouanwright/gh-comment/cmd/integration_testing.go:125.15,135.5 2 0
github.com/silouanwright/gh-comment/cmd/integration_testing.go:136.25,148.5 2 0
github.com/silouanwright/gh-comment/cmd/integration_testing.go:153.87,157.20 3 0
github.com/silouanwright/gh-comment/cmd/integration_testing.go:157.20,160.3 2 0
github.com/silouanwright/gh-comment/cmd/integration_testing.go:162.2,166.44 3 0
github.com/silouanwright/gh-comment/cmd/integration_testing.go:166.44,169.17 3 0
github.com/silouanwright/gh-comment/cmd/integration_testing.go:169.17,172.4 2 0
github.com/silouanwright/gh-comment/cmd/integration_testing.go:174.3,174.22 1 0
github.com/silouanwright/gh-comment/cmd/integration_testing.go:174.22,176.25 1 0
github.com/silouanwright/gh-comment/cmd/integration_testing.go:176.25,179.5 2 0
github.com/silouanwright/gh-comment/cmd/integration_testing.go:182.3,182.48 1 0
github.com/silouanwright/gh-comment/cmd/integration_testing.go:182.48,183.20 1 0
github.com/silouanwright/gh-comment/cmd/integration_testing.go:184.15,186.44 1 0
github.com/silouanwright/gh-comment/cmd/integration_testing.go:187.16,189.45 1 0
github.com/silouanwright/gh-comment/cmd/integration_testing.go:193.3,193.47 1 0
github.com/silouanwright/gh-comment/cmd/integration_testing.go:193.47,194.26 1 0
github.com/silouanwright/gh-comment/cmd/integration_testing.go:194.26,197.5 1 0
github.com/silouanwright/gh-comment/cmd/integration_testing.go:201.2,201.45 1 0
github.com/silouanwright/gh-comment/cmd/integration_testing.go:201.45,204.17 3 0
github.com/silouanwright/gh-comment/cmd/integration_testing.go:204.17,207.4 2 0
github.com/silouanwright/gh-comment/cmd/integration_testing.go:209.3,209.48 1 0
github.com/silouanwright/gh-comment/cmd/integration_testing.go:209.48,210.20 1 0
github.com/silouanwright/gh-comment/cmd/integration_testing.go:211.15,213.49 1 0
github.com/silouanwright/gh-comment/cmd/integration_testing.go:214.16,216.50 1 0
github.com/silouanwright/gh-comment/cmd/integration_testing.go:223.108,231.2 4 0
github.com/silouanwright/gh-comment/cmd/integration_testing.go:234.108,239.35 3 0
github.com/silouanwright/gh-comment/cmd/integration_testing.go:239.35,240.25 1 0
github.com/silouanwright/gh-comment/cmd/integration_testing.go:240.25,242.4 1 0
github.com/silouanwright/gh-comment/cmd/integration_testing.go:245.2,246.43 2 0
github.com/silouanwright/gh-comment/cmd/integration_testing.go:250.113,255.35 3 0
github.com/silouanwright/gh-comment/cmd/integration_testing.go:255.35,256.25 1 0
github.com/silouanwright/gh-comment/cmd/integration_testing.go:256.25,258.4 1 0
github.com/silouanwright/gh-comment/cmd/integration_testing.go:261.2,262.42 2 0
github.com/silouanwright/gh-comment/cmd/integration_testing.go:266.109,268.65 2 0
github.com/silouanwright/gh-comment/cmd/integration_testing.go:268.65,271.3 2 0
github.com/silouanwright/gh-comment/cmd/integration_testing.go:274.2,279.36 5 0
github.com/silouanwright/gh-comment/cmd/integration_testing.go:283.114,285.65 2 0
github.com/silouanwright/gh-comment/cmd/integration_testing.go:285.65,288.3 2 0
github.com/silouanwright/gh-comment/cmd/integration_testing.go:291.2,300.36 8 0
github.com/silouanwright/gh-comment/cmd/integration_testing.go:304.108,306.64 2 0
github.com/silouanwright/gh-comment/cmd/integration_testing.go:306.64,309.3 2 0
github.com/silouanwright/gh-comment/cmd/integration_testing.go:311.2,319.42 6 0
github.com/silouanwright/gh-comment/cmd/integration_testing.go:319.42,322.3 2 0
github.com/silouanwright/gh-comment/cmd/integration_testing.go:324.2,328.35 4 0
github.com/silouanwright/gh-comment/cmd/list.go:82.13,100.2 11 1
github.com/silouanwright/gh-comment/cmd/list.go:102.55,104.23 1 1
github.com/silouanwright/gh-comment/cmd/list.go:104.23,106.17 2 1
github.com/silouanwright/gh-comment/cmd/list.go:106.17,108.4 1 0
github.com/silouanwright/gh-comment/cmd/list.go:109.3,109.22 1 1
github.com/silouanwright/gh-comment/cmd/list.go:113.2,113.50 1 1
github.com/silouanwright/gh-comment/cmd/list.go:113.50,115.3 1 1
github.com/silouanwright/gh-comment/cmd/list.go:117.2,121.20 3 1
github.com/silouanwright/gh-comment/cmd/list.go:121.20,123.17 2 1
github.com/silouanwright/gh-comment/cmd/list.go:123.17,125.4 1 1
github.com/silouanwright/gh-comment/cmd/list.go:126.8,129.17 2 1
github.com/silouanwright/gh-comment/cmd/list.go:129.17,131.4 1 1
github.com/silouanwright/gh-comment/cmd/list.go:135.2,136.16 2 1
github.com/silouanwright/gh-comment/cmd/list.go:136.16,138.3 1 0
github.com/silouanwright/gh-comment/cmd/list.go:140.2,140.13 1 1
github.com/silouanwright/gh-comment/cmd/list.go:140.13,147.19 7 1
github.com/silouanwright/gh-comment/cmd/list.go:147.19,149.4 1 1
github.com/silouanwright/gh-comment/cmd/list.go:150.3,150.16 1 1
github.com/silouanwright/gh-comment/cmd/list.go:154.2,155.16 2 1
github.com/silouanwright/gh-comment/cmd/list.go:155.16,157.3 1 1
github.com/silouanwright/gh-comment/cmd/list.go:160.2,165.12 3 1
github.com/silouanwright/gh-comment/cmd/list.go:189.88,192.21 2 1
github.com/silouanwright/gh-comment/cmd/list.go:192.21,194.3 1 1
github.com/silouanwright/gh-comment/cmd/list.go:195.2,201.16 4 1
github.com/silouanwright/gh-comment/cmd/list.go:201.16,203.3 1 1
github.com/silouanwright/gh-comment/cmd/list.go:206.2,206.40 1 1
github.com/silouanwright/gh-comment/cmd/list.go:206.40,216.3 1 1
github.com/silouanwright/gh-comment/cmd/list.go:219.2,220.16 2 1
github.com/silouanwright/gh-comment/cmd/list.go:220.16,222.3 1 1
github.com/silouanwright/gh-comment/cmd/list.go:225.2,225.41 1 1
github.com/silouanwright/gh-comment/cmd/list.go:225.41,237.3 1 1
github.com/silouanwright/gh-comment/cmd/list.go:239.2,239.25 1 1
github.com/silouanwright/gh-comment/cmd/list.go:242.38,245.60 2 1
github.com/silouanwright/gh-comment/cmd/list.go:245.60,247.3 1 1
github.com/silouanwright/gh-comment/cmd/list.go:250.2,251.61 2 1
github.com/silouanwright/gh-comment/cmd/list.go:251.61,253.3 1 1
github.com/silouanwright/gh-comment/cmd/list.go:256.2,256.17 1 1
github.com/silouanwright/gh-comment/cmd/list.go:256.17,258.17 2 1
github.com/silouanwright/gh-comment/cmd/list.go:258.17,260.4 1 1
github.com/silouanwright/gh-comment/cmd/list.go:261.3,261.26 1 1
github.com/silouanwright/gh-comment/cmd/list.go:265.2,265.17 1 1
github.com/silouanwright/gh-comment/cmd/list.go:265.17,267.17 2 1
github.com/silouanwright/gh-comment/cmd/list.go:267.17,269.4 1 1
github.com/silouanwright/gh-comment/cmd/list.go:270.3,270.26 1 1
github.com/silouanwright/gh-comment/cmd/list.go:274.2,274.73 1 1
github.com/silouanwright/gh-comment/cmd/list.go:274.73,276.3 1 1
github.com/silouanwright/gh-comment/cmd/list.go:278.2,278.12 1 1
github.com/silouanwright/gh-comment/cmd/list.go:281.59,286.40 3 1
github.com/silouanwright/gh-comment/cmd/list.go:286.40,288.3 1 1
github.com/silouanwright/gh-comment/cmd/list.go:291.2,300.33 2 1
github.com/silouanwright/gh-comment/cmd/list.go:300.33,301.61 1 1
github.com/silouanwright/gh-comment/cmd/list.go:301.61,303.4 1 1
github.com/silouanwright/gh-comment/cmd/list.go:306.2,306.126 1 1
github.com/silouanwright/gh-comment/cmd/list.go:309.78,314.21 3 1
github.com/silouanwright/gh-comment/cmd/list.go:314.21,316.3 1 1
github.com/silouanwright/gh-comment/cmd/list.go:318.2,319.16 2 1
github.com/silouanwright/gh-comment/cmd/list.go:319.16,321.3 1 1
github.com/silouanwright/gh-comment/cmd/list.go:323.2,325.34 2 1
github.com/silouanwright/gh-comment/cmd/list.go:325.34,327.3 1 1
github.com/silouanwright/gh-comment/cmd/list.go:329.2,329.14 1 1
github.com/silouanwright/gh-comment/cmd/list.go:330.16,331.60 1 0
github.com/silouanwright/gh-comment/cmd/list.go:332.16,333.60 1 0
github.com/silouanwright/gh-comment/cmd/list.go:334.14,335.58 1 1
github.com/silouanwright/gh-comment/cmd/list.go:336.13,337.41 1 1
github.com/silouanwright/gh-comment/cmd/list.go:338.14,339.43 1 1
github.com/silouanwright/gh-comment/cmd/list.go:340.15,341.41 1 1
github.com/silouanwright/gh-comment/cmd/list.go:342.14,343.41 1 1
github.com/silouanwright/gh-comment/cmd/list.go:344.10,345.68 1 1
github.com/silouanwright/gh-comment/cmd/list.go:349.51,352.35 2 1
github.com/silouanwright/gh-comment/cmd/list.go:352.35,354.67 1 1
github.com/silouanwright/gh-comment/cmd/list.go:354.67,355.12 1 1
github.com/silouanwright/gh-comment/cmd/list.go:359.3,359.52 1 1
github.com/silouanwright/gh-comment/cmd/list.go:359.52,360.12 1 1
github.com/silouanwright/gh-comment/cmd/list.go:364.3,364.37 1 1
github.com/silouanwright/gh-comment/cmd/list.go:364.38,366.4 0 0
github.com/silouanwright/gh-comment/cmd/list.go:366.9,366.28 1 1
github.com/silouanwright/gh-comment/cmd/list.go:366.28,369.28 1 0
github.com/silouanwright/gh-comment/cmd/list.go:369.28,370.13 1 0
github.com/silouanwright/gh-comment/cmd/list.go:372.9,372.27 1 1
github.com/silouanwright/gh-comment/cmd/list.go:372.27,374.28 1 1
github.com/silouanwright/gh-comment/cmd/list.go:374.28,375.13 1 0
github.com/silouanwright/gh-comment/cmd/list.go:380.3,380.22 1 1
github.com/silouanwright/gh-comment/cmd/list.go:380.22,384.28 1 0
github.com/silouanwright/gh-comment/cmd/list.go:384.28,385.13 1 0
github.com/silouanwright/gh-comment/cmd/list.go:390.3,390.63 1 1
github.com/silouanwright/gh-comment/cmd/list.go:390.63,391.12 1 1
github.com/silouanwright/gh-comment/cmd/list.go:393.3,393.62 1 1
github.com/silouanwright/gh-comment/cmd/list.go:393.62,394.12 1 1
github.com/silouanwright/gh-comment/cmd/list.go:397.3,397.39 1 1
github.com/silouanwright/gh-comment/cmd/list.go:400.2,400.17 1 1
github.com/silouanwright/gh-comment/cmd/list.go:403.54,405.22 1 1
github.com/silouanwright/gh-comment/cmd/list.go:405.22,407.3 1 1
github.com/silouanwright/gh-comment/cmd/list.go:410.2,410.35 1 1
github.com/silouanwright/gh-comment/cmd/list.go:410.35,415.81 3 1
github.com/silouanwright/gh-comment/cmd/list.go:415.81,417.4 1 1
github.com/silouanwright/gh-comment/cmd/list.go:421.2,421.75 1 1
github.com/silouanwright/gh-comment/cmd/list.go:424.55,425.26 1 1
github.com/silouanwright/gh-comment/cmd/list.go:425.26,426.16 1 1
github.com/silouanwright/gh-comment/cmd/list.go:426.16,428.4 1 1
github.com/silouanwright/gh-comment/cmd/list.go:430.2,430.14 1 1
github.com/silouanwright/gh-comment/cmd/list.go:433.50,434.24 1 1
github.com/silouanwright/gh-comment/cmd/list.go:434.24,437.3 2 1
github.com/silouanwright/gh-comment/cmd/list.go:439.2,443.35 3 1
github.com/silouanwright/gh-comment/cmd/list.go:443.35,445.30 1 1
github.com/silouanwright/gh-comment/cmd/list.go:445.30,447.4 1 1
github.com/silouanwright/gh-comment/cmd/list.go:447.9,447.38 1 1
github.com/silouanwright/gh-comment/cmd/list.go:447.38,449.4 1 1
github.com/silouanwright/gh-comment/cmd/list.go:449.9,451.4 1 0
github.com/silouanwright/gh-comment/cmd/list.go:455.2,455.28 1 1
github.com/silouanwright/gh-comment/cmd/list.go:455.28,458.41 3 1
github.com/silouanwright/gh-comment/cmd/list.go:458.41,460.4 1 1
github.com/silouanwright/gh-comment/cmd/list.go:461.3,461.16 1 1
github.com/silouanwright/gh-comment/cmd/list.go:465.2,465.29 1 1
github.com/silouanwright/gh-comment/cmd/list.go:465.29,468.42 3 1
github.com/silouanwright/gh-comment/cmd/list.go:468.42,470.4 1 1
github.com/silouanwright/gh-comment/cmd/list.go:471.3,471.16 1 1
github.com/silouanwright/gh-comment/cmd/list.go:475.2,475.27 1 1
github.com/silouanwright/gh-comment/cmd/list.go:475.27,478.40 3 0
github.com/silouanwright/gh-comment/cmd/list.go:478.40,480.4 1 0
github.com/silouanwright/gh-comment/cmd/list.go:484.49,487.17 2 1
github.com/silouanwright/gh-comment/cmd/list.go:487.17,489.3 1 0
github.com/silouanwright/gh-comment/cmd/list.go:489.8,491.3 1 1
github.com/silouanwright/gh-comment/cmd/list.go:494.2,494.53 1 1
github.com/silouanwright/gh-comment/cmd/list.go:494.53,496.24 2 0
github.com/silouanwright/gh-comment/cmd/list.go:497.19,498.22 1 0
github.com/silouanwright/gh-comment/cmd/list.go:499.28,500.23 1 0
github.com/silouanwright/gh-comment/cmd/list.go:501.20,502.23 1 0
github.com/silouanwright/gh-comment/cmd/list.go:504.3,504.50 1 0
github.com/silouanwright/gh-comment/cmd/list.go:506.2,509.24 2 1
github.com/silouanwright/gh-comment/cmd/list.go:509.24,511.65 2 1
github.com/silouanwright/gh-comment/cmd/list.go:511.65,513.4 1 0
github.com/silouanwright/gh-comment/cmd/list.go:514.3,517.29 2 1
github.com/silouanwright/gh-comment/cmd/list.go:517.29,520.4 2 0
github.com/silouanwright/gh-comment/cmd/list.go:524.2,525.21 2 1
github.com/silouanwright/gh-comment/cmd/list.go:525.21,527.3 1 0
github.com/silouanwright/gh-comment/cmd/list.go:530.2,531.29 2 1
github.com/silouanwright/gh-comment/cmd/list.go:531.29,533.3 1 1
github.com/silouanwright/gh-comment/cmd/list.go:536.2,536.12 1 1
github.com/silouanwright/gh-comment/cmd/list.go:536.12,538.3 1 1
github.com/silouanwright/gh-comment/cmd/list.go:540.2,540.15 1 1
github.com/silouanwright/gh-comment/cmd/list.go:543.40,547.24 3 1
github.com/silouanwright/gh-comment/cmd/list.go:547.24,549.3 1 1
github.com/silouanwright/gh-comment/cmd/list.go:549.8,549.29 1 1
github.com/silouanwright/gh-comment/cmd/list.go:549.29,551.19 2 1
github.com/silouanwright/gh-comment/cmd/list.go:551.19,553.4 1 1
github.com/silouanwright/gh-comment/cmd/list.go:554.3,554.48 1 1
github.com/silouanwright/gh-comment/cmd/list.go:555.8,555.32 1 1
github.com/silouanwright/gh-comment/cmd/list.go:555.32,557.17 2 1
github.com/silouanwright/gh-comment/cmd/list.go:557.17,559.4 1 1
github.com/silouanwright/gh-comment/cmd/list.go:560.3,560.44 1 1
github.com/silouanwright/gh-comment/cmd/list.go:561.8,563.16 2 1
github.com/silouanwright/gh-comment/cmd/list.go:563.16,565.4 1 1
github.com/silouanwright/gh-comment/cmd/list.go:565.9,565.22 1 1
github.com/silouanwright/gh-comment/cmd/list.go:565.22,567.4 1 1
github.com/silouanwright/gh-comment/cmd/list.go:567.9,569.4 1 1
github.com/silouanwright/gh-comment/cmd/list.go:573.39,577.29 2 1
github.com/silouanwright/gh-comment/cmd/list.go:577.29,578.17 1 1
github.com/silouanwright/gh-comment/cmd/list.go:578.17,579.12 1 1
github.com/silouanwright/gh-comment/cmd/list.go:583.3,583.36 1 1
github.com/silouanwright/gh-comment/cmd/list.go:583.36,586.4 1 1
github.com/silouanwright/gh-comment/cmd/list.go:586.9,586.42 1 1
github.com/silouanwright/gh-comment/cmd/list.go:586.42,589.4 1 1
github.com/silouanwright/gh-comment/cmd/list.go:589.9,589.42 1 1
github.com/silouanwright/gh-comment/cmd/list.go:589.42,592.4 1 1
github.com/silouanwright/gh-comment/cmd/list.go:592.9,595.4 1 1
github.com/silouanwright/gh-comment/cmd/list.go:597.2,597.15 1 1
github.com/silouanwright/gh-comment/cmd/reply.go:58.13,66.2 6 1
github.com/silouanwright/gh-comment/cmd/reply.go:68.56,70.24 1 1
github.com/silouanwright/gh-comment/cmd/reply.go:70.24,72.3 1 1
github.com/silouanwright/gh-comment/cmd/reply.go:75.2,77.16 3 1
github.com/silouanwright/gh-comment/cmd/reply.go:77.16,79.3 1 1
github.com/silouanwright/gh-comment/cmd/reply.go:84.2,85.19 2 1
github.com/silouanwright/gh-comment/cmd/reply.go:85.19,87.3 1 1
github.com/silouanwright/gh-comment/cmd/reply.go:90.2,90.85 1 1
github.com/silouanwright/gh-comment/cmd/reply.go:90.85,92.3 1 1
github.com/silouanwright/gh-comment/cmd/reply.go:95.2,95.44 1 1
github.com/silouanwright/gh-comment/cmd/reply.go:95.44,97.3 1 1
github.com/silouanwright/gh-comment/cmd/reply.go:100.2,100.51 1 1
github.com/silouanwright/gh-comment/cmd/reply.go:100.51,102.3 1 1
github.com/silouanwright/gh-comment/cmd/reply.go:105.2,105.63 1 1
github.com/silouanwright/gh-comment/cmd/reply.go:105.63,107.3 1 1
github.com/silouanwright/gh-comment/cmd/reply.go:110.2,110.55 1 1
github.com/silouanwright/gh-comment/cmd/reply.go:110.55,112.3 1 1
github.com/silouanwright/gh-comment/cmd/reply.go:115.2,116.16 2 1
github.com/silouanwright/gh-comment/cmd/reply.go:116.16,118.3 1 1
github.com/silouanwright/gh-comment/cmd/reply.go:121.2,122.21 2 1
github.com/silouanwright/gh-comment/cmd/reply.go:122.21,124.3 1 0
github.com/silouanwright/gh-comment/cmd/reply.go:125.2,127.13 2 1
github.com/silouanwright/gh-comment/cmd/reply.go:127.13,131.20 4 0
github.com/silouanwright/gh-comment/cmd/reply.go:131.20,133.4 1 0
github.com/silouanwright/gh-comment/cmd/reply.go:134.3,134.21 1 0
github.com/silouanwright/gh-comment/cmd/reply.go:134.21,136.4 1 0
github.com/silouanwright/gh-comment/cmd/reply.go:137.3,137.27 1 0
github.com/silouanwright/gh-comment/cmd/reply.go:137.27,139.4 1 0
github.com/silouanwright/gh-comment/cmd/reply.go:140.3,140.26 1 0
github.com/silouanwright/gh-comment/cmd/reply.go:140.26,142.4 1 0
github.com/silouanwright/gh-comment/cmd/reply.go:143.3,143.16 1 0
github.com/silouanwright/gh-comment/cmd/reply.go:146.2,146.12 1 1
github.com/silouanwright/gh-comment/cmd/reply.go:146.12,148.20 2 0
github.com/silouanwright/gh-comment/cmd/reply.go:148.20,150.4 1 0
github.com/silouanwright/gh-comment/cmd/reply.go:151.3,151.21 1 0
github.com/silouanwright/gh-comment/cmd/reply.go:151.21,153.4 1 0
github.com/silouanwright/gh-comment/cmd/reply.go:154.3,154.27 1 0
github.com/silouanwright/gh-comment/cmd/reply.go:154.27,156.4 1 0
github.com/silouanwright/gh-comment/cmd/reply.go:157.3,157.26 1 0
github.com/silouanwright/gh-comment/cmd/reply.go:157.26,159.4 1 0
github.com/silouanwright/gh-comment/cmd/reply.go:160.3,160.13 1 0
github.com/silouanwright/gh-comment/cmd/reply.go:164.2,164.20 1 1
github.com/silouanwright/gh-comment/cmd/reply.go:164.20,166.17 2 1
github.com/silouanwright/gh-comment/cmd/reply.go:166.17,168.4 1 0
github.com/silouanwright/gh-comment/cmd/reply.go:169.3,169.76 1 1
github.com/silouanwright/gh-comment/cmd/reply.go:173.2,173.26 1 1
github.com/silouanwright/gh-comment/cmd/reply.go:173.26,175.17 2 1
github.com/silouanwright/gh-comment/cmd/reply.go:175.17,177.4 1 0
github.com/silouanwright/gh-comment/cmd/reply.go:178.3,178.86 1 1
github.com/silouanwright/gh-comment/cmd/reply.go:182.2,182.19 1 1
github.com/silouanwright/gh-comment/cmd/reply.go:182.19,184.32 1 1
github.com/silouanwright/gh-comment/cmd/reply.go:184.32,186.4 1 1
github.com/silouanwright/gh-comment/cmd/reply.go:188.3,189.29 2 1
github.com/silouanwright/gh-comment/cmd/reply.go:189.29,193.18 2 0
github.com/silouanwright/gh-comment/cmd/reply.go:193.18,195.5 1 0
github.com/silouanwright/gh-comment/cmd/reply.go:196.4,196.76 1 0
github.com/silouanwright/gh-comment/cmd/reply.go:197.9,200.4 1 1
github.com/silouanwright/gh-comment/cmd/reply.go:202.3,202.17 1 1
github.com/silouanwright/gh-comment/cmd/reply.go:202.17,204.4 1 0
github.com/silouanwright/gh-comment/cmd/reply.go:205.3,205.69 1 1
github.com/silouanwright/gh-comment/cmd/reply.go:209.2,209.25 1 1
github.com/silouanwright/gh-comment/cmd/reply.go:209.25,210.29 1 0
github.com/silouanwright/gh-comment/cmd/reply.go:210.29,212.4 1 0
github.com/silouanwright/gh-comment/cmd/reply.go:215.3,216.17 2 0
github.com/silouanwright/gh-comment/cmd/reply.go:216.17,218.4 1 0
github.com/silouanwright/gh-comment/cmd/reply.go:221.3,222.17 2 0
github.com/silouanwright/gh-comment/cmd/reply.go:222.17,224.4 1 0
github.com/silouanwright/gh-comment/cmd/reply.go:225.3,225.71 1 0
github.com/silouanwright/gh-comment/cmd/reply.go:228.2,228.12 1 1
github.com/silouanwright/gh-comment/cmd/reply.go:231.45,233.39 2 1
github.com/silouanwright/gh-comment/cmd/reply.go:233.39,234.24 1 1
github.com/silouanwright/gh-comment/cmd/reply.go:234.24,236.4 1 1
github.com/silouanwright/gh-comment/cmd/reply.go:238.2,238.14 1 1
github.com/silouanwright/gh-comment/cmd/resolve.go:35.13,37.2 1 1
github.com/silouanwright/gh-comment/cmd/resolve.go:39.58,41.26 1 1
github.com/silouanwright/gh-comment/cmd/resolve.go:41.26,43.3 1 1
github.com/silouanwright/gh-comment/cmd/resolve.go:46.2,47.16 2 1
github.com/silouanwright/gh-comment/cmd/resolve.go:47.16,49.3 1 1
github.com/silouanwright/gh-comment/cmd/resolve.go:52.2,53.16 2 1
github.com/silouanwright/gh-comment/cmd/resolve.go:53.16,55.3 1 0
github.com/silouanwright/gh-comment/cmd/resolve.go:58.2,59.21 2 1
github.com/silouanwright/gh-comment/cmd/resolve.go:59.21,61.3 1 1
github.com/silouanwright/gh-comment/cmd/resolve.go:62.2,64.13 2 1
github.com/silouanwright/gh-comment/cmd/resolve.go:64.13,69.3 4 1
github.com/silouanwright/gh-comment/cmd/resolve.go:71.2,71.12 1 1
github.com/silouanwright/gh-comment/cmd/resolve.go:71.12,74.3 2 1
github.com/silouanwright/gh-comment/cmd/resolve.go:77.2,78.16 2 1
github.com/silouanwright/gh-comment/cmd/resolve.go:78.16,80.3 1 1
github.com/silouanwright/gh-comment/cmd/resolve.go:83.2,84.16 2 1
github.com/silouanwright/gh-comment/cmd/resolve.go:84.16,86.3 1 1
github.com/silouanwright/gh-comment/cmd/resolve.go:88.2,89.12 2 1
github.com/silouanwright/gh-comment/cmd/review.go:65.13,69.2 3 1
github.com/silouanwright/gh-comment/cmd/review.go:71.57,73.25 1 1
github.com/silouanwright/gh-comment/cmd/review.go:73.25,75.3 1 0
github.com/silouanwright/gh-comment/cmd/review.go:77.2,82.20 4 1
github.com/silouanwright/gh-comment/cmd/review.go:82.20,85.17 2 1
github.com/silouanwright/gh-comment/cmd/review.go:85.17,87.4 1 1
github.com/silouanwright/gh-comment/cmd/review.go:88.3,88.17 1 1
github.com/silouanwright/gh-comment/cmd/review.go:89.8,89.27 1 1
github.com/silouanwright/gh-comment/cmd/review.go:89.27,91.54 1 1
github.com/silouanwright/gh-comment/cmd/review.go:91.54,94.4 1 1
github.com/silouanwright/gh-comment/cmd/review.go:94.9,97.18 2 1
github.com/silouanwright/gh-comment/cmd/review.go:97.18,99.5 1 0
github.com/silouanwright/gh-comment/cmd/review.go:100.4,100.18 1 1
github.com/silouanwright/gh-comment/cmd/review.go:105.2,107.41 3 1
github.com/silouanwright/gh-comment/cmd/review.go:107.41,108.36 1 1
github.com/silouanwright/gh-comment/cmd/review.go:108.36,110.9 2 1
github.com/silouanwright/gh-comment/cmd/review.go:113.2,113.19 1 1
github.com/silouanwright/gh-comment/cmd/review.go:113.19,115.3 1 1
github.com/silouanwright/gh-comment/cmd/review.go:118.2,118.48 1 1
github.com/silouanwright/gh-comment/cmd/review.go:118.48,120.3 1 1
github.com/silouanwright/gh-comment/cmd/review.go:123.2,124.16 2 1
github.com/silouanwright/gh-comment/cmd/review.go:124.16,126.3 1 0
github.com/silouanwright/gh-comment/cmd/review.go:129.2,130.21 2 1
github.com/silouanwright/gh-comment/cmd/review.go:130.21,132.3 1 1
github.com/silouanwright/gh-comment/cmd/review.go:133.2,135.13 2 1
github.com/silouanwright/gh-comment/cmd/review.go:135.13,142.3 6 1
github.com/silouanwright/gh-comment/cmd/review.go:144.2,144.12 1 1
github.com/silouanwright/gh-comment/cmd/review.go:144.12,149.46 5 1
github.com/silouanwright/gh-comment/cmd/review.go:149.46,151.4 1 1
github.com/silouanwright/gh-comment/cmd/review.go:152.3,152.13 1 1
github.com/silouanwright/gh-comment/cmd/review.go:156.2,157.16 2 1
github.com/silouanwright/gh-comment/cmd/review.go:157.16,159.3 1 0
github.com/silouanwright/gh-comment/cmd/review.go:161.2,162.9 2 1
github.com/silouanwright/gh-comment/cmd/review.go:162.9,164.3 1 0
github.com/silouanwright/gh-comment/cmd/review.go:167.2,168.49 2 1
github.com/silouanwright/gh-comment/cmd/review.go:168.49,170.17 2 1
github.com/silouanwright/gh-comment/cmd/review.go:170.17,172.4 1 1
github.com/silouanwright/gh-comment/cmd/review.go:173.3,173.66 1 1
github.com/silouanwright/gh-comment/cmd/review.go:177.2,184.16 3 1
github.com/silouanwright/gh-comment/cmd/review.go:184.16,186.3 1 0
github.com/silouanwright/gh-comment/cmd/review.go:189.2,190.25 2 1
github.com/silouanwright/gh-comment/cmd/review.go:191.17,192.25 1 1
github.com/silouanwright/gh-comment/cmd/review.go:193.25,194.34 1 1
github.com/silouanwright/gh-comment/cmd/review.go:195.17,196.29 1 1
github.com/silouanwright/gh-comment/cmd/review.go:199.2,200.34 2 1
github.com/silouanwright/gh-comment/cmd/review.go:200.34,202.3 1 1
github.com/silouanwright/gh-comment/cmd/review.go:203.2,205.12 2 1
github.com/silouanwright/gh-comment/cmd/review.go:210.88,212.20 2 1
github.com/silouanwright/gh-comment/cmd/review.go:212.20,214.3 1 1
github.com/silouanwright/gh-comment/cmd/review.go:216.2,220.20 4 1
github.com/silouanwright/gh-comment/cmd/review.go:220.20,222.3 1 1
github.com/silouanwright/gh-comment/cmd/review.go:223.2,223.19 1 1
github.com/silouanwright/gh-comment/cmd/review.go:223.19,225.3 1 1
github.com/silouanwright/gh-comment/cmd/review.go:227.2,234.37 2 1
github.com/silouanwright/gh-comment/cmd/review.go:234.37,237.27 2 1
github.com/silouanwright/gh-comment/cmd/review.go:237.27,239.4 1 1
github.com/silouanwright/gh-comment/cmd/review.go:241.3,242.17 2 1
github.com/silouanwright/gh-comment/cmd/review.go:242.17,244.4 1 1
github.com/silouanwright/gh-comment/cmd/review.go:246.3,247.17 2 1
github.com/silouanwright/gh-comment/cmd/review.go:247.17,249.4 1 1
github.com/silouanwright/gh-comment/cmd/review.go:251.3,251.37 1 1
github.com/silouanwright/gh-comment/cmd/review.go:251.37,253.4 1 1
github.com/silouanwright/gh-comment/cmd/review.go:255.3,255.26 1 1
github.com/silouanwright/gh-comment/cmd/review.go:255.26,257.4 1 1
github.com/silouanwright/gh-comment/cmd/review.go:259.3,260.25 2 1
github.com/silouanwright/gh-comment/cmd/review.go:261.8,264.17 2 1
github.com/silouanwright/gh-comment/cmd/review.go:264.17,266.4 1 1
github.com/silouanwright/gh-comment/cmd/review.go:268.3,268.16 1 1
github.com/silouanwright/gh-comment/cmd/review.go:268.16,270.4 1 1
github.com/silouanwright/gh-comment/cmd/review.go:272.3,272.22 1 1
github.com/silouanwright/gh-comment/cmd/review.go:275.2,275.21 1 1
github.com/silouanwright/gh-comment/cmd/root.go:132.22,134.2 1 1
github.com/silouanwright/gh-comment/cmd/root.go:136.13,144.2 5 1
github.com/silouanwright/gh-comment/cmd/root.go:147.39,148.16 1 1
github.com/silouanwright/gh-comment/cmd/root.go:148.16,150.3 1 1
github.com/silouanwright/gh-comment/cmd/root.go:153.2,154.16 2 1
github.com/silouanwright/gh-comment/cmd/root.go:154.16,156.3 1 0
github.com/silouanwright/gh-comment/cmd/root.go:158.2,158.48 1 1
github.com/silouanwright/gh-comment/cmd/root.go:162.34,163.19 1 1
github.com/silouanwright/gh-comment/cmd/root.go:163.19,165.3 1 1
github.com/silouanwright/gh-comment/cmd/root.go:168.2,169.16 2 1
github.com/silouanwright/gh-comment/cmd/root.go:169.16,171.3 1 1
github.com/silouanwright/gh-comment/cmd/root.go:173.2,175.16 3 0
github.com/silouanwright/gh-comment/cmd/root.go:175.16,177.3 1 0
github.com/silouanwright/gh-comment/cmd/root.go:179.2,179.16 1 0
github.com/silouanwright/gh-comment/cmd/submit-review.go:48.13,52.2 3 1
github.com/silouanwright/gh-comment/cmd/submit-review.go:54.63,56.25 1 1
github.com/silouanwright/gh-comment/cmd/submit-review.go:56.25,58.3 1 0
github.com/silouanwright/gh-comment/cmd/submit-review.go:60.2,65.20 4 1
github.com/silouanwright/gh-comment/cmd/submit-review.go:65.20,68.17 2 1
github.com/silouanwright/gh-comment/cmd/submit-review.go:68.17,70.4 1 1
github.com/silouanwright/gh-comment/cmd/submit-review.go:71.3,71.17 1 1
github.com/silouanwright/gh-comment/cmd/submit-review.go:72.8,72.27 1 1
github.com/silouanwright/gh-comment/cmd/submit-review.go:72.27,74.54 1 1
github.com/silouanwright/gh-comment/cmd/submit-review.go:74.54,77.4 1 1
github.com/silouanwright/gh-comment/cmd/submit-review.go:77.9,80.18 2 1
github.com/silouanwright/gh-comment/cmd/submit-review.go:80.18,82.5 1 0
github.com/silouanwright/gh-comment/cmd/submit-review.go:83.4,84.18 2 1
github.com/silouanwright/gh-comment/cmd/submit-review.go:86.8,89.17 2 1
github.com/silouanwright/gh-comment/cmd/submit-review.go:89.17,91.4 1 0
github.com/silouanwright/gh-comment/cmd/submit-review.go:92.3,92.13 1 1
github.com/silouanwright/gh-comment/cmd/submit-review.go:96.2,96.22 1 1
github.com/silouanwright/gh-comment/cmd/submit-review.go:96.22,98.3 1 1
github.com/silouanwright/gh-comment/cmd/submit-review.go:101.2,103.41 3 1
github.com/silouanwright/gh-comment/cmd/submit-review.go:103.41,104.32 1 1
github.com/silouanwright/gh-comment/cmd/submit-review.go:104.32,106.9 2 1
github.com/silouanwright/gh-comment/cmd/submit-review.go:109.2,109.19 1 1
github.com/silouanwright/gh-comment/cmd/submit-review.go:109.19,111.3 1 1
github.com/silouanwright/gh-comment/cmd/submit-review.go:114.2,115.16 2 1
github.com/silouanwright/gh-comment/cmd/submit-review.go:115.16,117.3 1 0
github.com/silouanwright/gh-comment/cmd/submit-review.go:120.2,121.21 2 1
github.com/silouanwright/gh-comment/cmd/submit-review.go:121.21,123.3 1 1
github.com/silouanwright/gh-comment/cmd/submit-review.go:124.2,126.13 2 1
github.com/silouanwright/gh-comment/cmd/submit-review.go:126.13,132.3 5 1
github.com/silouanwright/gh-comment/cmd/submit-review.go:134.2,134.12 1 1
github.com/silouanwright/gh-comment/cmd/submit-review.go:134.12,139.3 4 1
github.com/silouanwright/gh-comment/cmd/submit-review.go:142.2,143.16 2 1
github.com/silouanwright/gh-comment/cmd/submit-review.go:143.16,145.3 1 1
github.com/silouanwright/gh-comment/cmd/submit-review.go:147.2,147.19 1 1
github.com/silouanwright/gh-comment/cmd/submit-review.go:147.19,149.3 1 1
github.com/silouanwright/gh-comment/cmd/submit-review.go:151.2,151.13 1 1
github.com/silouanwright/gh-comment/cmd/submit-review.go:151.13,153.3 1 1
github.com/silouanwright/gh-comment/cmd/submit-review.go:156.2,157.16 2 1
github.com/silouanwright/gh-comment/cmd/submit-review.go:157.16,159.3 1 1
github.com/silouanwright/gh-comment/cmd/submit-review.go:162.2,163.21 2 1
github.com/silouanwright/gh-comment/cmd/submit-review.go:164.17,165.25 1 1
github.com/silouanwright/gh-comment/cmd/submit-review.go:166.25,167.34 1 1
github.com/silouanwright/gh-comment/cmd/submit-review.go:168.17,169.26 1 1
github.com/silouanwright/gh-comment/cmd/submit-review.go:172.2,173.12 2 1
github.com/silouanwright/gh-comment/cmd/suggestions.go:9.47,17.2 3 1
github.com/silouanwright/gh-comment/cmd/suggestions.go:20.53,24.68 2 1
github.com/silouanwright/gh-comment/cmd/suggestions.go:24.68,27.26 2 1
github.com/silouanwright/gh-comment/cmd/suggestions.go:27.26,29.4 1 0
github.com/silouanwright/gh-comment/cmd/suggestions.go:31.3,32.52 2 1
github.com/silouanwright/gh-comment/cmd/suggestions.go:37.56,41.68 2 1
github.com/silouanwright/gh-comment/cmd/suggestions.go:41.68,44.26 2 1
github.com/silouanwright/gh-comment/cmd/suggestions.go:44.26,46.4 1 0
github.com/silouanwright/gh-comment/cmd/suggestions.go:48.3,49.52 2 1
