mode: set
github.com/silouanwright/gh-comment/cmd/add.go:57.13,61.2 3 1
github.com/silouanwright/gh-comment/cmd/add.go:63.54,65.22 1 1
github.com/silouanwright/gh-comment/cmd/add.go:65.22,67.17 2 0
github.com/silouanwright/gh-comment/cmd/add.go:67.17,69.4 1 0
github.com/silouanwright/gh-comment/cmd/add.go:70.3,70.21 1 0
github.com/silouanwright/gh-comment/cmd/add.go:73.2,79.23 5 1
github.com/silouanwright/gh-comment/cmd/add.go:79.23,81.21 1 1
github.com/silouanwright/gh-comment/cmd/add.go:81.21,84.18 2 1
github.com/silouanwright/gh-comment/cmd/add.go:84.18,86.5 1 1
github.com/silouanwright/gh-comment/cmd/add.go:88.4,89.18 2 1
github.com/silouanwright/gh-comment/cmd/add.go:89.18,91.5 1 0
github.com/silouanwright/gh-comment/cmd/add.go:92.9,92.28 1 1
github.com/silouanwright/gh-comment/cmd/add.go:92.28,95.18 2 0
github.com/silouanwright/gh-comment/cmd/add.go:95.18,97.5 1 0
github.com/silouanwright/gh-comment/cmd/add.go:98.9,100.4 1 1
github.com/silouanwright/gh-comment/cmd/add.go:101.3,101.41 1 1
github.com/silouanwright/gh-comment/cmd/add.go:102.8,102.27 1 1
github.com/silouanwright/gh-comment/cmd/add.go:102.27,105.17 2 1
github.com/silouanwright/gh-comment/cmd/add.go:105.17,107.4 1 1
github.com/silouanwright/gh-comment/cmd/add.go:108.3,111.17 3 1
github.com/silouanwright/gh-comment/cmd/add.go:111.17,113.4 1 0
github.com/silouanwright/gh-comment/cmd/add.go:114.8,114.27 1 1
github.com/silouanwright/gh-comment/cmd/add.go:114.27,117.17 2 1
github.com/silouanwright/gh-comment/cmd/add.go:117.17,119.4 1 0
github.com/silouanwright/gh-comment/cmd/add.go:120.3,120.20 1 1
github.com/silouanwright/gh-comment/cmd/add.go:121.8,123.3 1 1
github.com/silouanwright/gh-comment/cmd/add.go:126.2,126.38 1 1
github.com/silouanwright/gh-comment/cmd/add.go:126.38,128.3 1 1
github.com/silouanwright/gh-comment/cmd/add.go:131.2,132.25 2 1
github.com/silouanwright/gh-comment/cmd/add.go:132.25,134.3 1 0
github.com/silouanwright/gh-comment/cmd/add.go:134.8,136.3 1 1
github.com/silouanwright/gh-comment/cmd/add.go:138.2,138.13 1 1
github.com/silouanwright/gh-comment/cmd/add.go:138.13,144.3 5 0
github.com/silouanwright/gh-comment/cmd/add.go:146.2,146.12 1 1
github.com/silouanwright/gh-comment/cmd/add.go:146.12,149.3 2 0
github.com/silouanwright/gh-comment/cmd/add.go:152.2,153.21 2 1
github.com/silouanwright/gh-comment/cmd/add.go:153.21,155.3 1 0
github.com/silouanwright/gh-comment/cmd/add.go:156.2,160.16 3 1
github.com/silouanwright/gh-comment/cmd/add.go:160.16,162.3 1 0
github.com/silouanwright/gh-comment/cmd/add.go:165.2,166.53 2 1
github.com/silouanwright/gh-comment/cmd/add.go:166.53,168.3 1 1
github.com/silouanwright/gh-comment/cmd/add.go:169.2,171.12 2 1
github.com/silouanwright/gh-comment/cmd/batch.go:67.13,69.2 1 1
github.com/silouanwright/gh-comment/cmd/batch.go:71.56,73.24 1 1
github.com/silouanwright/gh-comment/cmd/batch.go:73.24,75.17 2 0
github.com/silouanwright/gh-comment/cmd/batch.go:75.17,77.4 1 0
github.com/silouanwright/gh-comment/cmd/batch.go:78.3,78.23 1 0
github.com/silouanwright/gh-comment/cmd/batch.go:82.2,84.16 3 1
github.com/silouanwright/gh-comment/cmd/batch.go:84.16,86.3 1 1
github.com/silouanwright/gh-comment/cmd/batch.go:89.2,91.16 3 1
github.com/silouanwright/gh-comment/cmd/batch.go:91.16,93.3 1 1
github.com/silouanwright/gh-comment/cmd/batch.go:96.2,96.20 1 1
github.com/silouanwright/gh-comment/cmd/batch.go:96.20,98.3 1 1
github.com/silouanwright/gh-comment/cmd/batch.go:100.2,101.23 2 1
github.com/silouanwright/gh-comment/cmd/batch.go:101.23,103.3 1 1
github.com/silouanwright/gh-comment/cmd/batch.go:106.2,106.22 1 1
github.com/silouanwright/gh-comment/cmd/batch.go:106.22,108.17 2 0
github.com/silouanwright/gh-comment/cmd/batch.go:108.17,110.4 1 0
github.com/silouanwright/gh-comment/cmd/batch.go:114.2,115.21 2 1
github.com/silouanwright/gh-comment/cmd/batch.go:115.21,117.3 1 1
github.com/silouanwright/gh-comment/cmd/batch.go:118.2,120.13 2 1
github.com/silouanwright/gh-comment/cmd/batch.go:120.13,125.27 5 1
github.com/silouanwright/gh-comment/cmd/batch.go:125.27,127.4 1 0
github.com/silouanwright/gh-comment/cmd/batch.go:128.3,128.16 1 1
github.com/silouanwright/gh-comment/cmd/batch.go:131.2,131.12 1 1
github.com/silouanwright/gh-comment/cmd/batch.go:131.12,133.43 2 1
github.com/silouanwright/gh-comment/cmd/batch.go:133.43,135.4 1 1
github.com/silouanwright/gh-comment/cmd/batch.go:136.3,136.27 1 1
github.com/silouanwright/gh-comment/cmd/batch.go:136.27,138.4 1 0
github.com/silouanwright/gh-comment/cmd/batch.go:139.3,139.13 1 1
github.com/silouanwright/gh-comment/cmd/batch.go:143.2,143.71 1 1
github.com/silouanwright/gh-comment/cmd/batch.go:146.63,149.16 2 1
github.com/silouanwright/gh-comment/cmd/batch.go:149.16,151.3 1 0
github.com/silouanwright/gh-comment/cmd/batch.go:154.2,156.16 3 1
github.com/silouanwright/gh-comment/cmd/batch.go:156.16,158.3 1 1
github.com/silouanwright/gh-comment/cmd/batch.go:161.2,161.55 1 1
github.com/silouanwright/gh-comment/cmd/batch.go:161.55,163.3 1 1
github.com/silouanwright/gh-comment/cmd/batch.go:166.2,166.42 1 1
github.com/silouanwright/gh-comment/cmd/batch.go:166.42,167.25 1 1
github.com/silouanwright/gh-comment/cmd/batch.go:167.25,169.4 1 1
github.com/silouanwright/gh-comment/cmd/batch.go:170.3,170.28 1 1
github.com/silouanwright/gh-comment/cmd/batch.go:170.28,172.4 1 1
github.com/silouanwright/gh-comment/cmd/batch.go:173.3,173.47 1 1
github.com/silouanwright/gh-comment/cmd/batch.go:173.47,175.4 1 1
github.com/silouanwright/gh-comment/cmd/batch.go:176.3,176.47 1 1
github.com/silouanwright/gh-comment/cmd/batch.go:176.47,178.4 1 1
github.com/silouanwright/gh-comment/cmd/batch.go:179.3,179.80 1 1
github.com/silouanwright/gh-comment/cmd/batch.go:179.80,181.4 1 1
github.com/silouanwright/gh-comment/cmd/batch.go:185.2,185.26 1 1
github.com/silouanwright/gh-comment/cmd/batch.go:185.26,186.32 1 1
github.com/silouanwright/gh-comment/cmd/batch.go:186.32,189.43 3 1
github.com/silouanwright/gh-comment/cmd/batch.go:189.43,190.42 1 1
github.com/silouanwright/gh-comment/cmd/batch.go:190.42,192.11 2 1
github.com/silouanwright/gh-comment/cmd/batch.go:195.4,195.16 1 1
github.com/silouanwright/gh-comment/cmd/batch.go:195.16,197.5 1 1
github.com/silouanwright/gh-comment/cmd/batch.go:201.2,201.21 1 1
github.com/silouanwright/gh-comment/cmd/batch.go:204.107,206.26 1 1
github.com/silouanwright/gh-comment/cmd/batch.go:206.26,208.3 1 1
github.com/silouanwright/gh-comment/cmd/batch.go:211.2,211.76 1 1
github.com/silouanwright/gh-comment/cmd/batch.go:214.102,218.42 2 1
github.com/silouanwright/gh-comment/cmd/batch.go:218.42,219.30 1 1
github.com/silouanwright/gh-comment/cmd/batch.go:219.30,221.15 1 1
github.com/silouanwright/gh-comment/cmd/batch.go:221.15,223.5 1 0
github.com/silouanwright/gh-comment/cmd/batch.go:224.4,225.18 2 1
github.com/silouanwright/gh-comment/cmd/batch.go:225.18,227.5 1 0
github.com/silouanwright/gh-comment/cmd/batch.go:228.4,228.12 1 1
github.com/silouanwright/gh-comment/cmd/batch.go:234.3,241.26 2 1
github.com/silouanwright/gh-comment/cmd/batch.go:241.26,243.18 2 0
github.com/silouanwright/gh-comment/cmd/batch.go:243.18,245.5 1 0
github.com/silouanwright/gh-comment/cmd/batch.go:246.4,247.32 2 0
github.com/silouanwright/gh-comment/cmd/batch.go:248.9,250.4 1 1
github.com/silouanwright/gh-comment/cmd/batch.go:253.3,253.19 1 1
github.com/silouanwright/gh-comment/cmd/batch.go:253.19,254.86 1 0
github.com/silouanwright/gh-comment/cmd/batch.go:254.86,256.5 1 0
github.com/silouanwright/gh-comment/cmd/batch.go:259.3,259.57 1 1
github.com/silouanwright/gh-comment/cmd/batch.go:263.2,269.29 2 1
github.com/silouanwright/gh-comment/cmd/batch.go:269.29,271.3 1 0
github.com/silouanwright/gh-comment/cmd/batch.go:273.2,274.16 2 1
github.com/silouanwright/gh-comment/cmd/batch.go:274.16,276.3 1 0
github.com/silouanwright/gh-comment/cmd/batch.go:278.2,279.12 2 1
github.com/silouanwright/gh-comment/cmd/batch.go:282.117,285.35 2 1
github.com/silouanwright/gh-comment/cmd/batch.go:285.35,286.14 1 1
github.com/silouanwright/gh-comment/cmd/batch.go:286.14,288.4 1 1
github.com/silouanwright/gh-comment/cmd/batch.go:290.3,291.24 2 1
github.com/silouanwright/gh-comment/cmd/batch.go:291.24,293.4 1 1
github.com/silouanwright/gh-comment/cmd/batch.go:295.3,296.29 2 1
github.com/silouanwright/gh-comment/cmd/batch.go:296.29,298.4 1 0
github.com/silouanwright/gh-comment/cmd/batch.go:298.9,309.27 2 1
github.com/silouanwright/gh-comment/cmd/batch.go:309.27,311.19 2 1
github.com/silouanwright/gh-comment/cmd/batch.go:311.19,313.6 1 0
github.com/silouanwright/gh-comment/cmd/batch.go:314.5,315.33 2 1
github.com/silouanwright/gh-comment/cmd/batch.go:316.10,318.5 1 1
github.com/silouanwright/gh-comment/cmd/batch.go:321.4,321.20 1 1
github.com/silouanwright/gh-comment/cmd/batch.go:321.20,322.87 1 0
github.com/silouanwright/gh-comment/cmd/batch.go:322.87,324.6 1 0
github.com/silouanwright/gh-comment/cmd/batch.go:327.4,327.65 1 1
github.com/silouanwright/gh-comment/cmd/batch.go:330.3,330.17 1 1
github.com/silouanwright/gh-comment/cmd/batch.go:330.17,332.4 1 0
github.com/silouanwright/gh-comment/cmd/batch.go:334.3,334.17 1 1
github.com/silouanwright/gh-comment/cmd/batch.go:337.2,338.12 2 1
github.com/silouanwright/gh-comment/cmd/batch.go:342.54,343.25 1 1
github.com/silouanwright/gh-comment/cmd/batch.go:343.25,345.3 1 1
github.com/silouanwright/gh-comment/cmd/batch.go:346.2,346.40 1 1
github.com/silouanwright/gh-comment/cmd/batch.go:349.57,350.28 1 1
github.com/silouanwright/gh-comment/cmd/batch.go:350.28,352.3 1 1
github.com/silouanwright/gh-comment/cmd/batch.go:353.2,353.35 1 1
github.com/silouanwright/gh-comment/cmd/batch.go:356.70,358.21 2 1
github.com/silouanwright/gh-comment/cmd/batch.go:358.21,360.3 1 1
github.com/silouanwright/gh-comment/cmd/batch.go:362.2,363.16 2 1
github.com/silouanwright/gh-comment/cmd/batch.go:363.16,365.3 1 1
github.com/silouanwright/gh-comment/cmd/batch.go:367.2,368.16 2 1
github.com/silouanwright/gh-comment/cmd/batch.go:368.16,370.3 1 1
github.com/silouanwright/gh-comment/cmd/batch.go:372.2,372.36 1 1
github.com/silouanwright/gh-comment/cmd/batch.go:372.36,374.3 1 1
github.com/silouanwright/gh-comment/cmd/batch.go:376.2,376.25 1 1
github.com/silouanwright/gh-comment/cmd/batch.go:376.25,378.3 1 1
github.com/silouanwright/gh-comment/cmd/batch.go:380.2,380.32 1 1
github.com/silouanwright/gh-comment/cmd/client_helper.go:10.53,12.60 1 1
github.com/silouanwright/gh-comment/cmd/client_helper.go:12.60,14.3 1 1
github.com/silouanwright/gh-comment/cmd/client_helper.go:17.2,17.31 1 1
github.com/silouanwright/gh-comment/cmd/close-pending-review.go:53.13,57.2 3 1
github.com/silouanwright/gh-comment/cmd/close-pending-review.go:59.69,61.31 1 1
github.com/silouanwright/gh-comment/cmd/close-pending-review.go:61.31,63.17 2 0
github.com/silouanwright/gh-comment/cmd/close-pending-review.go:63.17,65.4 1 0
github.com/silouanwright/gh-comment/cmd/close-pending-review.go:66.3,66.30 1 0
github.com/silouanwright/gh-comment/cmd/close-pending-review.go:69.2,74.20 4 1
github.com/silouanwright/gh-comment/cmd/close-pending-review.go:74.20,77.17 2 1
github.com/silouanwright/gh-comment/cmd/close-pending-review.go:77.17,79.4 1 1
github.com/silouanwright/gh-comment/cmd/close-pending-review.go:80.3,80.17 1 1
github.com/silouanwright/gh-comment/cmd/close-pending-review.go:81.8,81.27 1 1
github.com/silouanwright/gh-comment/cmd/close-pending-review.go:81.27,83.54 1 1
github.com/silouanwright/gh-comment/cmd/close-pending-review.go:83.54,86.4 1 1
github.com/silouanwright/gh-comment/cmd/close-pending-review.go:86.9,89.18 2 1
github.com/silouanwright/gh-comment/cmd/close-pending-review.go:89.18,91.5 1 0
github.com/silouanwright/gh-comment/cmd/close-pending-review.go:92.4,93.18 2 1
github.com/silouanwright/gh-comment/cmd/close-pending-review.go:95.8,98.17 2 1
github.com/silouanwright/gh-comment/cmd/close-pending-review.go:98.17,100.4 1 0
github.com/silouanwright/gh-comment/cmd/close-pending-review.go:101.3,101.13 1 1
github.com/silouanwright/gh-comment/cmd/close-pending-review.go:105.2,105.28 1 1
github.com/silouanwright/gh-comment/cmd/close-pending-review.go:105.28,107.3 1 1
github.com/silouanwright/gh-comment/cmd/close-pending-review.go:110.2,112.41 3 1
github.com/silouanwright/gh-comment/cmd/close-pending-review.go:112.41,113.38 1 1
github.com/silouanwright/gh-comment/cmd/close-pending-review.go:113.38,115.9 2 1
github.com/silouanwright/gh-comment/cmd/close-pending-review.go:118.2,118.19 1 1
github.com/silouanwright/gh-comment/cmd/close-pending-review.go:118.19,120.3 1 1
github.com/silouanwright/gh-comment/cmd/close-pending-review.go:123.2,124.16 2 1
github.com/silouanwright/gh-comment/cmd/close-pending-review.go:124.16,126.3 1 0
github.com/silouanwright/gh-comment/cmd/close-pending-review.go:129.2,130.21 2 1
github.com/silouanwright/gh-comment/cmd/close-pending-review.go:130.21,132.3 1 1
github.com/silouanwright/gh-comment/cmd/close-pending-review.go:133.2,135.13 2 1
github.com/silouanwright/gh-comment/cmd/close-pending-review.go:135.13,141.3 5 1
github.com/silouanwright/gh-comment/cmd/close-pending-review.go:143.2,143.12 1 1
github.com/silouanwright/gh-comment/cmd/close-pending-review.go:143.12,148.3 4 1
github.com/silouanwright/gh-comment/cmd/close-pending-review.go:151.2,152.16 2 1
github.com/silouanwright/gh-comment/cmd/close-pending-review.go:152.16,154.3 1 1
github.com/silouanwright/gh-comment/cmd/close-pending-review.go:156.2,156.19 1 1
github.com/silouanwright/gh-comment/cmd/close-pending-review.go:156.19,158.3 1 1
github.com/silouanwright/gh-comment/cmd/close-pending-review.go:160.2,160.13 1 1
github.com/silouanwright/gh-comment/cmd/close-pending-review.go:160.13,162.3 1 1
github.com/silouanwright/gh-comment/cmd/close-pending-review.go:165.2,166.16 2 1
github.com/silouanwright/gh-comment/cmd/close-pending-review.go:166.16,168.3 1 1
github.com/silouanwright/gh-comment/cmd/close-pending-review.go:171.2,172.27 2 1
github.com/silouanwright/gh-comment/cmd/close-pending-review.go:173.17,174.25 1 1
github.com/silouanwright/gh-comment/cmd/close-pending-review.go:175.25,176.34 1 1
github.com/silouanwright/gh-comment/cmd/close-pending-review.go:177.17,178.26 1 1
github.com/silouanwright/gh-comment/cmd/close-pending-review.go:181.2,182.12 2 1
github.com/silouanwright/gh-comment/cmd/edit.go:47.13,50.2 2 1
github.com/silouanwright/gh-comment/cmd/edit.go:52.55,54.23 1 1
github.com/silouanwright/gh-comment/cmd/edit.go:54.23,56.17 2 0
github.com/silouanwright/gh-comment/cmd/edit.go:56.17,58.4 1 0
github.com/silouanwright/gh-comment/cmd/edit.go:59.3,59.22 1 0
github.com/silouanwright/gh-comment/cmd/edit.go:63.2,64.16 2 1
github.com/silouanwright/gh-comment/cmd/edit.go:64.16,66.3 1 1
github.com/silouanwright/gh-comment/cmd/edit.go:68.2,71.20 2 1
github.com/silouanwright/gh-comment/cmd/edit.go:71.20,73.3 1 1
github.com/silouanwright/gh-comment/cmd/edit.go:73.8,73.34 1 1
github.com/silouanwright/gh-comment/cmd/edit.go:73.34,75.3 1 1
github.com/silouanwright/gh-comment/cmd/edit.go:75.8,77.3 1 1
github.com/silouanwright/gh-comment/cmd/edit.go:80.2,81.16 2 1
github.com/silouanwright/gh-comment/cmd/edit.go:81.16,83.3 1 0
github.com/silouanwright/gh-comment/cmd/edit.go:86.2,87.21 2 1
github.com/silouanwright/gh-comment/cmd/edit.go:87.21,89.3 1 1
github.com/silouanwright/gh-comment/cmd/edit.go:90.2,92.13 2 1
github.com/silouanwright/gh-comment/cmd/edit.go:92.13,97.3 4 1
github.com/silouanwright/gh-comment/cmd/edit.go:99.2,99.12 1 1
github.com/silouanwright/gh-comment/cmd/edit.go:99.12,103.3 3 1
github.com/silouanwright/gh-comment/cmd/edit.go:106.2,107.16 2 1
github.com/silouanwright/gh-comment/cmd/edit.go:107.16,109.3 1 0
github.com/silouanwright/gh-comment/cmd/edit.go:111.2,112.12 2 1
github.com/silouanwright/gh-comment/cmd/helpers.go:28.54,30.16 2 1
github.com/silouanwright/gh-comment/cmd/helpers.go:30.16,32.3 1 0
github.com/silouanwright/gh-comment/cmd/helpers.go:34.2,34.18 1 1
github.com/silouanwright/gh-comment/cmd/helpers.go:34.18,36.3 1 1
github.com/silouanwright/gh-comment/cmd/helpers.go:36.8,38.17 2 1
github.com/silouanwright/gh-comment/cmd/helpers.go:38.17,40.4 1 1
github.com/silouanwright/gh-comment/cmd/helpers.go:43.2,43.22 1 1
github.com/silouanwright/gh-comment/cmd/helpers.go:47.66,49.2 1 1
github.com/silouanwright/gh-comment/cmd/helpers.go:52.63,56.9 2 1
github.com/silouanwright/gh-comment/cmd/helpers.go:57.89,58.336 1 1
github.com/silouanwright/gh-comment/cmd/helpers.go:60.57,61.246 1 1
github.com/silouanwright/gh-comment/cmd/helpers.go:63.57,64.292 1 1
github.com/silouanwright/gh-comment/cmd/helpers.go:66.60,67.257 1 1
github.com/silouanwright/gh-comment/cmd/helpers.go:69.86,70.268 1 1
github.com/silouanwright/gh-comment/cmd/helpers.go:72.121,73.238 1 1
github.com/silouanwright/gh-comment/cmd/helpers.go:75.73,76.208 1 1
github.com/silouanwright/gh-comment/cmd/helpers.go:78.89,79.253 1 1
github.com/silouanwright/gh-comment/cmd/helpers.go:83.2,83.224 1 1
github.com/silouanwright/gh-comment/cmd/helpers.go:87.56,89.36 2 1
github.com/silouanwright/gh-comment/cmd/helpers.go:89.36,90.58 1 1
github.com/silouanwright/gh-comment/cmd/helpers.go:90.58,92.4 1 1
github.com/silouanwright/gh-comment/cmd/helpers.go:94.2,94.14 1 1
github.com/silouanwright/gh-comment/cmd/helpers.go:98.65,100.2 1 1
github.com/silouanwright/gh-comment/cmd/helpers.go:103.73,105.2 1 1
github.com/silouanwright/gh-comment/cmd/helpers.go:108.57,110.16 2 1
github.com/silouanwright/gh-comment/cmd/helpers.go:110.16,112.3 1 1
github.com/silouanwright/gh-comment/cmd/helpers.go:113.2,113.14 1 1
github.com/silouanwright/gh-comment/cmd/helpers.go:113.14,115.3 1 1
github.com/silouanwright/gh-comment/cmd/helpers.go:116.2,116.17 1 1
github.com/silouanwright/gh-comment/cmd/helpers.go:120.45,121.34 1 1
github.com/silouanwright/gh-comment/cmd/helpers.go:121.34,123.3 1 1
github.com/silouanwright/gh-comment/cmd/helpers.go:124.2,124.12 1 1
github.com/silouanwright/gh-comment/cmd/helpers.go:128.42,129.35 1 1
github.com/silouanwright/gh-comment/cmd/helpers.go:129.35,131.3 1 1
github.com/silouanwright/gh-comment/cmd/helpers.go:134.2,134.34 1 1
github.com/silouanwright/gh-comment/cmd/helpers.go:134.34,136.3 1 1
github.com/silouanwright/gh-comment/cmd/helpers.go:139.2,139.34 1 1
github.com/silouanwright/gh-comment/cmd/helpers.go:139.34,141.3 1 1
github.com/silouanwright/gh-comment/cmd/helpers.go:143.2,143.12 1 1
github.com/silouanwright/gh-comment/cmd/helpers.go:147.48,148.35 1 1
github.com/silouanwright/gh-comment/cmd/helpers.go:148.35,150.3 1 1
github.com/silouanwright/gh-comment/cmd/helpers.go:153.2,154.21 2 1
github.com/silouanwright/gh-comment/cmd/helpers.go:154.21,156.3 1 1
github.com/silouanwright/gh-comment/cmd/helpers.go:158.2,159.43 2 1
github.com/silouanwright/gh-comment/cmd/helpers.go:159.43,161.3 1 1
github.com/silouanwright/gh-comment/cmd/helpers.go:163.2,163.34 1 1
github.com/silouanwright/gh-comment/cmd/helpers.go:163.34,165.3 1 1
github.com/silouanwright/gh-comment/cmd/helpers.go:167.2,167.12 1 1
github.com/silouanwright/gh-comment/cmd/helpers.go:176.53,177.21 1 1
github.com/silouanwright/gh-comment/cmd/helpers.go:177.21,179.3 1 1
github.com/silouanwright/gh-comment/cmd/helpers.go:181.2,185.34 4 1
github.com/silouanwright/gh-comment/cmd/helpers.go:185.34,186.24 1 1
github.com/silouanwright/gh-comment/cmd/helpers.go:186.24,189.4 1 1
github.com/silouanwright/gh-comment/cmd/helpers.go:189.9,194.4 3 1
github.com/silouanwright/gh-comment/cmd/helpers.go:198.2,200.15 2 1
github.com/silouanwright/gh-comment/cmd/integration_testing.go:60.46,79.2 5 1
github.com/silouanwright/gh-comment/cmd/integration_testing.go:82.41,84.2 1 1
github.com/silouanwright/gh-comment/cmd/integration_testing.go:87.36,89.2 1 1
github.com/silouanwright/gh-comment/cmd/integration_testing.go:92.81,97.21 4 1
github.com/silouanwright/gh-comment/cmd/integration_testing.go:97.21,99.3 1 1
github.com/silouanwright/gh-comment/cmd/integration_testing.go:100.2,100.32 1 1
github.com/silouanwright/gh-comment/cmd/integration_testing.go:100.32,102.3 1 1
github.com/silouanwright/gh-comment/cmd/integration_testing.go:103.2,103.32 1 1
github.com/silouanwright/gh-comment/cmd/integration_testing.go:103.32,105.3 1 1
github.com/silouanwright/gh-comment/cmd/integration_testing.go:106.2,106.27 1 1
github.com/silouanwright/gh-comment/cmd/integration_testing.go:106.27,108.3 1 1
github.com/silouanwright/gh-comment/cmd/integration_testing.go:110.2,110.52 1 1
github.com/silouanwright/gh-comment/cmd/integration_testing.go:114.75,120.2 4 1
github.com/silouanwright/gh-comment/cmd/integration_testing.go:123.63,124.18 1 1
github.com/silouanwright/gh-comment/cmd/integration_testing.go:125.15,135.5 2 1
github.com/silouanwright/gh-comment/cmd/integration_testing.go:136.25,148.5 2 1
github.com/silouanwright/gh-comment/cmd/integration_testing.go:153.87,157.20 3 1
github.com/silouanwright/gh-comment/cmd/integration_testing.go:157.20,160.3 2 1
github.com/silouanwright/gh-comment/cmd/integration_testing.go:162.2,166.44 3 1
github.com/silouanwright/gh-comment/cmd/integration_testing.go:166.44,169.17 3 1
github.com/silouanwright/gh-comment/cmd/integration_testing.go:169.17,172.4 2 1
github.com/silouanwright/gh-comment/cmd/integration_testing.go:174.3,174.22 1 1
github.com/silouanwright/gh-comment/cmd/integration_testing.go:174.22,176.25 1 1
github.com/silouanwright/gh-comment/cmd/integration_testing.go:176.25,179.5 2 1
github.com/silouanwright/gh-comment/cmd/integration_testing.go:182.3,182.48 1 1
github.com/silouanwright/gh-comment/cmd/integration_testing.go:182.48,183.20 1 1
github.com/silouanwright/gh-comment/cmd/integration_testing.go:184.15,186.44 1 1
github.com/silouanwright/gh-comment/cmd/integration_testing.go:187.16,189.45 1 0
github.com/silouanwright/gh-comment/cmd/integration_testing.go:193.3,193.47 1 1
github.com/silouanwright/gh-comment/cmd/integration_testing.go:193.47,194.26 1 0
github.com/silouanwright/gh-comment/cmd/integration_testing.go:194.26,197.5 1 0
github.com/silouanwright/gh-comment/cmd/integration_testing.go:201.2,201.45 1 1
github.com/silouanwright/gh-comment/cmd/integration_testing.go:201.45,204.17 3 1
github.com/silouanwright/gh-comment/cmd/integration_testing.go:204.17,207.4 2 1
github.com/silouanwright/gh-comment/cmd/integration_testing.go:209.3,209.48 1 1
github.com/silouanwright/gh-comment/cmd/integration_testing.go:209.48,210.20 1 1
github.com/silouanwright/gh-comment/cmd/integration_testing.go:211.15,213.49 1 1
github.com/silouanwright/gh-comment/cmd/integration_testing.go:214.16,216.50 1 0
github.com/silouanwright/gh-comment/cmd/integration_testing.go:223.108,231.2 4 1
github.com/silouanwright/gh-comment/cmd/integration_testing.go:234.108,239.35 3 1
github.com/silouanwright/gh-comment/cmd/integration_testing.go:239.35,240.25 1 1
github.com/silouanwright/gh-comment/cmd/integration_testing.go:240.25,242.4 1 1
github.com/silouanwright/gh-comment/cmd/integration_testing.go:245.2,246.43 2 1
github.com/silouanwright/gh-comment/cmd/integration_testing.go:250.113,255.35 3 1
github.com/silouanwright/gh-comment/cmd/integration_testing.go:255.35,256.25 1 1
github.com/silouanwright/gh-comment/cmd/integration_testing.go:256.25,258.4 1 1
github.com/silouanwright/gh-comment/cmd/integration_testing.go:261.2,262.42 2 1
github.com/silouanwright/gh-comment/cmd/integration_testing.go:266.109,268.65 2 0
github.com/silouanwright/gh-comment/cmd/integration_testing.go:268.65,271.3 2 0
github.com/silouanwright/gh-comment/cmd/integration_testing.go:274.2,279.36 5 0
github.com/silouanwright/gh-comment/cmd/integration_testing.go:283.114,285.65 2 0
github.com/silouanwright/gh-comment/cmd/integration_testing.go:285.65,288.3 2 0
github.com/silouanwright/gh-comment/cmd/integration_testing.go:291.2,300.36 8 0
github.com/silouanwright/gh-comment/cmd/integration_testing.go:304.108,306.64 2 0
github.com/silouanwright/gh-comment/cmd/integration_testing.go:306.64,309.3 2 0
github.com/silouanwright/gh-comment/cmd/integration_testing.go:311.2,319.42 6 0
github.com/silouanwright/gh-comment/cmd/integration_testing.go:319.42,322.3 2 0
github.com/silouanwright/gh-comment/cmd/integration_testing.go:324.2,328.35 4 0
github.com/silouanwright/gh-comment/cmd/lines.go:48.13,51.2 2 1
github.com/silouanwright/gh-comment/cmd/lines.go:53.56,55.24 1 1
github.com/silouanwright/gh-comment/cmd/lines.go:55.24,57.17 2 1
github.com/silouanwright/gh-comment/cmd/lines.go:57.17,59.4 1 0
github.com/silouanwright/gh-comment/cmd/lines.go:60.3,60.23 1 1
github.com/silouanwright/gh-comment/cmd/lines.go:64.2,65.16 2 1
github.com/silouanwright/gh-comment/cmd/lines.go:65.16,67.3 1 1
github.com/silouanwright/gh-comment/cmd/lines.go:70.2,74.16 3 1
github.com/silouanwright/gh-comment/cmd/lines.go:74.16,76.3 1 0
github.com/silouanwright/gh-comment/cmd/lines.go:79.2,80.21 2 1
github.com/silouanwright/gh-comment/cmd/lines.go:80.21,82.3 1 1
github.com/silouanwright/gh-comment/cmd/lines.go:83.2,85.13 2 1
github.com/silouanwright/gh-comment/cmd/lines.go:85.13,90.3 4 1
github.com/silouanwright/gh-comment/cmd/lines.go:92.2,92.12 1 1
github.com/silouanwright/gh-comment/cmd/lines.go:92.12,95.3 2 1
github.com/silouanwright/gh-comment/cmd/lines.go:98.2,99.16 2 1
github.com/silouanwright/gh-comment/cmd/lines.go:99.16,101.3 1 1
github.com/silouanwright/gh-comment/cmd/lines.go:104.2,105.28 2 1
github.com/silouanwright/gh-comment/cmd/lines.go:105.28,106.41 1 1
github.com/silouanwright/gh-comment/cmd/lines.go:106.41,108.9 2 1
github.com/silouanwright/gh-comment/cmd/lines.go:112.2,112.23 1 1
github.com/silouanwright/gh-comment/cmd/lines.go:112.23,115.35 3 1
github.com/silouanwright/gh-comment/cmd/lines.go:115.35,117.4 1 1
github.com/silouanwright/gh-comment/cmd/lines.go:118.3,118.13 1 1
github.com/silouanwright/gh-comment/cmd/lines.go:122.2,122.32 1 1
github.com/silouanwright/gh-comment/cmd/lines.go:122.32,126.3 3 0
github.com/silouanwright/gh-comment/cmd/lines.go:128.2,132.40 3 1
github.com/silouanwright/gh-comment/cmd/lines.go:132.40,134.3 1 1
github.com/silouanwright/gh-comment/cmd/lines.go:135.2,141.35 4 1
github.com/silouanwright/gh-comment/cmd/lines.go:141.35,142.39 1 1
github.com/silouanwright/gh-comment/cmd/lines.go:142.39,144.4 1 0
github.com/silouanwright/gh-comment/cmd/lines.go:144.9,146.4 1 1
github.com/silouanwright/gh-comment/cmd/lines.go:149.2,150.38 2 1
github.com/silouanwright/gh-comment/cmd/lines.go:150.38,151.22 1 1
github.com/silouanwright/gh-comment/cmd/lines.go:151.22,155.4 1 0
github.com/silouanwright/gh-comment/cmd/lines.go:155.9,157.4 1 1
github.com/silouanwright/gh-comment/cmd/lines.go:160.2,162.26 3 1
github.com/silouanwright/gh-comment/cmd/lines.go:162.26,164.3 1 1
github.com/silouanwright/gh-comment/cmd/lines.go:166.2,166.12 1 1
github.com/silouanwright/gh-comment/cmd/list.go:95.13,117.2 13 1
github.com/silouanwright/gh-comment/cmd/list.go:119.55,121.23 1 1
github.com/silouanwright/gh-comment/cmd/list.go:121.23,123.17 2 1
github.com/silouanwright/gh-comment/cmd/list.go:123.17,125.4 1 0
github.com/silouanwright/gh-comment/cmd/list.go:126.3,126.22 1 1
github.com/silouanwright/gh-comment/cmd/list.go:130.2,130.50 1 1
github.com/silouanwright/gh-comment/cmd/list.go:130.50,132.3 1 1
github.com/silouanwright/gh-comment/cmd/list.go:134.2,139.20 4 1
github.com/silouanwright/gh-comment/cmd/list.go:139.20,141.17 2 1
github.com/silouanwright/gh-comment/cmd/list.go:141.17,143.4 1 1
github.com/silouanwright/gh-comment/cmd/list.go:145.3,146.17 2 1
github.com/silouanwright/gh-comment/cmd/list.go:146.17,148.4 1 0
github.com/silouanwright/gh-comment/cmd/list.go:149.8,152.17 2 0
github.com/silouanwright/gh-comment/cmd/list.go:152.17,154.4 1 0
github.com/silouanwright/gh-comment/cmd/list.go:157.2,157.13 1 1
github.com/silouanwright/gh-comment/cmd/list.go:157.13,164.19 7 1
github.com/silouanwright/gh-comment/cmd/list.go:164.19,166.4 1 1
github.com/silouanwright/gh-comment/cmd/list.go:167.3,167.16 1 1
github.com/silouanwright/gh-comment/cmd/list.go:171.2,172.16 2 1
github.com/silouanwright/gh-comment/cmd/list.go:172.16,174.3 1 1
github.com/silouanwright/gh-comment/cmd/list.go:177.2,180.13 2 1
github.com/silouanwright/gh-comment/cmd/list.go:180.13,182.3 1 0
github.com/silouanwright/gh-comment/cmd/list.go:182.8,182.35 1 1
github.com/silouanwright/gh-comment/cmd/list.go:182.35,183.67 1 0
github.com/silouanwright/gh-comment/cmd/list.go:183.67,185.4 1 0
github.com/silouanwright/gh-comment/cmd/list.go:186.8,188.3 1 1
github.com/silouanwright/gh-comment/cmd/list.go:190.2,190.12 1 1
github.com/silouanwright/gh-comment/cmd/list.go:215.88,218.21 2 1
github.com/silouanwright/gh-comment/cmd/list.go:218.21,220.3 1 1
github.com/silouanwright/gh-comment/cmd/list.go:221.2,227.16 4 1
github.com/silouanwright/gh-comment/cmd/list.go:227.16,229.3 1 1
github.com/silouanwright/gh-comment/cmd/list.go:232.2,232.40 1 1
github.com/silouanwright/gh-comment/cmd/list.go:232.40,242.3 1 1
github.com/silouanwright/gh-comment/cmd/list.go:245.2,246.16 2 1
github.com/silouanwright/gh-comment/cmd/list.go:246.16,248.3 1 1
github.com/silouanwright/gh-comment/cmd/list.go:251.2,251.41 1 1
github.com/silouanwright/gh-comment/cmd/list.go:251.41,264.3 1 1
github.com/silouanwright/gh-comment/cmd/list.go:266.2,266.25 1 1
github.com/silouanwright/gh-comment/cmd/list.go:269.38,272.60 2 1
github.com/silouanwright/gh-comment/cmd/list.go:272.60,274.3 1 1
github.com/silouanwright/gh-comment/cmd/list.go:277.2,278.61 2 1
github.com/silouanwright/gh-comment/cmd/list.go:278.61,280.3 1 1
github.com/silouanwright/gh-comment/cmd/list.go:283.2,284.71 2 1
github.com/silouanwright/gh-comment/cmd/list.go:284.71,286.3 1 0
github.com/silouanwright/gh-comment/cmd/list.go:289.2,289.39 1 1
github.com/silouanwright/gh-comment/cmd/list.go:289.39,291.3 1 0
github.com/silouanwright/gh-comment/cmd/list.go:294.2,294.17 1 1
github.com/silouanwright/gh-comment/cmd/list.go:294.17,296.17 2 1
github.com/silouanwright/gh-comment/cmd/list.go:296.17,298.4 1 1
github.com/silouanwright/gh-comment/cmd/list.go:299.3,299.26 1 1
github.com/silouanwright/gh-comment/cmd/list.go:303.2,303.17 1 1
github.com/silouanwright/gh-comment/cmd/list.go:303.17,305.17 2 1
github.com/silouanwright/gh-comment/cmd/list.go:305.17,307.4 1 1
github.com/silouanwright/gh-comment/cmd/list.go:308.3,308.26 1 1
github.com/silouanwright/gh-comment/cmd/list.go:312.2,312.73 1 1
github.com/silouanwright/gh-comment/cmd/list.go:312.73,314.3 1 1
github.com/silouanwright/gh-comment/cmd/list.go:316.2,316.12 1 1
github.com/silouanwright/gh-comment/cmd/list.go:319.59,321.16 2 1
github.com/silouanwright/gh-comment/cmd/list.go:321.16,323.3 1 1
github.com/silouanwright/gh-comment/cmd/list.go:324.2,324.25 1 1
github.com/silouanwright/gh-comment/cmd/list.go:327.51,330.35 2 1
github.com/silouanwright/gh-comment/cmd/list.go:330.35,332.67 1 1
github.com/silouanwright/gh-comment/cmd/list.go:332.67,333.12 1 1
github.com/silouanwright/gh-comment/cmd/list.go:337.3,337.52 1 1
github.com/silouanwright/gh-comment/cmd/list.go:337.52,338.12 1 1
github.com/silouanwright/gh-comment/cmd/list.go:342.3,342.37 1 1
github.com/silouanwright/gh-comment/cmd/list.go:342.38,344.4 0 0
github.com/silouanwright/gh-comment/cmd/list.go:344.9,344.28 1 1
github.com/silouanwright/gh-comment/cmd/list.go:344.28,347.28 1 0
github.com/silouanwright/gh-comment/cmd/list.go:347.28,348.13 1 0
github.com/silouanwright/gh-comment/cmd/list.go:350.9,350.27 1 1
github.com/silouanwright/gh-comment/cmd/list.go:350.27,352.28 1 1
github.com/silouanwright/gh-comment/cmd/list.go:352.28,353.13 1 0
github.com/silouanwright/gh-comment/cmd/list.go:358.3,358.22 1 1
github.com/silouanwright/gh-comment/cmd/list.go:358.22,362.28 1 0
github.com/silouanwright/gh-comment/cmd/list.go:362.28,363.13 1 0
github.com/silouanwright/gh-comment/cmd/list.go:368.3,368.63 1 1
github.com/silouanwright/gh-comment/cmd/list.go:368.63,369.12 1 1
github.com/silouanwright/gh-comment/cmd/list.go:371.3,371.62 1 1
github.com/silouanwright/gh-comment/cmd/list.go:371.62,372.12 1 1
github.com/silouanwright/gh-comment/cmd/list.go:375.3,375.39 1 1
github.com/silouanwright/gh-comment/cmd/list.go:378.2,378.17 1 1
github.com/silouanwright/gh-comment/cmd/list.go:381.54,383.22 1 1
github.com/silouanwright/gh-comment/cmd/list.go:383.22,385.3 1 1
github.com/silouanwright/gh-comment/cmd/list.go:388.2,388.35 1 1
github.com/silouanwright/gh-comment/cmd/list.go:388.35,393.81 3 1
github.com/silouanwright/gh-comment/cmd/list.go:393.81,395.4 1 1
github.com/silouanwright/gh-comment/cmd/list.go:399.2,399.75 1 1
github.com/silouanwright/gh-comment/cmd/list.go:402.55,403.26 1 1
github.com/silouanwright/gh-comment/cmd/list.go:403.26,404.16 1 1
github.com/silouanwright/gh-comment/cmd/list.go:404.16,406.4 1 1
github.com/silouanwright/gh-comment/cmd/list.go:408.2,408.14 1 1
github.com/silouanwright/gh-comment/cmd/list.go:411.50,412.24 1 1
github.com/silouanwright/gh-comment/cmd/list.go:412.24,415.3 2 1
github.com/silouanwright/gh-comment/cmd/list.go:418.2,419.35 2 1
github.com/silouanwright/gh-comment/cmd/list.go:419.35,420.29 1 1
github.com/silouanwright/gh-comment/cmd/list.go:420.29,422.4 1 1
github.com/silouanwright/gh-comment/cmd/list.go:425.2,426.24 2 1
github.com/silouanwright/gh-comment/cmd/list.go:426.24,428.26 2 1
github.com/silouanwright/gh-comment/cmd/list.go:428.26,430.4 1 1
github.com/silouanwright/gh-comment/cmd/list.go:432.2,436.35 3 1
github.com/silouanwright/gh-comment/cmd/list.go:436.35,438.30 1 1
github.com/silouanwright/gh-comment/cmd/list.go:438.30,440.4 1 1
github.com/silouanwright/gh-comment/cmd/list.go:440.9,440.38 1 1
github.com/silouanwright/gh-comment/cmd/list.go:440.38,442.4 1 1
github.com/silouanwright/gh-comment/cmd/list.go:442.9,444.4 1 1
github.com/silouanwright/gh-comment/cmd/list.go:448.2,448.28 1 1
github.com/silouanwright/gh-comment/cmd/list.go:448.28,451.41 3 1
github.com/silouanwright/gh-comment/cmd/list.go:451.41,453.4 1 1
github.com/silouanwright/gh-comment/cmd/list.go:454.3,454.16 1 1
github.com/silouanwright/gh-comment/cmd/list.go:458.2,458.29 1 1
github.com/silouanwright/gh-comment/cmd/list.go:458.29,461.42 3 1
github.com/silouanwright/gh-comment/cmd/list.go:461.42,463.4 1 1
github.com/silouanwright/gh-comment/cmd/list.go:464.3,464.16 1 1
github.com/silouanwright/gh-comment/cmd/list.go:468.2,468.27 1 1
github.com/silouanwright/gh-comment/cmd/list.go:468.27,471.40 3 1
github.com/silouanwright/gh-comment/cmd/list.go:471.40,473.4 1 1
github.com/silouanwright/gh-comment/cmd/list.go:477.49,480.17 2 1
github.com/silouanwright/gh-comment/cmd/list.go:480.17,482.3 1 1
github.com/silouanwright/gh-comment/cmd/list.go:482.8,484.3 1 1
github.com/silouanwright/gh-comment/cmd/list.go:487.2,487.53 1 1
github.com/silouanwright/gh-comment/cmd/list.go:487.53,489.24 2 0
github.com/silouanwright/gh-comment/cmd/list.go:490.19,491.22 1 0
github.com/silouanwright/gh-comment/cmd/list.go:492.28,493.23 1 0
github.com/silouanwright/gh-comment/cmd/list.go:494.20,495.23 1 0
github.com/silouanwright/gh-comment/cmd/list.go:497.3,497.50 1 0
github.com/silouanwright/gh-comment/cmd/list.go:499.2,502.24 2 1
github.com/silouanwright/gh-comment/cmd/list.go:502.24,504.65 2 1
github.com/silouanwright/gh-comment/cmd/list.go:504.65,506.4 1 0
github.com/silouanwright/gh-comment/cmd/list.go:507.3,510.29 2 1
github.com/silouanwright/gh-comment/cmd/list.go:510.29,512.4 1 0
github.com/silouanwright/gh-comment/cmd/list.go:513.3,516.29 2 1
github.com/silouanwright/gh-comment/cmd/list.go:516.29,519.4 2 0
github.com/silouanwright/gh-comment/cmd/list.go:523.2,524.38 2 1
github.com/silouanwright/gh-comment/cmd/list.go:524.38,526.3 1 0
github.com/silouanwright/gh-comment/cmd/list.go:529.2,530.29 2 1
github.com/silouanwright/gh-comment/cmd/list.go:530.29,532.3 1 1
github.com/silouanwright/gh-comment/cmd/list.go:535.2,535.12 1 1
github.com/silouanwright/gh-comment/cmd/list.go:535.12,537.3 1 1
github.com/silouanwright/gh-comment/cmd/list.go:539.2,539.15 1 1
github.com/silouanwright/gh-comment/cmd/list.go:542.40,546.24 3 1
github.com/silouanwright/gh-comment/cmd/list.go:546.24,548.3 1 1
github.com/silouanwright/gh-comment/cmd/list.go:548.8,548.29 1 1
github.com/silouanwright/gh-comment/cmd/list.go:548.29,550.19 2 1
github.com/silouanwright/gh-comment/cmd/list.go:550.19,552.4 1 1
github.com/silouanwright/gh-comment/cmd/list.go:553.3,553.48 1 1
github.com/silouanwright/gh-comment/cmd/list.go:554.8,554.32 1 1
github.com/silouanwright/gh-comment/cmd/list.go:554.32,556.17 2 1
github.com/silouanwright/gh-comment/cmd/list.go:556.17,558.4 1 1
github.com/silouanwright/gh-comment/cmd/list.go:559.3,559.44 1 1
github.com/silouanwright/gh-comment/cmd/list.go:560.8,562.16 2 1
github.com/silouanwright/gh-comment/cmd/list.go:562.16,564.4 1 1
github.com/silouanwright/gh-comment/cmd/list.go:564.9,564.22 1 1
github.com/silouanwright/gh-comment/cmd/list.go:564.22,566.4 1 1
github.com/silouanwright/gh-comment/cmd/list.go:566.9,568.4 1 1
github.com/silouanwright/gh-comment/cmd/list.go:572.39,576.29 2 1
github.com/silouanwright/gh-comment/cmd/list.go:576.29,577.17 1 1
github.com/silouanwright/gh-comment/cmd/list.go:577.17,578.12 1 1
github.com/silouanwright/gh-comment/cmd/list.go:582.3,582.36 1 1
github.com/silouanwright/gh-comment/cmd/list.go:582.36,585.4 1 1
github.com/silouanwright/gh-comment/cmd/list.go:585.9,585.42 1 1
github.com/silouanwright/gh-comment/cmd/list.go:585.42,588.4 1 1
github.com/silouanwright/gh-comment/cmd/list.go:588.9,588.42 1 1
github.com/silouanwright/gh-comment/cmd/list.go:588.42,591.4 1 1
github.com/silouanwright/gh-comment/cmd/list.go:591.9,594.4 1 1
github.com/silouanwright/gh-comment/cmd/list.go:596.2,596.15 1 1
github.com/silouanwright/gh-comment/cmd/list.go:600.41,601.35 1 1
github.com/silouanwright/gh-comment/cmd/list.go:601.35,603.3 1 1
github.com/silouanwright/gh-comment/cmd/list.go:607.60,621.2 4 1
github.com/silouanwright/gh-comment/cmd/prompts.go:60.13,65.2 3 1
github.com/silouanwright/gh-comment/cmd/prompts.go:67.58,68.17 1 1
github.com/silouanwright/gh-comment/cmd/prompts.go:68.17,70.3 1 1
github.com/silouanwright/gh-comment/cmd/prompts.go:72.2,72.20 1 1
github.com/silouanwright/gh-comment/cmd/prompts.go:72.20,74.3 1 1
github.com/silouanwright/gh-comment/cmd/prompts.go:76.2,78.13 3 1
github.com/silouanwright/gh-comment/cmd/prompts.go:78.13,82.3 3 1
github.com/silouanwright/gh-comment/cmd/prompts.go:84.2,93.30 8 1
github.com/silouanwright/gh-comment/cmd/prompts.go:93.30,95.43 2 1
github.com/silouanwright/gh-comment/cmd/prompts.go:95.43,97.4 1 1
github.com/silouanwright/gh-comment/cmd/prompts.go:100.2,100.26 1 1
github.com/silouanwright/gh-comment/cmd/prompts.go:100.26,102.3 1 1
github.com/silouanwright/gh-comment/cmd/prompts.go:104.2,104.12 1 1
github.com/silouanwright/gh-comment/cmd/prompts.go:126.44,130.2 3 1
github.com/silouanwright/gh-comment/cmd/prompts.go:132.35,135.26 2 1
github.com/silouanwright/gh-comment/cmd/prompts.go:135.26,137.3 1 1
github.com/silouanwright/gh-comment/cmd/prompts.go:137.8,139.3 1 1
github.com/silouanwright/gh-comment/cmd/prompts.go:141.2,142.33 2 1
github.com/silouanwright/gh-comment/cmd/prompts.go:142.33,143.64 1 1
github.com/silouanwright/gh-comment/cmd/prompts.go:143.64,144.12 1 1
github.com/silouanwright/gh-comment/cmd/prompts.go:146.3,146.76 1 1
github.com/silouanwright/gh-comment/cmd/prompts.go:149.2,149.52 1 1
github.com/silouanwright/gh-comment/cmd/prompts.go:149.52,151.42 2 1
github.com/silouanwright/gh-comment/cmd/prompts.go:151.42,154.4 2 1
github.com/silouanwright/gh-comment/cmd/prompts.go:155.3,155.18 1 1
github.com/silouanwright/gh-comment/cmd/prompts.go:158.2,159.12 2 1
github.com/silouanwright/gh-comment/cmd/prompts.go:162.40,166.81 2 1
github.com/silouanwright/gh-comment/cmd/prompts.go:166.81,167.17 1 1
github.com/silouanwright/gh-comment/cmd/prompts.go:167.17,169.4 1 0
github.com/silouanwright/gh-comment/cmd/prompts.go:172.3,172.38 1 1
github.com/silouanwright/gh-comment/cmd/prompts.go:172.38,174.4 1 1
github.com/silouanwright/gh-comment/cmd/prompts.go:177.3,178.17 2 1
github.com/silouanwright/gh-comment/cmd/prompts.go:178.17,180.4 1 0
github.com/silouanwright/gh-comment/cmd/prompts.go:183.3,184.17 2 1
github.com/silouanwright/gh-comment/cmd/prompts.go:184.17,187.4 1 0
github.com/silouanwright/gh-comment/cmd/prompts.go:189.3,190.13 2 1
github.com/silouanwright/gh-comment/cmd/prompts.go:193.2,193.16 1 1
github.com/silouanwright/gh-comment/cmd/prompts.go:196.58,199.20 2 1
github.com/silouanwright/gh-comment/cmd/prompts.go:199.20,201.3 1 0
github.com/silouanwright/gh-comment/cmd/prompts.go:204.2,205.60 2 1
github.com/silouanwright/gh-comment/cmd/prompts.go:205.60,207.3 1 0
github.com/silouanwright/gh-comment/cmd/prompts.go:210.2,220.8 2 1
github.com/silouanwright/gh-comment/cmd/react.go:50.13,54.2 2 1
github.com/silouanwright/gh-comment/cmd/react.go:56.56,58.24 1 1
github.com/silouanwright/gh-comment/cmd/react.go:58.24,60.17 2 1
github.com/silouanwright/gh-comment/cmd/react.go:60.17,62.4 1 0
github.com/silouanwright/gh-comment/cmd/react.go:63.3,63.23 1 1
github.com/silouanwright/gh-comment/cmd/react.go:67.2,69.16 3 1
github.com/silouanwright/gh-comment/cmd/react.go:69.16,71.3 1 1
github.com/silouanwright/gh-comment/cmd/react.go:74.2,77.33 2 1
github.com/silouanwright/gh-comment/cmd/react.go:77.33,79.3 1 1
github.com/silouanwright/gh-comment/cmd/react.go:82.2,83.16 2 1
github.com/silouanwright/gh-comment/cmd/react.go:83.16,85.3 1 1
github.com/silouanwright/gh-comment/cmd/react.go:88.2,89.21 2 1
github.com/silouanwright/gh-comment/cmd/react.go:89.21,91.3 1 0
github.com/silouanwright/gh-comment/cmd/react.go:92.2,94.13 2 1
github.com/silouanwright/gh-comment/cmd/react.go:94.13,98.25 4 0
github.com/silouanwright/gh-comment/cmd/react.go:98.25,100.4 1 0
github.com/silouanwright/gh-comment/cmd/react.go:100.9,102.4 1 0
github.com/silouanwright/gh-comment/cmd/react.go:103.3,103.16 1 0
github.com/silouanwright/gh-comment/cmd/react.go:106.2,106.12 1 1
github.com/silouanwright/gh-comment/cmd/react.go:106.12,108.25 2 0
github.com/silouanwright/gh-comment/cmd/react.go:108.25,110.4 1 0
github.com/silouanwright/gh-comment/cmd/react.go:111.3,113.13 2 0
github.com/silouanwright/gh-comment/cmd/react.go:117.2,117.24 1 1
github.com/silouanwright/gh-comment/cmd/react.go:117.24,119.17 2 1
github.com/silouanwright/gh-comment/cmd/react.go:119.17,121.4 1 0
github.com/silouanwright/gh-comment/cmd/react.go:122.3,122.80 1 1
github.com/silouanwright/gh-comment/cmd/react.go:123.8,125.17 2 1
github.com/silouanwright/gh-comment/cmd/react.go:125.17,127.4 1 0
github.com/silouanwright/gh-comment/cmd/react.go:128.3,128.76 1 1
github.com/silouanwright/gh-comment/cmd/react.go:131.2,131.12 1 1
github.com/silouanwright/gh-comment/cmd/react.go:134.45,136.39 2 1
github.com/silouanwright/gh-comment/cmd/react.go:136.39,137.24 1 1
github.com/silouanwright/gh-comment/cmd/react.go:137.24,139.4 1 1
github.com/silouanwright/gh-comment/cmd/react.go:141.2,141.14 1 1
github.com/silouanwright/gh-comment/cmd/resolve.go:34.13,36.2 1 1
github.com/silouanwright/gh-comment/cmd/resolve.go:38.58,40.26 1 1
github.com/silouanwright/gh-comment/cmd/resolve.go:40.26,42.17 2 0
github.com/silouanwright/gh-comment/cmd/resolve.go:42.17,44.4 1 0
github.com/silouanwright/gh-comment/cmd/resolve.go:45.3,45.25 1 0
github.com/silouanwright/gh-comment/cmd/resolve.go:49.2,50.16 2 1
github.com/silouanwright/gh-comment/cmd/resolve.go:50.16,52.3 1 1
github.com/silouanwright/gh-comment/cmd/resolve.go:55.2,56.16 2 1
github.com/silouanwright/gh-comment/cmd/resolve.go:56.16,58.3 1 0
github.com/silouanwright/gh-comment/cmd/resolve.go:61.2,62.21 2 1
github.com/silouanwright/gh-comment/cmd/resolve.go:62.21,64.3 1 1
github.com/silouanwright/gh-comment/cmd/resolve.go:65.2,67.13 2 1
github.com/silouanwright/gh-comment/cmd/resolve.go:67.13,72.3 4 1
github.com/silouanwright/gh-comment/cmd/resolve.go:74.2,74.12 1 1
github.com/silouanwright/gh-comment/cmd/resolve.go:74.12,77.3 2 1
github.com/silouanwright/gh-comment/cmd/resolve.go:80.2,81.16 2 1
github.com/silouanwright/gh-comment/cmd/resolve.go:81.16,83.3 1 1
github.com/silouanwright/gh-comment/cmd/resolve.go:86.2,87.16 2 1
github.com/silouanwright/gh-comment/cmd/resolve.go:87.16,89.3 1 1
github.com/silouanwright/gh-comment/cmd/resolve.go:91.2,92.12 2 1
github.com/silouanwright/gh-comment/cmd/review-reply.go:55.13,60.2 3 1
github.com/silouanwright/gh-comment/cmd/review-reply.go:62.62,64.30 1 1
github.com/silouanwright/gh-comment/cmd/review-reply.go:64.30,66.17 2 0
github.com/silouanwright/gh-comment/cmd/review-reply.go:66.17,68.4 1 0
github.com/silouanwright/gh-comment/cmd/review-reply.go:69.3,69.29 1 0
github.com/silouanwright/gh-comment/cmd/review-reply.go:73.2,75.16 3 1
github.com/silouanwright/gh-comment/cmd/review-reply.go:75.16,77.3 1 1
github.com/silouanwright/gh-comment/cmd/review-reply.go:80.2,81.19 2 1
github.com/silouanwright/gh-comment/cmd/review-reply.go:81.19,83.3 1 1
github.com/silouanwright/gh-comment/cmd/review-reply.go:86.2,86.54 1 1
github.com/silouanwright/gh-comment/cmd/review-reply.go:86.54,88.3 1 1
github.com/silouanwright/gh-comment/cmd/review-reply.go:91.2,92.16 2 1
github.com/silouanwright/gh-comment/cmd/review-reply.go:92.16,94.3 1 0
github.com/silouanwright/gh-comment/cmd/review-reply.go:97.2,98.21 2 1
github.com/silouanwright/gh-comment/cmd/review-reply.go:98.21,100.3 1 0
github.com/silouanwright/gh-comment/cmd/review-reply.go:101.2,103.13 2 1
github.com/silouanwright/gh-comment/cmd/review-reply.go:103.13,107.20 4 0
github.com/silouanwright/gh-comment/cmd/review-reply.go:107.20,109.4 1 0
github.com/silouanwright/gh-comment/cmd/review-reply.go:110.3,110.37 1 0
github.com/silouanwright/gh-comment/cmd/review-reply.go:110.37,112.4 1 0
github.com/silouanwright/gh-comment/cmd/review-reply.go:113.3,113.16 1 0
github.com/silouanwright/gh-comment/cmd/review-reply.go:116.2,116.12 1 1
github.com/silouanwright/gh-comment/cmd/review-reply.go:116.12,118.20 2 0
github.com/silouanwright/gh-comment/cmd/review-reply.go:118.20,120.4 1 0
github.com/silouanwright/gh-comment/cmd/review-reply.go:121.3,121.37 1 0
github.com/silouanwright/gh-comment/cmd/review-reply.go:121.37,123.4 1 0
github.com/silouanwright/gh-comment/cmd/review-reply.go:124.3,124.13 1 0
github.com/silouanwright/gh-comment/cmd/review-reply.go:128.2,128.19 1 1
github.com/silouanwright/gh-comment/cmd/review-reply.go:128.19,130.38 1 1
github.com/silouanwright/gh-comment/cmd/review-reply.go:130.38,132.4 1 1
github.com/silouanwright/gh-comment/cmd/review-reply.go:135.3,136.17 2 1
github.com/silouanwright/gh-comment/cmd/review-reply.go:136.17,138.4 1 0
github.com/silouanwright/gh-comment/cmd/review-reply.go:139.3,139.76 1 1
github.com/silouanwright/gh-comment/cmd/review-reply.go:143.2,143.36 1 1
github.com/silouanwright/gh-comment/cmd/review-reply.go:143.36,146.17 2 1
github.com/silouanwright/gh-comment/cmd/review-reply.go:146.17,148.4 1 0
github.com/silouanwright/gh-comment/cmd/review-reply.go:151.3,152.17 2 1
github.com/silouanwright/gh-comment/cmd/review-reply.go:152.17,154.4 1 0
github.com/silouanwright/gh-comment/cmd/review-reply.go:155.3,155.78 1 1
github.com/silouanwright/gh-comment/cmd/review-reply.go:158.2,158.12 1 1
github.com/silouanwright/gh-comment/cmd/review.go:69.13,73.2 3 1
github.com/silouanwright/gh-comment/cmd/review.go:75.57,77.25 1 1
github.com/silouanwright/gh-comment/cmd/review.go:77.25,79.17 2 0
github.com/silouanwright/gh-comment/cmd/review.go:79.17,81.4 1 0
github.com/silouanwright/gh-comment/cmd/review.go:82.3,82.24 1 0
github.com/silouanwright/gh-comment/cmd/review.go:85.2,90.20 4 1
github.com/silouanwright/gh-comment/cmd/review.go:90.20,93.17 2 1
github.com/silouanwright/gh-comment/cmd/review.go:93.17,95.4 1 1
github.com/silouanwright/gh-comment/cmd/review.go:96.3,96.17 1 1
github.com/silouanwright/gh-comment/cmd/review.go:97.8,97.27 1 1
github.com/silouanwright/gh-comment/cmd/review.go:97.27,99.54 1 1
github.com/silouanwright/gh-comment/cmd/review.go:99.54,102.4 1 1
github.com/silouanwright/gh-comment/cmd/review.go:102.9,105.18 2 1
github.com/silouanwright/gh-comment/cmd/review.go:105.18,107.5 1 0
github.com/silouanwright/gh-comment/cmd/review.go:108.4,108.18 1 1
github.com/silouanwright/gh-comment/cmd/review.go:113.2,115.41 3 1
github.com/silouanwright/gh-comment/cmd/review.go:115.41,116.36 1 1
github.com/silouanwright/gh-comment/cmd/review.go:116.36,118.9 2 1
github.com/silouanwright/gh-comment/cmd/review.go:121.2,121.19 1 1
github.com/silouanwright/gh-comment/cmd/review.go:121.19,123.3 1 1
github.com/silouanwright/gh-comment/cmd/review.go:126.2,126.48 1 1
github.com/silouanwright/gh-comment/cmd/review.go:126.48,128.3 1 1
github.com/silouanwright/gh-comment/cmd/review.go:131.2,132.16 2 1
github.com/silouanwright/gh-comment/cmd/review.go:132.16,134.3 1 0
github.com/silouanwright/gh-comment/cmd/review.go:137.2,137.13 1 1
github.com/silouanwright/gh-comment/cmd/review.go:137.13,138.19 1 0
github.com/silouanwright/gh-comment/cmd/review.go:138.19,140.4 1 0
github.com/silouanwright/gh-comment/cmd/review.go:140.9,142.18 2 0
github.com/silouanwright/gh-comment/cmd/review.go:142.18,144.5 1 0
github.com/silouanwright/gh-comment/cmd/review.go:145.4,145.19 1 0
github.com/silouanwright/gh-comment/cmd/review.go:150.2,151.21 2 1
github.com/silouanwright/gh-comment/cmd/review.go:151.21,153.3 1 1
github.com/silouanwright/gh-comment/cmd/review.go:154.2,158.49 3 1
github.com/silouanwright/gh-comment/cmd/review.go:158.49,160.17 2 1
github.com/silouanwright/gh-comment/cmd/review.go:160.17,162.4 1 1
github.com/silouanwright/gh-comment/cmd/review.go:165.3,165.19 1 1
github.com/silouanwright/gh-comment/cmd/review.go:165.19,166.95 1 1
github.com/silouanwright/gh-comment/cmd/review.go:166.95,168.5 1 1
github.com/silouanwright/gh-comment/cmd/review.go:171.3,171.66 1 1
github.com/silouanwright/gh-comment/cmd/review.go:174.2,174.13 1 1
github.com/silouanwright/gh-comment/cmd/review.go:174.13,181.3 6 1
github.com/silouanwright/gh-comment/cmd/review.go:183.2,183.12 1 1
github.com/silouanwright/gh-comment/cmd/review.go:183.12,188.46 5 1
github.com/silouanwright/gh-comment/cmd/review.go:188.46,190.4 1 1
github.com/silouanwright/gh-comment/cmd/review.go:191.3,191.13 1 1
github.com/silouanwright/gh-comment/cmd/review.go:195.2,202.16 3 1
github.com/silouanwright/gh-comment/cmd/review.go:202.16,204.3 1 0
github.com/silouanwright/gh-comment/cmd/review.go:207.2,208.25 2 1
github.com/silouanwright/gh-comment/cmd/review.go:209.17,210.25 1 1
github.com/silouanwright/gh-comment/cmd/review.go:211.25,212.34 1 1
github.com/silouanwright/gh-comment/cmd/review.go:213.17,214.29 1 1
github.com/silouanwright/gh-comment/cmd/review.go:217.2,218.34 2 1
github.com/silouanwright/gh-comment/cmd/review.go:218.34,220.3 1 1
github.com/silouanwright/gh-comment/cmd/review.go:221.2,223.12 2 1
github.com/silouanwright/gh-comment/cmd/review.go:228.77,233.66 2 1
github.com/silouanwright/gh-comment/cmd/review.go:233.66,241.27 5 0
github.com/silouanwright/gh-comment/cmd/review.go:241.27,243.4 1 0
github.com/silouanwright/gh-comment/cmd/review.go:244.3,245.44 2 0
github.com/silouanwright/gh-comment/cmd/review.go:246.8,246.75 1 1
github.com/silouanwright/gh-comment/cmd/review.go:246.75,254.27 5 0
github.com/silouanwright/gh-comment/cmd/review.go:254.27,256.4 1 0
github.com/silouanwright/gh-comment/cmd/review.go:257.3,258.44 2 0
github.com/silouanwright/gh-comment/cmd/review.go:259.8,263.22 2 1
github.com/silouanwright/gh-comment/cmd/review.go:263.22,266.23 2 1
github.com/silouanwright/gh-comment/cmd/review.go:266.23,268.55 1 1
github.com/silouanwright/gh-comment/cmd/review.go:268.55,269.56 1 1
github.com/silouanwright/gh-comment/cmd/review.go:269.56,274.7 3 1
github.com/silouanwright/gh-comment/cmd/review.go:280.3,280.21 1 1
github.com/silouanwright/gh-comment/cmd/review.go:280.21,282.22 2 1
github.com/silouanwright/gh-comment/cmd/review.go:282.22,284.5 1 1
github.com/silouanwright/gh-comment/cmd/review.go:285.4,287.42 3 1
github.com/silouanwright/gh-comment/cmd/review.go:291.2,291.20 1 1
github.com/silouanwright/gh-comment/cmd/review.go:291.20,293.3 1 1
github.com/silouanwright/gh-comment/cmd/review.go:294.2,294.19 1 1
github.com/silouanwright/gh-comment/cmd/review.go:294.19,296.3 1 1
github.com/silouanwright/gh-comment/cmd/review.go:298.2,305.72 2 1
github.com/silouanwright/gh-comment/cmd/review.go:305.72,308.38 2 1
github.com/silouanwright/gh-comment/cmd/review.go:308.38,310.4 1 1
github.com/silouanwright/gh-comment/cmd/review.go:310.9,312.4 1 1
github.com/silouanwright/gh-comment/cmd/review.go:313.3,313.27 1 1
github.com/silouanwright/gh-comment/cmd/review.go:313.27,315.4 1 1
github.com/silouanwright/gh-comment/cmd/review.go:317.3,318.17 2 1
github.com/silouanwright/gh-comment/cmd/review.go:318.17,320.4 1 1
github.com/silouanwright/gh-comment/cmd/review.go:322.3,323.17 2 1
github.com/silouanwright/gh-comment/cmd/review.go:323.17,325.4 1 1
github.com/silouanwright/gh-comment/cmd/review.go:327.3,327.37 1 1
github.com/silouanwright/gh-comment/cmd/review.go:327.37,329.4 1 1
github.com/silouanwright/gh-comment/cmd/review.go:331.3,331.26 1 1
github.com/silouanwright/gh-comment/cmd/review.go:331.26,333.4 1 1
github.com/silouanwright/gh-comment/cmd/review.go:335.3,336.25 2 1
github.com/silouanwright/gh-comment/cmd/review.go:337.8,340.17 2 1
github.com/silouanwright/gh-comment/cmd/review.go:340.17,342.4 1 1
github.com/silouanwright/gh-comment/cmd/review.go:344.3,344.16 1 1
github.com/silouanwright/gh-comment/cmd/review.go:344.16,346.4 1 1
github.com/silouanwright/gh-comment/cmd/review.go:348.3,348.22 1 1
github.com/silouanwright/gh-comment/cmd/review.go:351.2,351.21 1 1
github.com/silouanwright/gh-comment/cmd/review.go:355.120,358.16 2 1
github.com/silouanwright/gh-comment/cmd/review.go:358.16,360.14 1 0
github.com/silouanwright/gh-comment/cmd/review.go:360.14,362.4 1 0
github.com/silouanwright/gh-comment/cmd/review.go:363.3,363.13 1 0
github.com/silouanwright/gh-comment/cmd/review.go:367.2,368.28 2 1
github.com/silouanwright/gh-comment/cmd/review.go:368.28,369.45 1 1
github.com/silouanwright/gh-comment/cmd/review.go:369.45,371.9 2 1
github.com/silouanwright/gh-comment/cmd/review.go:375.2,375.23 1 1
github.com/silouanwright/gh-comment/cmd/review.go:375.23,378.35 2 1
github.com/silouanwright/gh-comment/cmd/review.go:378.35,380.4 1 1
github.com/silouanwright/gh-comment/cmd/review.go:382.3,383.30 2 1
github.com/silouanwright/gh-comment/cmd/review.go:383.30,385.44 2 1
github.com/silouanwright/gh-comment/cmd/review.go:385.44,387.5 1 1
github.com/silouanwright/gh-comment/cmd/review.go:388.4,388.99 1 1
github.com/silouanwright/gh-comment/cmd/review.go:390.3,390.36 1 1
github.com/silouanwright/gh-comment/cmd/review.go:394.2,395.27 2 1
github.com/silouanwright/gh-comment/cmd/review.go:395.27,397.63 1 1
github.com/silouanwright/gh-comment/cmd/review.go:397.63,399.4 1 1
github.com/silouanwright/gh-comment/cmd/review.go:400.8,403.3 1 1
github.com/silouanwright/gh-comment/cmd/review.go:405.2,406.36 2 1
github.com/silouanwright/gh-comment/cmd/review.go:406.36,407.30 1 1
github.com/silouanwright/gh-comment/cmd/review.go:407.30,409.4 1 1
github.com/silouanwright/gh-comment/cmd/review.go:412.2,412.27 1 1
github.com/silouanwright/gh-comment/cmd/review.go:412.27,415.41 2 1
github.com/silouanwright/gh-comment/cmd/review.go:415.41,417.4 1 1
github.com/silouanwright/gh-comment/cmd/review.go:420.3,426.28 4 1
github.com/silouanwright/gh-comment/cmd/review.go:426.28,427.24 1 1
github.com/silouanwright/gh-comment/cmd/review.go:427.24,429.5 1 0
github.com/silouanwright/gh-comment/cmd/review.go:429.10,431.5 1 1
github.com/silouanwright/gh-comment/cmd/review.go:434.3,435.30 2 1
github.com/silouanwright/gh-comment/cmd/review.go:435.30,438.4 2 1
github.com/silouanwright/gh-comment/cmd/review.go:438.9,440.4 1 0
github.com/silouanwright/gh-comment/cmd/review.go:441.3,441.36 1 1
github.com/silouanwright/gh-comment/cmd/review.go:444.2,444.12 1 1
github.com/silouanwright/gh-comment/cmd/root.go:146.22,148.2 1 1
github.com/silouanwright/gh-comment/cmd/root.go:150.13,158.2 5 1
github.com/silouanwright/gh-comment/cmd/root.go:161.39,162.16 1 1
github.com/silouanwright/gh-comment/cmd/root.go:162.16,164.3 1 1
github.com/silouanwright/gh-comment/cmd/root.go:167.2,168.16 2 0
github.com/silouanwright/gh-comment/cmd/root.go:168.16,170.3 1 0
github.com/silouanwright/gh-comment/cmd/root.go:172.2,172.48 1 0
github.com/silouanwright/gh-comment/cmd/root.go:176.34,177.19 1 1
github.com/silouanwright/gh-comment/cmd/root.go:177.19,179.3 1 1
github.com/silouanwright/gh-comment/cmd/root.go:182.2,183.16 2 1
github.com/silouanwright/gh-comment/cmd/root.go:183.16,185.3 1 1
github.com/silouanwright/gh-comment/cmd/root.go:187.2,189.16 3 0
github.com/silouanwright/gh-comment/cmd/root.go:189.16,191.3 1 0
github.com/silouanwright/gh-comment/cmd/root.go:193.2,193.16 1 0
github.com/silouanwright/gh-comment/cmd/suggestions.go:9.47,17.2 3 1
github.com/silouanwright/gh-comment/cmd/suggestions.go:20.53,23.6 2 1
github.com/silouanwright/gh-comment/cmd/suggestions.go:23.6,25.18 2 1
github.com/silouanwright/gh-comment/cmd/suggestions.go:25.18,26.9 1 1
github.com/silouanwright/gh-comment/cmd/suggestions.go:30.3,34.47 4 1
github.com/silouanwright/gh-comment/cmd/suggestions.go:34.47,36.19 2 1
github.com/silouanwright/gh-comment/cmd/suggestions.go:36.19,38.5 1 1
github.com/silouanwright/gh-comment/cmd/suggestions.go:38.10,38.26 1 1
github.com/silouanwright/gh-comment/cmd/suggestions.go:38.26,39.26 1 1
github.com/silouanwright/gh-comment/cmd/suggestions.go:39.26,41.11 2 1
github.com/silouanwright/gh-comment/cmd/suggestions.go:43.5,43.19 1 1
github.com/silouanwright/gh-comment/cmd/suggestions.go:47.3,47.16 1 1
github.com/silouanwright/gh-comment/cmd/suggestions.go:47.16,48.9 1 1
github.com/silouanwright/gh-comment/cmd/suggestions.go:52.3,58.57 3 1
github.com/silouanwright/gh-comment/cmd/suggestions.go:61.2,61.15 1 1
github.com/silouanwright/gh-comment/cmd/suggestions.go:65.56,69.68 2 1
github.com/silouanwright/gh-comment/cmd/suggestions.go:69.68,72.26 2 1
github.com/silouanwright/gh-comment/cmd/suggestions.go:72.26,74.4 1 0
github.com/silouanwright/gh-comment/cmd/suggestions.go:76.3,77.52 2 1
