mode: set
github.com/silouanwright/gh-comment/cmd/add-review.go:52.13,58.2 5 0
github.com/silouanwright/gh-comment/cmd/add-review.go:60.60,62.28 1 0
github.com/silouanwright/gh-comment/cmd/add-review.go:62.28,64.3 1 0
github.com/silouanwright/gh-comment/cmd/add-review.go:66.2,71.20 4 0
github.com/silouanwright/gh-comment/cmd/add-review.go:71.20,74.17 2 0
github.com/silouanwright/gh-comment/cmd/add-review.go:74.17,76.4 1 0
github.com/silouanwright/gh-comment/cmd/add-review.go:77.3,77.17 1 0
github.com/silouanwright/gh-comment/cmd/add-review.go:78.8,78.27 1 0
github.com/silouanwright/gh-comment/cmd/add-review.go:78.27,80.54 1 0
github.com/silouanwright/gh-comment/cmd/add-review.go:80.54,83.4 1 0
github.com/silouanwright/gh-comment/cmd/add-review.go:83.9,86.18 2 0
github.com/silouanwright/gh-comment/cmd/add-review.go:86.18,88.5 1 0
github.com/silouanwright/gh-comment/cmd/add-review.go:89.4,89.18 1 0
github.com/silouanwright/gh-comment/cmd/add-review.go:91.8,94.17 2 0
github.com/silouanwright/gh-comment/cmd/add-review.go:94.17,96.4 1 0
github.com/silouanwright/gh-comment/cmd/add-review.go:100.2,100.22 1 0
github.com/silouanwright/gh-comment/cmd/add-review.go:100.22,102.3 1 0
github.com/silouanwright/gh-comment/cmd/add-review.go:105.2,105.30 1 0
github.com/silouanwright/gh-comment/cmd/add-review.go:105.30,107.3 1 0
github.com/silouanwright/gh-comment/cmd/add-review.go:110.2,111.16 2 0
github.com/silouanwright/gh-comment/cmd/add-review.go:111.16,113.3 1 0
github.com/silouanwright/gh-comment/cmd/add-review.go:115.2,115.13 1 0
github.com/silouanwright/gh-comment/cmd/add-review.go:115.13,122.3 6 0
github.com/silouanwright/gh-comment/cmd/add-review.go:124.2,124.12 1 0
github.com/silouanwright/gh-comment/cmd/add-review.go:124.12,129.42 5 0
github.com/silouanwright/gh-comment/cmd/add-review.go:129.42,131.4 1 0
github.com/silouanwright/gh-comment/cmd/add-review.go:132.3,132.13 1 0
github.com/silouanwright/gh-comment/cmd/add-review.go:136.2,137.21 2 0
github.com/silouanwright/gh-comment/cmd/add-review.go:137.21,139.3 1 0
github.com/silouanwright/gh-comment/cmd/add-review.go:140.2,143.106 2 0
github.com/silouanwright/gh-comment/cmd/add-review.go:146.133,149.16 2 0
github.com/silouanwright/gh-comment/cmd/add-review.go:149.16,151.3 1 0
github.com/silouanwright/gh-comment/cmd/add-review.go:154.2,155.64 2 0
github.com/silouanwright/gh-comment/cmd/add-review.go:155.64,156.42 1 0
github.com/silouanwright/gh-comment/cmd/add-review.go:156.42,158.4 1 0
github.com/silouanwright/gh-comment/cmd/add-review.go:158.9,160.4 1 0
github.com/silouanwright/gh-comment/cmd/add-review.go:161.8,163.3 1 0
github.com/silouanwright/gh-comment/cmd/add-review.go:166.2,167.36 2 0
github.com/silouanwright/gh-comment/cmd/add-review.go:167.36,169.17 2 0
github.com/silouanwright/gh-comment/cmd/add-review.go:169.17,171.4 1 0
github.com/silouanwright/gh-comment/cmd/add-review.go:172.3,172.51 1 0
github.com/silouanwright/gh-comment/cmd/add-review.go:176.2,182.17 2 0
github.com/silouanwright/gh-comment/cmd/add-review.go:182.17,184.3 1 0
github.com/silouanwright/gh-comment/cmd/add-review.go:184.8,186.3 1 0
github.com/silouanwright/gh-comment/cmd/add-review.go:189.2,190.16 2 0
github.com/silouanwright/gh-comment/cmd/add-review.go:190.16,192.3 1 0
github.com/silouanwright/gh-comment/cmd/add-review.go:195.2,195.17 1 0
github.com/silouanwright/gh-comment/cmd/add-review.go:195.17,198.3 2 0
github.com/silouanwright/gh-comment/cmd/add-review.go:198.8,200.3 1 0
github.com/silouanwright/gh-comment/cmd/add-review.go:202.2,202.12 1 0
github.com/silouanwright/gh-comment/cmd/add-review.go:205.82,208.20 2 0
github.com/silouanwright/gh-comment/cmd/add-review.go:208.20,210.3 1 0
github.com/silouanwright/gh-comment/cmd/add-review.go:212.2,215.21 2 0
github.com/silouanwright/gh-comment/cmd/add-review.go:215.21,217.17 2 0
github.com/silouanwright/gh-comment/cmd/add-review.go:217.17,219.18 2 0
github.com/silouanwright/gh-comment/cmd/add-review.go:219.18,221.28 1 0
github.com/silouanwright/gh-comment/cmd/add-review.go:221.28,223.6 1 0
github.com/silouanwright/gh-comment/cmd/add-review.go:226.5,227.35 2 0
github.com/silouanwright/gh-comment/cmd/add-review.go:227.35,229.6 1 0
github.com/silouanwright/gh-comment/cmd/add-review.go:231.5,238.11 1 0
github.com/silouanwright/gh-comment/cmd/add-review.go:244.2,245.16 2 0
github.com/silouanwright/gh-comment/cmd/add-review.go:245.16,247.3 1 0
github.com/silouanwright/gh-comment/cmd/add-review.go:250.2,251.32 2 0
github.com/silouanwright/gh-comment/cmd/add-review.go:251.32,253.3 1 0
github.com/silouanwright/gh-comment/cmd/add-review.go:255.2,260.8 1 0
github.com/silouanwright/gh-comment/cmd/add.go:46.13,50.2 3 0
github.com/silouanwright/gh-comment/cmd/add.go:52.54,54.22 1 0
github.com/silouanwright/gh-comment/cmd/add.go:54.22,56.3 1 0
github.com/silouanwright/gh-comment/cmd/add.go:58.2,63.20 4 0
github.com/silouanwright/gh-comment/cmd/add.go:63.20,66.17 2 0
github.com/silouanwright/gh-comment/cmd/add.go:66.17,68.4 1 0
github.com/silouanwright/gh-comment/cmd/add.go:69.3,71.20 3 0
github.com/silouanwright/gh-comment/cmd/add.go:72.8,72.27 1 0
github.com/silouanwright/gh-comment/cmd/add.go:72.27,75.17 2 0
github.com/silouanwright/gh-comment/cmd/add.go:75.17,77.4 1 0
github.com/silouanwright/gh-comment/cmd/add.go:78.3,80.20 3 0
github.com/silouanwright/gh-comment/cmd/add.go:81.8,81.48 1 0
github.com/silouanwright/gh-comment/cmd/add.go:81.48,84.17 2 0
github.com/silouanwright/gh-comment/cmd/add.go:84.17,86.4 1 0
github.com/silouanwright/gh-comment/cmd/add.go:87.3,89.41 3 0
github.com/silouanwright/gh-comment/cmd/add.go:90.8,90.48 1 0
github.com/silouanwright/gh-comment/cmd/add.go:90.48,93.17 2 0
github.com/silouanwright/gh-comment/cmd/add.go:93.17,95.4 1 0
github.com/silouanwright/gh-comment/cmd/add.go:96.3,98.41 3 0
github.com/silouanwright/gh-comment/cmd/add.go:99.8,101.3 1 0
github.com/silouanwright/gh-comment/cmd/add.go:104.2,105.16 2 0
github.com/silouanwright/gh-comment/cmd/add.go:105.16,107.3 1 0
github.com/silouanwright/gh-comment/cmd/add.go:110.2,111.16 2 0
github.com/silouanwright/gh-comment/cmd/add.go:111.16,113.3 1 0
github.com/silouanwright/gh-comment/cmd/add.go:116.2,117.25 2 0
github.com/silouanwright/gh-comment/cmd/add.go:117.25,119.3 1 0
github.com/silouanwright/gh-comment/cmd/add.go:119.8,121.3 1 0
github.com/silouanwright/gh-comment/cmd/add.go:123.2,123.13 1 0
github.com/silouanwright/gh-comment/cmd/add.go:123.13,128.27 5 0
github.com/silouanwright/gh-comment/cmd/add.go:128.27,130.4 1 0
github.com/silouanwright/gh-comment/cmd/add.go:131.3,132.62 2 0
github.com/silouanwright/gh-comment/cmd/add.go:135.2,135.12 1 0
github.com/silouanwright/gh-comment/cmd/add.go:135.12,137.27 2 0
github.com/silouanwright/gh-comment/cmd/add.go:137.27,139.4 1 0
github.com/silouanwright/gh-comment/cmd/add.go:140.3,141.13 2 0
github.com/silouanwright/gh-comment/cmd/add.go:145.2,146.21 2 0
github.com/silouanwright/gh-comment/cmd/add.go:146.21,148.3 1 0
github.com/silouanwright/gh-comment/cmd/add.go:149.2,159.26 3 0
github.com/silouanwright/gh-comment/cmd/add.go:159.26,162.3 2 0
github.com/silouanwright/gh-comment/cmd/add.go:165.2,166.16 2 0
github.com/silouanwright/gh-comment/cmd/add.go:166.16,168.3 1 0
github.com/silouanwright/gh-comment/cmd/add.go:171.2,171.64 1 0
github.com/silouanwright/gh-comment/cmd/add.go:171.64,172.42 1 0
github.com/silouanwright/gh-comment/cmd/add.go:172.42,174.4 1 0
github.com/silouanwright/gh-comment/cmd/add.go:174.9,176.4 1 0
github.com/silouanwright/gh-comment/cmd/add.go:177.8,179.3 1 0
github.com/silouanwright/gh-comment/cmd/add.go:182.2,183.16 2 0
github.com/silouanwright/gh-comment/cmd/add.go:183.16,185.3 1 0
github.com/silouanwright/gh-comment/cmd/add.go:188.2,189.26 2 0
github.com/silouanwright/gh-comment/cmd/add.go:189.26,191.3 1 0
github.com/silouanwright/gh-comment/cmd/add.go:192.2,194.12 2 0
github.com/silouanwright/gh-comment/cmd/add.go:197.55,198.37 1 0
github.com/silouanwright/gh-comment/cmd/add.go:198.37,201.22 2 0
github.com/silouanwright/gh-comment/cmd/add.go:201.22,203.4 1 0
github.com/silouanwright/gh-comment/cmd/add.go:205.3,206.17 2 0
github.com/silouanwright/gh-comment/cmd/add.go:206.17,208.4 1 0
github.com/silouanwright/gh-comment/cmd/add.go:210.3,211.17 2 0
github.com/silouanwright/gh-comment/cmd/add.go:211.17,213.4 1 0
github.com/silouanwright/gh-comment/cmd/add.go:215.3,215.18 1 0
github.com/silouanwright/gh-comment/cmd/add.go:215.18,217.4 1 0
github.com/silouanwright/gh-comment/cmd/add.go:219.3,219.25 1 0
github.com/silouanwright/gh-comment/cmd/add.go:220.8,223.17 2 0
github.com/silouanwright/gh-comment/cmd/add.go:223.17,225.4 1 0
github.com/silouanwright/gh-comment/cmd/add.go:226.3,226.25 1 0
github.com/silouanwright/gh-comment/cmd/batch.go:94.13,96.2 1 0
github.com/silouanwright/gh-comment/cmd/batch.go:98.56,100.24 1 0
github.com/silouanwright/gh-comment/cmd/batch.go:100.24,102.3 1 0
github.com/silouanwright/gh-comment/cmd/batch.go:105.2,107.16 3 0
github.com/silouanwright/gh-comment/cmd/batch.go:107.16,109.3 1 0
github.com/silouanwright/gh-comment/cmd/batch.go:112.2,114.16 3 0
github.com/silouanwright/gh-comment/cmd/batch.go:114.16,116.3 1 0
github.com/silouanwright/gh-comment/cmd/batch.go:119.2,119.20 1 0
github.com/silouanwright/gh-comment/cmd/batch.go:119.20,121.3 1 0
github.com/silouanwright/gh-comment/cmd/batch.go:123.2,124.23 2 0
github.com/silouanwright/gh-comment/cmd/batch.go:124.23,126.3 1 0
github.com/silouanwright/gh-comment/cmd/batch.go:129.2,129.22 1 0
github.com/silouanwright/gh-comment/cmd/batch.go:129.22,131.17 2 0
github.com/silouanwright/gh-comment/cmd/batch.go:131.17,133.4 1 0
github.com/silouanwright/gh-comment/cmd/batch.go:137.2,138.21 2 0
github.com/silouanwright/gh-comment/cmd/batch.go:138.21,140.3 1 0
github.com/silouanwright/gh-comment/cmd/batch.go:141.2,143.13 2 0
github.com/silouanwright/gh-comment/cmd/batch.go:143.13,148.27 5 0
github.com/silouanwright/gh-comment/cmd/batch.go:148.27,150.4 1 0
github.com/silouanwright/gh-comment/cmd/batch.go:151.3,151.16 1 0
github.com/silouanwright/gh-comment/cmd/batch.go:154.2,154.12 1 0
github.com/silouanwright/gh-comment/cmd/batch.go:154.12,156.43 2 0
github.com/silouanwright/gh-comment/cmd/batch.go:156.43,158.4 1 0
github.com/silouanwright/gh-comment/cmd/batch.go:159.3,159.27 1 0
github.com/silouanwright/gh-comment/cmd/batch.go:159.27,161.4 1 0
github.com/silouanwright/gh-comment/cmd/batch.go:162.3,162.13 1 0
github.com/silouanwright/gh-comment/cmd/batch.go:166.2,166.71 1 0
github.com/silouanwright/gh-comment/cmd/batch.go:169.63,172.16 2 0
github.com/silouanwright/gh-comment/cmd/batch.go:172.16,174.3 1 0
github.com/silouanwright/gh-comment/cmd/batch.go:177.2,179.16 3 0
github.com/silouanwright/gh-comment/cmd/batch.go:179.16,181.3 1 0
github.com/silouanwright/gh-comment/cmd/batch.go:184.2,184.55 1 0
github.com/silouanwright/gh-comment/cmd/batch.go:184.55,186.3 1 0
github.com/silouanwright/gh-comment/cmd/batch.go:189.2,189.42 1 0
github.com/silouanwright/gh-comment/cmd/batch.go:189.42,190.25 1 0
github.com/silouanwright/gh-comment/cmd/batch.go:190.25,192.4 1 0
github.com/silouanwright/gh-comment/cmd/batch.go:193.3,193.28 1 0
github.com/silouanwright/gh-comment/cmd/batch.go:193.28,195.4 1 0
github.com/silouanwright/gh-comment/cmd/batch.go:196.3,196.47 1 0
github.com/silouanwright/gh-comment/cmd/batch.go:196.47,198.4 1 0
github.com/silouanwright/gh-comment/cmd/batch.go:199.3,199.47 1 0
github.com/silouanwright/gh-comment/cmd/batch.go:199.47,201.4 1 0
github.com/silouanwright/gh-comment/cmd/batch.go:202.3,202.80 1 0
github.com/silouanwright/gh-comment/cmd/batch.go:202.80,204.4 1 0
github.com/silouanwright/gh-comment/cmd/batch.go:208.2,208.26 1 0
github.com/silouanwright/gh-comment/cmd/batch.go:208.26,209.32 1 0
github.com/silouanwright/gh-comment/cmd/batch.go:209.32,212.43 3 0
github.com/silouanwright/gh-comment/cmd/batch.go:212.43,213.42 1 0
github.com/silouanwright/gh-comment/cmd/batch.go:213.42,215.11 2 0
github.com/silouanwright/gh-comment/cmd/batch.go:218.4,218.16 1 0
github.com/silouanwright/gh-comment/cmd/batch.go:218.16,220.5 1 0
github.com/silouanwright/gh-comment/cmd/batch.go:224.2,224.21 1 0
github.com/silouanwright/gh-comment/cmd/batch.go:227.107,229.26 1 0
github.com/silouanwright/gh-comment/cmd/batch.go:229.26,231.3 1 0
github.com/silouanwright/gh-comment/cmd/batch.go:234.2,234.76 1 0
github.com/silouanwright/gh-comment/cmd/batch.go:237.102,241.42 2 0
github.com/silouanwright/gh-comment/cmd/batch.go:241.42,242.30 1 0
github.com/silouanwright/gh-comment/cmd/batch.go:242.30,244.15 1 0
github.com/silouanwright/gh-comment/cmd/batch.go:244.15,246.5 1 0
github.com/silouanwright/gh-comment/cmd/batch.go:247.4,248.18 2 0
github.com/silouanwright/gh-comment/cmd/batch.go:248.18,250.5 1 0
github.com/silouanwright/gh-comment/cmd/batch.go:251.4,251.12 1 0
github.com/silouanwright/gh-comment/cmd/batch.go:255.3,256.17 2 0
github.com/silouanwright/gh-comment/cmd/batch.go:256.17,258.4 1 0
github.com/silouanwright/gh-comment/cmd/batch.go:260.3,261.10 2 0
github.com/silouanwright/gh-comment/cmd/batch.go:261.10,263.4 1 0
github.com/silouanwright/gh-comment/cmd/batch.go:266.3,273.26 2 0
github.com/silouanwright/gh-comment/cmd/batch.go:273.26,275.18 2 0
github.com/silouanwright/gh-comment/cmd/batch.go:275.18,277.5 1 0
github.com/silouanwright/gh-comment/cmd/batch.go:278.4,279.32 2 0
github.com/silouanwright/gh-comment/cmd/batch.go:280.9,282.4 1 0
github.com/silouanwright/gh-comment/cmd/batch.go:284.3,284.57 1 0
github.com/silouanwright/gh-comment/cmd/batch.go:288.2,294.29 2 0
github.com/silouanwright/gh-comment/cmd/batch.go:294.29,296.3 1 0
github.com/silouanwright/gh-comment/cmd/batch.go:298.2,299.16 2 0
github.com/silouanwright/gh-comment/cmd/batch.go:299.16,301.3 1 0
github.com/silouanwright/gh-comment/cmd/batch.go:303.2,304.12 2 0
github.com/silouanwright/gh-comment/cmd/batch.go:307.117,310.35 2 0
github.com/silouanwright/gh-comment/cmd/batch.go:310.35,311.14 1 0
github.com/silouanwright/gh-comment/cmd/batch.go:311.14,313.4 1 0
github.com/silouanwright/gh-comment/cmd/batch.go:315.3,316.24 2 0
github.com/silouanwright/gh-comment/cmd/batch.go:316.24,318.4 1 0
github.com/silouanwright/gh-comment/cmd/batch.go:320.3,321.29 2 0
github.com/silouanwright/gh-comment/cmd/batch.go:321.29,323.4 1 0
github.com/silouanwright/gh-comment/cmd/batch.go:323.9,326.18 2 0
github.com/silouanwright/gh-comment/cmd/batch.go:326.18,328.5 1 0
github.com/silouanwright/gh-comment/cmd/batch.go:330.4,331.11 2 0
github.com/silouanwright/gh-comment/cmd/batch.go:331.11,333.5 1 0
github.com/silouanwright/gh-comment/cmd/batch.go:335.4,342.27 2 0
github.com/silouanwright/gh-comment/cmd/batch.go:342.27,344.19 2 0
github.com/silouanwright/gh-comment/cmd/batch.go:344.19,346.6 1 0
github.com/silouanwright/gh-comment/cmd/batch.go:347.5,348.33 2 0
github.com/silouanwright/gh-comment/cmd/batch.go:349.10,351.5 1 0
github.com/silouanwright/gh-comment/cmd/batch.go:353.4,353.65 1 0
github.com/silouanwright/gh-comment/cmd/batch.go:356.3,356.17 1 0
github.com/silouanwright/gh-comment/cmd/batch.go:356.17,358.4 1 0
github.com/silouanwright/gh-comment/cmd/batch.go:360.3,360.17 1 0
github.com/silouanwright/gh-comment/cmd/batch.go:363.2,364.12 2 0
github.com/silouanwright/gh-comment/cmd/batch.go:368.54,369.25 1 0
github.com/silouanwright/gh-comment/cmd/batch.go:369.25,371.3 1 0
github.com/silouanwright/gh-comment/cmd/batch.go:372.2,372.40 1 0
github.com/silouanwright/gh-comment/cmd/batch.go:375.57,376.28 1 0
github.com/silouanwright/gh-comment/cmd/batch.go:376.28,378.3 1 0
github.com/silouanwright/gh-comment/cmd/batch.go:379.2,379.35 1 0
github.com/silouanwright/gh-comment/cmd/batch.go:382.70,384.21 2 0
github.com/silouanwright/gh-comment/cmd/batch.go:384.21,386.3 1 0
github.com/silouanwright/gh-comment/cmd/batch.go:388.2,389.16 2 0
github.com/silouanwright/gh-comment/cmd/batch.go:389.16,391.3 1 0
github.com/silouanwright/gh-comment/cmd/batch.go:393.2,394.16 2 0
github.com/silouanwright/gh-comment/cmd/batch.go:394.16,396.3 1 0
github.com/silouanwright/gh-comment/cmd/batch.go:398.2,398.36 1 0
github.com/silouanwright/gh-comment/cmd/batch.go:398.36,400.3 1 0
github.com/silouanwright/gh-comment/cmd/batch.go:402.2,402.25 1 0
github.com/silouanwright/gh-comment/cmd/batch.go:402.25,404.3 1 0
github.com/silouanwright/gh-comment/cmd/batch.go:406.2,406.32 1 0
github.com/silouanwright/gh-comment/cmd/edit.go:48.13,51.2 2 0
github.com/silouanwright/gh-comment/cmd/edit.go:53.55,55.23 1 0
github.com/silouanwright/gh-comment/cmd/edit.go:55.23,57.3 1 0
github.com/silouanwright/gh-comment/cmd/edit.go:60.2,61.16 2 0
github.com/silouanwright/gh-comment/cmd/edit.go:61.16,63.3 1 0
github.com/silouanwright/gh-comment/cmd/edit.go:65.2,68.20 2 0
github.com/silouanwright/gh-comment/cmd/edit.go:68.20,70.3 1 0
github.com/silouanwright/gh-comment/cmd/edit.go:70.8,70.34 1 0
github.com/silouanwright/gh-comment/cmd/edit.go:70.34,72.3 1 0
github.com/silouanwright/gh-comment/cmd/edit.go:72.8,74.3 1 0
github.com/silouanwright/gh-comment/cmd/edit.go:77.2,78.16 2 0
github.com/silouanwright/gh-comment/cmd/edit.go:78.16,80.3 1 0
github.com/silouanwright/gh-comment/cmd/edit.go:83.2,84.21 2 0
github.com/silouanwright/gh-comment/cmd/edit.go:84.21,86.3 1 0
github.com/silouanwright/gh-comment/cmd/edit.go:87.2,89.13 2 0
github.com/silouanwright/gh-comment/cmd/edit.go:89.13,94.3 4 0
github.com/silouanwright/gh-comment/cmd/edit.go:96.2,96.12 1 0
github.com/silouanwright/gh-comment/cmd/edit.go:96.12,100.3 3 0
github.com/silouanwright/gh-comment/cmd/edit.go:103.2,104.16 2 0
github.com/silouanwright/gh-comment/cmd/edit.go:104.16,106.3 1 0
github.com/silouanwright/gh-comment/cmd/edit.go:108.2,109.12 2 0
github.com/silouanwright/gh-comment/cmd/helpers.go:15.54,17.16 2 0
github.com/silouanwright/gh-comment/cmd/helpers.go:17.16,19.3 1 0
github.com/silouanwright/gh-comment/cmd/helpers.go:21.2,21.18 1 0
github.com/silouanwright/gh-comment/cmd/helpers.go:21.18,23.3 1 0
github.com/silouanwright/gh-comment/cmd/helpers.go:23.8,25.17 2 0
github.com/silouanwright/gh-comment/cmd/helpers.go:25.17,27.4 1 0
github.com/silouanwright/gh-comment/cmd/helpers.go:30.2,30.22 1 0
github.com/silouanwright/gh-comment/cmd/helpers.go:34.66,36.2 1 0
github.com/silouanwright/gh-comment/cmd/helpers.go:39.65,41.2 1 0
github.com/silouanwright/gh-comment/cmd/helpers.go:44.73,46.2 1 0
github.com/silouanwright/gh-comment/cmd/list.go:86.13,104.2 11 0
github.com/silouanwright/gh-comment/cmd/list.go:106.55,108.23 1 0
github.com/silouanwright/gh-comment/cmd/list.go:108.23,110.17 2 0
github.com/silouanwright/gh-comment/cmd/list.go:110.17,112.4 1 0
github.com/silouanwright/gh-comment/cmd/list.go:113.3,113.26 1 0
github.com/silouanwright/gh-comment/cmd/list.go:117.2,117.50 1 0
github.com/silouanwright/gh-comment/cmd/list.go:117.50,119.3 1 0
github.com/silouanwright/gh-comment/cmd/list.go:121.2,125.20 3 0
github.com/silouanwright/gh-comment/cmd/list.go:125.20,127.17 2 0
github.com/silouanwright/gh-comment/cmd/list.go:127.17,129.4 1 0
github.com/silouanwright/gh-comment/cmd/list.go:130.8,133.17 2 0
github.com/silouanwright/gh-comment/cmd/list.go:133.17,135.4 1 0
github.com/silouanwright/gh-comment/cmd/list.go:139.2,140.16 2 0
github.com/silouanwright/gh-comment/cmd/list.go:140.16,142.3 1 0
github.com/silouanwright/gh-comment/cmd/list.go:144.2,144.13 1 0
github.com/silouanwright/gh-comment/cmd/list.go:144.13,151.19 7 0
github.com/silouanwright/gh-comment/cmd/list.go:151.19,153.4 1 0
github.com/silouanwright/gh-comment/cmd/list.go:154.3,154.16 1 0
github.com/silouanwright/gh-comment/cmd/list.go:158.2,159.16 2 0
github.com/silouanwright/gh-comment/cmd/list.go:159.16,161.3 1 0
github.com/silouanwright/gh-comment/cmd/list.go:164.2,169.12 3 0
github.com/silouanwright/gh-comment/cmd/list.go:193.88,196.21 2 0
github.com/silouanwright/gh-comment/cmd/list.go:196.21,198.3 1 0
github.com/silouanwright/gh-comment/cmd/list.go:199.2,205.16 4 0
github.com/silouanwright/gh-comment/cmd/list.go:205.16,207.3 1 0
github.com/silouanwright/gh-comment/cmd/list.go:210.2,210.40 1 0
github.com/silouanwright/gh-comment/cmd/list.go:210.40,220.3 1 0
github.com/silouanwright/gh-comment/cmd/list.go:223.2,224.16 2 0
github.com/silouanwright/gh-comment/cmd/list.go:224.16,226.3 1 0
github.com/silouanwright/gh-comment/cmd/list.go:229.2,229.41 1 0
github.com/silouanwright/gh-comment/cmd/list.go:229.41,241.3 1 0
github.com/silouanwright/gh-comment/cmd/list.go:243.2,243.25 1 0
github.com/silouanwright/gh-comment/cmd/list.go:246.38,249.60 2 0
github.com/silouanwright/gh-comment/cmd/list.go:249.60,251.3 1 0
github.com/silouanwright/gh-comment/cmd/list.go:254.2,255.61 2 0
github.com/silouanwright/gh-comment/cmd/list.go:255.61,257.3 1 0
github.com/silouanwright/gh-comment/cmd/list.go:260.2,260.17 1 0
github.com/silouanwright/gh-comment/cmd/list.go:260.17,262.17 2 0
github.com/silouanwright/gh-comment/cmd/list.go:262.17,264.4 1 0
github.com/silouanwright/gh-comment/cmd/list.go:265.3,265.26 1 0
github.com/silouanwright/gh-comment/cmd/list.go:269.2,269.17 1 0
github.com/silouanwright/gh-comment/cmd/list.go:269.17,271.17 2 0
github.com/silouanwright/gh-comment/cmd/list.go:271.17,273.4 1 0
github.com/silouanwright/gh-comment/cmd/list.go:274.3,274.26 1 0
github.com/silouanwright/gh-comment/cmd/list.go:278.2,278.73 1 0
github.com/silouanwright/gh-comment/cmd/list.go:278.73,280.3 1 0
github.com/silouanwright/gh-comment/cmd/list.go:282.2,282.12 1 0
github.com/silouanwright/gh-comment/cmd/list.go:285.59,290.40 3 0
github.com/silouanwright/gh-comment/cmd/list.go:290.40,292.3 1 0
github.com/silouanwright/gh-comment/cmd/list.go:295.2,304.33 2 0
github.com/silouanwright/gh-comment/cmd/list.go:304.33,305.61 1 0
github.com/silouanwright/gh-comment/cmd/list.go:305.61,307.4 1 0
github.com/silouanwright/gh-comment/cmd/list.go:310.2,310.126 1 0
github.com/silouanwright/gh-comment/cmd/list.go:313.78,318.21 3 0
github.com/silouanwright/gh-comment/cmd/list.go:318.21,320.3 1 0
github.com/silouanwright/gh-comment/cmd/list.go:322.2,323.16 2 0
github.com/silouanwright/gh-comment/cmd/list.go:323.16,325.3 1 0
github.com/silouanwright/gh-comment/cmd/list.go:327.2,329.34 2 0
github.com/silouanwright/gh-comment/cmd/list.go:329.34,331.3 1 0
github.com/silouanwright/gh-comment/cmd/list.go:333.2,333.14 1 0
github.com/silouanwright/gh-comment/cmd/list.go:334.16,335.60 1 0
github.com/silouanwright/gh-comment/cmd/list.go:336.16,337.60 1 0
github.com/silouanwright/gh-comment/cmd/list.go:338.14,339.58 1 0
github.com/silouanwright/gh-comment/cmd/list.go:340.13,341.41 1 0
github.com/silouanwright/gh-comment/cmd/list.go:342.14,343.43 1 0
github.com/silouanwright/gh-comment/cmd/list.go:344.15,345.41 1 0
github.com/silouanwright/gh-comment/cmd/list.go:346.14,347.41 1 0
github.com/silouanwright/gh-comment/cmd/list.go:348.10,349.68 1 0
github.com/silouanwright/gh-comment/cmd/list.go:353.51,356.35 2 0
github.com/silouanwright/gh-comment/cmd/list.go:356.35,358.67 1 0
github.com/silouanwright/gh-comment/cmd/list.go:358.67,359.12 1 0
github.com/silouanwright/gh-comment/cmd/list.go:363.3,363.52 1 0
github.com/silouanwright/gh-comment/cmd/list.go:363.52,364.12 1 0
github.com/silouanwright/gh-comment/cmd/list.go:368.3,368.37 1 0
github.com/silouanwright/gh-comment/cmd/list.go:368.38,370.4 0 0
github.com/silouanwright/gh-comment/cmd/list.go:370.9,370.28 1 0
github.com/silouanwright/gh-comment/cmd/list.go:370.28,373.28 1 0
github.com/silouanwright/gh-comment/cmd/list.go:373.28,374.13 1 0
github.com/silouanwright/gh-comment/cmd/list.go:376.9,376.27 1 0
github.com/silouanwright/gh-comment/cmd/list.go:376.27,378.28 1 0
github.com/silouanwright/gh-comment/cmd/list.go:378.28,379.13 1 0
github.com/silouanwright/gh-comment/cmd/list.go:384.3,384.22 1 0
github.com/silouanwright/gh-comment/cmd/list.go:384.22,388.28 1 0
github.com/silouanwright/gh-comment/cmd/list.go:388.28,389.13 1 0
github.com/silouanwright/gh-comment/cmd/list.go:394.3,394.63 1 0
github.com/silouanwright/gh-comment/cmd/list.go:394.63,395.12 1 0
github.com/silouanwright/gh-comment/cmd/list.go:397.3,397.62 1 0
github.com/silouanwright/gh-comment/cmd/list.go:397.62,398.12 1 0
github.com/silouanwright/gh-comment/cmd/list.go:401.3,401.39 1 0
github.com/silouanwright/gh-comment/cmd/list.go:404.2,404.17 1 0
github.com/silouanwright/gh-comment/cmd/list.go:407.54,409.22 1 0
github.com/silouanwright/gh-comment/cmd/list.go:409.22,411.3 1 0
github.com/silouanwright/gh-comment/cmd/list.go:414.2,414.35 1 0
github.com/silouanwright/gh-comment/cmd/list.go:414.35,419.81 3 0
github.com/silouanwright/gh-comment/cmd/list.go:419.81,421.4 1 0
github.com/silouanwright/gh-comment/cmd/list.go:425.2,425.75 1 0
github.com/silouanwright/gh-comment/cmd/list.go:428.55,429.26 1 0
github.com/silouanwright/gh-comment/cmd/list.go:429.26,430.16 1 0
github.com/silouanwright/gh-comment/cmd/list.go:430.16,432.4 1 0
github.com/silouanwright/gh-comment/cmd/list.go:434.2,434.14 1 0
github.com/silouanwright/gh-comment/cmd/list.go:437.50,438.24 1 0
github.com/silouanwright/gh-comment/cmd/list.go:438.24,441.3 2 0
github.com/silouanwright/gh-comment/cmd/list.go:443.2,447.35 3 0
github.com/silouanwright/gh-comment/cmd/list.go:447.35,449.30 1 0
github.com/silouanwright/gh-comment/cmd/list.go:449.30,451.4 1 0
github.com/silouanwright/gh-comment/cmd/list.go:451.9,451.38 1 0
github.com/silouanwright/gh-comment/cmd/list.go:451.38,453.4 1 0
github.com/silouanwright/gh-comment/cmd/list.go:453.9,455.4 1 0
github.com/silouanwright/gh-comment/cmd/list.go:459.2,459.28 1 0
github.com/silouanwright/gh-comment/cmd/list.go:459.28,462.41 3 0
github.com/silouanwright/gh-comment/cmd/list.go:462.41,464.4 1 0
github.com/silouanwright/gh-comment/cmd/list.go:465.3,465.16 1 0
github.com/silouanwright/gh-comment/cmd/list.go:469.2,469.29 1 0
github.com/silouanwright/gh-comment/cmd/list.go:469.29,472.42 3 0
github.com/silouanwright/gh-comment/cmd/list.go:472.42,474.4 1 0
github.com/silouanwright/gh-comment/cmd/list.go:475.3,475.16 1 0
github.com/silouanwright/gh-comment/cmd/list.go:479.2,479.27 1 0
github.com/silouanwright/gh-comment/cmd/list.go:479.27,482.40 3 0
github.com/silouanwright/gh-comment/cmd/list.go:482.40,484.4 1 0
github.com/silouanwright/gh-comment/cmd/list.go:488.49,491.17 2 0
github.com/silouanwright/gh-comment/cmd/list.go:491.17,493.3 1 0
github.com/silouanwright/gh-comment/cmd/list.go:493.8,495.3 1 0
github.com/silouanwright/gh-comment/cmd/list.go:498.2,498.53 1 0
github.com/silouanwright/gh-comment/cmd/list.go:498.53,500.24 2 0
github.com/silouanwright/gh-comment/cmd/list.go:501.19,502.22 1 0
github.com/silouanwright/gh-comment/cmd/list.go:503.28,504.23 1 0
github.com/silouanwright/gh-comment/cmd/list.go:505.20,506.23 1 0
github.com/silouanwright/gh-comment/cmd/list.go:508.3,508.50 1 0
github.com/silouanwright/gh-comment/cmd/list.go:510.2,513.24 2 0
github.com/silouanwright/gh-comment/cmd/list.go:513.24,515.65 2 0
github.com/silouanwright/gh-comment/cmd/list.go:515.65,517.4 1 0
github.com/silouanwright/gh-comment/cmd/list.go:518.3,521.29 2 0
github.com/silouanwright/gh-comment/cmd/list.go:521.29,524.4 2 0
github.com/silouanwright/gh-comment/cmd/list.go:528.2,529.21 2 0
github.com/silouanwright/gh-comment/cmd/list.go:529.21,531.3 1 0
github.com/silouanwright/gh-comment/cmd/list.go:534.2,535.29 2 0
github.com/silouanwright/gh-comment/cmd/list.go:535.29,537.3 1 0
github.com/silouanwright/gh-comment/cmd/list.go:540.2,540.12 1 0
github.com/silouanwright/gh-comment/cmd/list.go:540.12,542.3 1 0
github.com/silouanwright/gh-comment/cmd/list.go:544.2,544.15 1 0
github.com/silouanwright/gh-comment/cmd/list.go:547.40,551.24 3 0
github.com/silouanwright/gh-comment/cmd/list.go:551.24,553.3 1 0
github.com/silouanwright/gh-comment/cmd/list.go:553.8,553.29 1 0
github.com/silouanwright/gh-comment/cmd/list.go:553.29,555.19 2 0
github.com/silouanwright/gh-comment/cmd/list.go:555.19,557.4 1 0
github.com/silouanwright/gh-comment/cmd/list.go:558.3,558.48 1 0
github.com/silouanwright/gh-comment/cmd/list.go:559.8,559.32 1 0
github.com/silouanwright/gh-comment/cmd/list.go:559.32,561.17 2 0
github.com/silouanwright/gh-comment/cmd/list.go:561.17,563.4 1 0
github.com/silouanwright/gh-comment/cmd/list.go:564.3,564.44 1 0
github.com/silouanwright/gh-comment/cmd/list.go:565.8,567.16 2 0
github.com/silouanwright/gh-comment/cmd/list.go:567.16,569.4 1 0
github.com/silouanwright/gh-comment/cmd/list.go:569.9,569.22 1 0
github.com/silouanwright/gh-comment/cmd/list.go:569.22,571.4 1 0
github.com/silouanwright/gh-comment/cmd/list.go:571.9,573.4 1 0
github.com/silouanwright/gh-comment/cmd/list.go:577.39,581.29 2 0
github.com/silouanwright/gh-comment/cmd/list.go:581.29,582.17 1 0
github.com/silouanwright/gh-comment/cmd/list.go:582.17,583.12 1 0
github.com/silouanwright/gh-comment/cmd/list.go:587.3,587.36 1 0
github.com/silouanwright/gh-comment/cmd/list.go:587.36,590.4 1 0
github.com/silouanwright/gh-comment/cmd/list.go:590.9,590.42 1 0
github.com/silouanwright/gh-comment/cmd/list.go:590.42,593.4 1 0
github.com/silouanwright/gh-comment/cmd/list.go:593.9,593.42 1 0
github.com/silouanwright/gh-comment/cmd/list.go:593.42,596.4 1 0
github.com/silouanwright/gh-comment/cmd/list.go:596.9,599.4 1 0
github.com/silouanwright/gh-comment/cmd/list.go:601.2,601.15 1 0
github.com/silouanwright/gh-comment/cmd/reply.go:66.13,74.2 6 0
github.com/silouanwright/gh-comment/cmd/reply.go:76.56,78.24 1 0
github.com/silouanwright/gh-comment/cmd/reply.go:78.24,80.3 1 0
github.com/silouanwright/gh-comment/cmd/reply.go:83.2,85.16 3 0
github.com/silouanwright/gh-comment/cmd/reply.go:85.16,87.3 1 0
github.com/silouanwright/gh-comment/cmd/reply.go:92.2,93.19 2 0
github.com/silouanwright/gh-comment/cmd/reply.go:93.19,95.3 1 0
github.com/silouanwright/gh-comment/cmd/reply.go:98.2,98.85 1 0
github.com/silouanwright/gh-comment/cmd/reply.go:98.85,100.3 1 0
github.com/silouanwright/gh-comment/cmd/reply.go:103.2,103.44 1 0
github.com/silouanwright/gh-comment/cmd/reply.go:103.44,105.3 1 0
github.com/silouanwright/gh-comment/cmd/reply.go:108.2,108.51 1 0
github.com/silouanwright/gh-comment/cmd/reply.go:108.51,110.3 1 0
github.com/silouanwright/gh-comment/cmd/reply.go:113.2,113.63 1 0
github.com/silouanwright/gh-comment/cmd/reply.go:113.63,115.3 1 0
github.com/silouanwright/gh-comment/cmd/reply.go:118.2,118.55 1 0
github.com/silouanwright/gh-comment/cmd/reply.go:118.55,120.3 1 0
github.com/silouanwright/gh-comment/cmd/reply.go:123.2,124.16 2 0
github.com/silouanwright/gh-comment/cmd/reply.go:124.16,126.3 1 0
github.com/silouanwright/gh-comment/cmd/reply.go:129.2,130.21 2 0
github.com/silouanwright/gh-comment/cmd/reply.go:130.21,132.3 1 0
github.com/silouanwright/gh-comment/cmd/reply.go:133.2,135.13 2 0
github.com/silouanwright/gh-comment/cmd/reply.go:135.13,139.20 4 0
github.com/silouanwright/gh-comment/cmd/reply.go:139.20,141.4 1 0
github.com/silouanwright/gh-comment/cmd/reply.go:142.3,142.21 1 0
github.com/silouanwright/gh-comment/cmd/reply.go:142.21,144.4 1 0
github.com/silouanwright/gh-comment/cmd/reply.go:145.3,145.27 1 0
github.com/silouanwright/gh-comment/cmd/reply.go:145.27,147.4 1 0
github.com/silouanwright/gh-comment/cmd/reply.go:148.3,148.26 1 0
github.com/silouanwright/gh-comment/cmd/reply.go:148.26,150.4 1 0
github.com/silouanwright/gh-comment/cmd/reply.go:151.3,151.16 1 0
github.com/silouanwright/gh-comment/cmd/reply.go:154.2,154.12 1 0
github.com/silouanwright/gh-comment/cmd/reply.go:154.12,156.20 2 0
github.com/silouanwright/gh-comment/cmd/reply.go:156.20,158.4 1 0
github.com/silouanwright/gh-comment/cmd/reply.go:159.3,159.21 1 0
github.com/silouanwright/gh-comment/cmd/reply.go:159.21,161.4 1 0
github.com/silouanwright/gh-comment/cmd/reply.go:162.3,162.27 1 0
github.com/silouanwright/gh-comment/cmd/reply.go:162.27,164.4 1 0
github.com/silouanwright/gh-comment/cmd/reply.go:165.3,165.26 1 0
github.com/silouanwright/gh-comment/cmd/reply.go:165.26,167.4 1 0
github.com/silouanwright/gh-comment/cmd/reply.go:168.3,168.13 1 0
github.com/silouanwright/gh-comment/cmd/reply.go:172.2,172.20 1 0
github.com/silouanwright/gh-comment/cmd/reply.go:172.20,174.17 2 0
github.com/silouanwright/gh-comment/cmd/reply.go:174.17,176.4 1 0
github.com/silouanwright/gh-comment/cmd/reply.go:177.3,177.76 1 0
github.com/silouanwright/gh-comment/cmd/reply.go:181.2,181.26 1 0
github.com/silouanwright/gh-comment/cmd/reply.go:181.26,183.17 2 0
github.com/silouanwright/gh-comment/cmd/reply.go:183.17,185.4 1 0
github.com/silouanwright/gh-comment/cmd/reply.go:186.3,186.86 1 0
github.com/silouanwright/gh-comment/cmd/reply.go:190.2,190.19 1 0
github.com/silouanwright/gh-comment/cmd/reply.go:190.19,192.32 1 0
github.com/silouanwright/gh-comment/cmd/reply.go:192.32,194.4 1 0
github.com/silouanwright/gh-comment/cmd/reply.go:196.3,197.29 2 0
github.com/silouanwright/gh-comment/cmd/reply.go:197.29,201.18 2 0
github.com/silouanwright/gh-comment/cmd/reply.go:201.18,203.5 1 0
github.com/silouanwright/gh-comment/cmd/reply.go:204.4,204.76 1 0
github.com/silouanwright/gh-comment/cmd/reply.go:205.9,208.4 1 0
github.com/silouanwright/gh-comment/cmd/reply.go:210.3,210.17 1 0
github.com/silouanwright/gh-comment/cmd/reply.go:210.17,212.4 1 0
github.com/silouanwright/gh-comment/cmd/reply.go:213.3,213.69 1 0
github.com/silouanwright/gh-comment/cmd/reply.go:217.2,217.25 1 0
github.com/silouanwright/gh-comment/cmd/reply.go:217.25,218.29 1 0
github.com/silouanwright/gh-comment/cmd/reply.go:218.29,220.4 1 0
github.com/silouanwright/gh-comment/cmd/reply.go:223.3,224.17 2 0
github.com/silouanwright/gh-comment/cmd/reply.go:224.17,226.4 1 0
github.com/silouanwright/gh-comment/cmd/reply.go:229.3,230.17 2 0
github.com/silouanwright/gh-comment/cmd/reply.go:230.17,232.4 1 0
github.com/silouanwright/gh-comment/cmd/reply.go:233.3,233.71 1 0
github.com/silouanwright/gh-comment/cmd/reply.go:236.2,236.12 1 0
github.com/silouanwright/gh-comment/cmd/reply.go:239.45,241.39 2 0
github.com/silouanwright/gh-comment/cmd/reply.go:241.39,242.24 1 0
github.com/silouanwright/gh-comment/cmd/reply.go:242.24,244.4 1 0
github.com/silouanwright/gh-comment/cmd/reply.go:246.2,246.14 1 0
github.com/silouanwright/gh-comment/cmd/resolve.go:35.13,37.2 1 0
github.com/silouanwright/gh-comment/cmd/resolve.go:39.58,41.26 1 0
github.com/silouanwright/gh-comment/cmd/resolve.go:41.26,43.3 1 0
github.com/silouanwright/gh-comment/cmd/resolve.go:46.2,47.16 2 0
github.com/silouanwright/gh-comment/cmd/resolve.go:47.16,49.3 1 0
github.com/silouanwright/gh-comment/cmd/resolve.go:52.2,53.16 2 0
github.com/silouanwright/gh-comment/cmd/resolve.go:53.16,55.3 1 0
github.com/silouanwright/gh-comment/cmd/resolve.go:58.2,59.21 2 0
github.com/silouanwright/gh-comment/cmd/resolve.go:59.21,61.3 1 0
github.com/silouanwright/gh-comment/cmd/resolve.go:62.2,64.13 2 0
github.com/silouanwright/gh-comment/cmd/resolve.go:64.13,69.3 4 0
github.com/silouanwright/gh-comment/cmd/resolve.go:71.2,71.12 1 0
github.com/silouanwright/gh-comment/cmd/resolve.go:71.12,74.3 2 0
github.com/silouanwright/gh-comment/cmd/resolve.go:77.2,78.16 2 0
github.com/silouanwright/gh-comment/cmd/resolve.go:78.16,80.3 1 0
github.com/silouanwright/gh-comment/cmd/resolve.go:83.2,84.16 2 0
github.com/silouanwright/gh-comment/cmd/resolve.go:84.16,86.3 1 0
github.com/silouanwright/gh-comment/cmd/resolve.go:88.2,89.12 2 0
github.com/silouanwright/gh-comment/cmd/review.go:65.13,69.2 3 0
github.com/silouanwright/gh-comment/cmd/review.go:71.57,73.25 1 0
github.com/silouanwright/gh-comment/cmd/review.go:73.25,75.3 1 0
github.com/silouanwright/gh-comment/cmd/review.go:77.2,82.20 4 0
github.com/silouanwright/gh-comment/cmd/review.go:82.20,85.17 2 0
github.com/silouanwright/gh-comment/cmd/review.go:85.17,87.4 1 0
github.com/silouanwright/gh-comment/cmd/review.go:88.3,88.17 1 0
github.com/silouanwright/gh-comment/cmd/review.go:89.8,89.27 1 0
github.com/silouanwright/gh-comment/cmd/review.go:89.27,91.54 1 0
github.com/silouanwright/gh-comment/cmd/review.go:91.54,94.4 1 0
github.com/silouanwright/gh-comment/cmd/review.go:94.9,97.18 2 0
github.com/silouanwright/gh-comment/cmd/review.go:97.18,99.5 1 0
github.com/silouanwright/gh-comment/cmd/review.go:100.4,100.18 1 0
github.com/silouanwright/gh-comment/cmd/review.go:105.2,107.41 3 0
github.com/silouanwright/gh-comment/cmd/review.go:107.41,108.36 1 0
github.com/silouanwright/gh-comment/cmd/review.go:108.36,110.9 2 0
github.com/silouanwright/gh-comment/cmd/review.go:113.2,113.19 1 0
github.com/silouanwright/gh-comment/cmd/review.go:113.19,115.3 1 0
github.com/silouanwright/gh-comment/cmd/review.go:118.2,118.48 1 0
github.com/silouanwright/gh-comment/cmd/review.go:118.48,120.3 1 0
github.com/silouanwright/gh-comment/cmd/review.go:123.2,124.16 2 0
github.com/silouanwright/gh-comment/cmd/review.go:124.16,126.3 1 0
github.com/silouanwright/gh-comment/cmd/review.go:129.2,130.21 2 0
github.com/silouanwright/gh-comment/cmd/review.go:130.21,132.3 1 0
github.com/silouanwright/gh-comment/cmd/review.go:133.2,135.13 2 0
github.com/silouanwright/gh-comment/cmd/review.go:135.13,142.3 6 0
github.com/silouanwright/gh-comment/cmd/review.go:144.2,144.12 1 0
github.com/silouanwright/gh-comment/cmd/review.go:144.12,149.46 5 0
github.com/silouanwright/gh-comment/cmd/review.go:149.46,151.4 1 0
github.com/silouanwright/gh-comment/cmd/review.go:152.3,152.13 1 0
github.com/silouanwright/gh-comment/cmd/review.go:156.2,157.16 2 0
github.com/silouanwright/gh-comment/cmd/review.go:157.16,159.3 1 0
github.com/silouanwright/gh-comment/cmd/review.go:161.2,162.9 2 0
github.com/silouanwright/gh-comment/cmd/review.go:162.9,164.3 1 0
github.com/silouanwright/gh-comment/cmd/review.go:167.2,168.49 2 0
github.com/silouanwright/gh-comment/cmd/review.go:168.49,170.17 2 0
github.com/silouanwright/gh-comment/cmd/review.go:170.17,172.4 1 0
github.com/silouanwright/gh-comment/cmd/review.go:173.3,173.66 1 0
github.com/silouanwright/gh-comment/cmd/review.go:177.2,184.16 3 0
github.com/silouanwright/gh-comment/cmd/review.go:184.16,186.3 1 0
github.com/silouanwright/gh-comment/cmd/review.go:189.2,190.25 2 0
github.com/silouanwright/gh-comment/cmd/review.go:191.17,192.25 1 0
github.com/silouanwright/gh-comment/cmd/review.go:193.25,194.34 1 0
github.com/silouanwright/gh-comment/cmd/review.go:195.17,196.29 1 0
github.com/silouanwright/gh-comment/cmd/review.go:199.2,200.34 2 0
github.com/silouanwright/gh-comment/cmd/review.go:200.34,202.3 1 0
github.com/silouanwright/gh-comment/cmd/review.go:203.2,205.12 2 0
github.com/silouanwright/gh-comment/cmd/review.go:210.88,212.20 2 0
github.com/silouanwright/gh-comment/cmd/review.go:212.20,214.3 1 0
github.com/silouanwright/gh-comment/cmd/review.go:216.2,220.20 4 0
github.com/silouanwright/gh-comment/cmd/review.go:220.20,222.3 1 0
github.com/silouanwright/gh-comment/cmd/review.go:223.2,223.19 1 0
github.com/silouanwright/gh-comment/cmd/review.go:223.19,225.3 1 0
github.com/silouanwright/gh-comment/cmd/review.go:227.2,234.37 2 0
github.com/silouanwright/gh-comment/cmd/review.go:234.37,237.27 2 0
github.com/silouanwright/gh-comment/cmd/review.go:237.27,239.4 1 0
github.com/silouanwright/gh-comment/cmd/review.go:241.3,242.17 2 0
github.com/silouanwright/gh-comment/cmd/review.go:242.17,244.4 1 0
github.com/silouanwright/gh-comment/cmd/review.go:246.3,247.17 2 0
github.com/silouanwright/gh-comment/cmd/review.go:247.17,249.4 1 0
github.com/silouanwright/gh-comment/cmd/review.go:251.3,251.37 1 0
github.com/silouanwright/gh-comment/cmd/review.go:251.37,253.4 1 0
github.com/silouanwright/gh-comment/cmd/review.go:255.3,255.26 1 0
github.com/silouanwright/gh-comment/cmd/review.go:255.26,257.4 1 0
github.com/silouanwright/gh-comment/cmd/review.go:259.3,260.25 2 0
github.com/silouanwright/gh-comment/cmd/review.go:261.8,264.17 2 0
github.com/silouanwright/gh-comment/cmd/review.go:264.17,266.4 1 0
github.com/silouanwright/gh-comment/cmd/review.go:268.3,268.16 1 0
github.com/silouanwright/gh-comment/cmd/review.go:268.16,270.4 1 0
github.com/silouanwright/gh-comment/cmd/review.go:272.3,272.22 1 0
github.com/silouanwright/gh-comment/cmd/review.go:275.2,275.21 1 0
github.com/silouanwright/gh-comment/cmd/root.go:45.22,47.2 1 0
github.com/silouanwright/gh-comment/cmd/root.go:49.13,57.2 5 0
github.com/silouanwright/gh-comment/cmd/root.go:60.39,61.16 1 0
github.com/silouanwright/gh-comment/cmd/root.go:61.16,63.3 1 0
github.com/silouanwright/gh-comment/cmd/root.go:66.2,67.16 2 0
github.com/silouanwright/gh-comment/cmd/root.go:67.16,69.3 1 0
github.com/silouanwright/gh-comment/cmd/root.go:71.2,71.48 1 0
github.com/silouanwright/gh-comment/cmd/root.go:75.34,76.19 1 0
github.com/silouanwright/gh-comment/cmd/root.go:76.19,78.3 1 0
github.com/silouanwright/gh-comment/cmd/root.go:81.2,82.16 2 0
github.com/silouanwright/gh-comment/cmd/root.go:82.16,84.3 1 0
github.com/silouanwright/gh-comment/cmd/root.go:86.2,88.16 3 0
github.com/silouanwright/gh-comment/cmd/root.go:88.16,90.3 1 0
github.com/silouanwright/gh-comment/cmd/root.go:92.2,92.16 1 0
github.com/silouanwright/gh-comment/cmd/submit-review.go:48.13,52.2 3 0
github.com/silouanwright/gh-comment/cmd/submit-review.go:54.63,56.25 1 0
github.com/silouanwright/gh-comment/cmd/submit-review.go:56.25,58.3 1 0
github.com/silouanwright/gh-comment/cmd/submit-review.go:60.2,65.20 4 0
github.com/silouanwright/gh-comment/cmd/submit-review.go:65.20,68.17 2 0
github.com/silouanwright/gh-comment/cmd/submit-review.go:68.17,70.4 1 0
github.com/silouanwright/gh-comment/cmd/submit-review.go:71.3,71.17 1 0
github.com/silouanwright/gh-comment/cmd/submit-review.go:72.8,72.27 1 0
github.com/silouanwright/gh-comment/cmd/submit-review.go:72.27,74.54 1 0
github.com/silouanwright/gh-comment/cmd/submit-review.go:74.54,77.4 1 0
github.com/silouanwright/gh-comment/cmd/submit-review.go:77.9,80.18 2 0
github.com/silouanwright/gh-comment/cmd/submit-review.go:80.18,82.5 1 0
github.com/silouanwright/gh-comment/cmd/submit-review.go:83.4,84.18 2 0
github.com/silouanwright/gh-comment/cmd/submit-review.go:86.8,89.17 2 0
github.com/silouanwright/gh-comment/cmd/submit-review.go:89.17,91.4 1 0
github.com/silouanwright/gh-comment/cmd/submit-review.go:92.3,92.13 1 0
github.com/silouanwright/gh-comment/cmd/submit-review.go:96.2,96.22 1 0
github.com/silouanwright/gh-comment/cmd/submit-review.go:96.22,98.3 1 0
github.com/silouanwright/gh-comment/cmd/submit-review.go:101.2,103.41 3 0
github.com/silouanwright/gh-comment/cmd/submit-review.go:103.41,104.32 1 0
github.com/silouanwright/gh-comment/cmd/submit-review.go:104.32,106.9 2 0
github.com/silouanwright/gh-comment/cmd/submit-review.go:109.2,109.19 1 0
github.com/silouanwright/gh-comment/cmd/submit-review.go:109.19,111.3 1 0
github.com/silouanwright/gh-comment/cmd/submit-review.go:114.2,115.16 2 0
github.com/silouanwright/gh-comment/cmd/submit-review.go:115.16,117.3 1 0
github.com/silouanwright/gh-comment/cmd/submit-review.go:120.2,121.21 2 0
github.com/silouanwright/gh-comment/cmd/submit-review.go:121.21,123.3 1 0
github.com/silouanwright/gh-comment/cmd/submit-review.go:124.2,126.13 2 0
github.com/silouanwright/gh-comment/cmd/submit-review.go:126.13,132.3 5 0
github.com/silouanwright/gh-comment/cmd/submit-review.go:134.2,134.12 1 0
github.com/silouanwright/gh-comment/cmd/submit-review.go:134.12,139.3 4 0
github.com/silouanwright/gh-comment/cmd/submit-review.go:142.2,143.16 2 0
github.com/silouanwright/gh-comment/cmd/submit-review.go:143.16,145.3 1 0
github.com/silouanwright/gh-comment/cmd/submit-review.go:147.2,147.19 1 0
github.com/silouanwright/gh-comment/cmd/submit-review.go:147.19,149.3 1 0
github.com/silouanwright/gh-comment/cmd/submit-review.go:151.2,151.13 1 0
github.com/silouanwright/gh-comment/cmd/submit-review.go:151.13,153.3 1 0
github.com/silouanwright/gh-comment/cmd/submit-review.go:156.2,157.16 2 0
github.com/silouanwright/gh-comment/cmd/submit-review.go:157.16,159.3 1 0
github.com/silouanwright/gh-comment/cmd/submit-review.go:162.2,163.21 2 0
github.com/silouanwright/gh-comment/cmd/submit-review.go:164.17,165.25 1 0
github.com/silouanwright/gh-comment/cmd/submit-review.go:166.25,167.34 1 0
github.com/silouanwright/gh-comment/cmd/submit-review.go:168.17,169.26 1 0
github.com/silouanwright/gh-comment/cmd/submit-review.go:172.2,173.12 2 0
github.com/silouanwright/gh-comment/cmd/suggestions.go:9.47,17.2 3 0
github.com/silouanwright/gh-comment/cmd/suggestions.go:20.53,24.68 2 0
github.com/silouanwright/gh-comment/cmd/suggestions.go:24.68,27.26 2 0
github.com/silouanwright/gh-comment/cmd/suggestions.go:27.26,29.4 1 0
github.com/silouanwright/gh-comment/cmd/suggestions.go:31.3,32.52 2 0
github.com/silouanwright/gh-comment/cmd/suggestions.go:37.56,41.68 2 0
github.com/silouanwright/gh-comment/cmd/suggestions.go:41.68,44.26 2 0
github.com/silouanwright/gh-comment/cmd/suggestions.go:44.26,46.4 1 0
github.com/silouanwright/gh-comment/cmd/suggestions.go:48.3,49.52 2 0
github.com/silouanwright/gh-comment/internal/github/client.go:109.34,133.2 1 0
github.com/silouanwright/gh-comment/internal/github/client.go:136.93,137.37 1 0
github.com/silouanwright/gh-comment/internal/github/client.go:137.37,139.3 1 0
github.com/silouanwright/gh-comment/internal/github/client.go:140.2,140.29 1 0
github.com/silouanwright/gh-comment/internal/github/client.go:143.94,144.38 1 0
github.com/silouanwright/gh-comment/internal/github/client.go:144.38,146.3 1 0
github.com/silouanwright/gh-comment/internal/github/client.go:147.2,147.30 1 0
github.com/silouanwright/gh-comment/internal/github/client.go:150.106,151.33 1 0
github.com/silouanwright/gh-comment/internal/github/client.go:151.33,153.3 1 0
github.com/silouanwright/gh-comment/internal/github/client.go:155.2,163.21 3 0
github.com/silouanwright/gh-comment/internal/github/client.go:166.113,167.33 1 0
github.com/silouanwright/gh-comment/internal/github/client.go:167.33,169.3 1 0
github.com/silouanwright/gh-comment/internal/github/client.go:171.2,179.21 3 0
github.com/silouanwright/gh-comment/internal/github/client.go:182.110,183.36 1 0
github.com/silouanwright/gh-comment/internal/github/client.go:183.36,185.3 1 0
github.com/silouanwright/gh-comment/internal/github/client.go:186.2,186.22 1 0
github.com/silouanwright/gh-comment/internal/github/client.go:189.65,190.33 1 0
github.com/silouanwright/gh-comment/internal/github/client.go:190.33,192.3 1 0
github.com/silouanwright/gh-comment/internal/github/client.go:193.2,194.12 2 0
github.com/silouanwright/gh-comment/internal/github/client.go:197.92,199.2 1 0
github.com/silouanwright/gh-comment/internal/github/client.go:201.95,203.2 1 0
github.com/silouanwright/gh-comment/internal/github/client.go:205.88,207.2 1 0
github.com/silouanwright/gh-comment/internal/github/client.go:209.101,211.2 1 0
github.com/silouanwright/gh-comment/internal/github/client.go:213.88,222.2 1 0
github.com/silouanwright/gh-comment/internal/github/client.go:224.95,233.2 1 0
github.com/silouanwright/gh-comment/internal/github/client.go:235.89,237.2 1 0
github.com/silouanwright/gh-comment/internal/github/client.go:239.81,240.37 1 0
github.com/silouanwright/gh-comment/internal/github/client.go:240.37,242.3 1 0
github.com/silouanwright/gh-comment/internal/github/client.go:243.2,243.31 1 0
github.com/silouanwright/gh-comment/internal/github/client.go:246.99,247.32 1 0
github.com/silouanwright/gh-comment/internal/github/client.go:247.32,249.3 1 0
github.com/silouanwright/gh-comment/internal/github/client.go:250.2,251.12 2 0
github.com/silouanwright/gh-comment/internal/github/real_client.go:21.43,23.16 2 0
github.com/silouanwright/gh-comment/internal/github/real_client.go:23.16,25.3 1 0
github.com/silouanwright/gh-comment/internal/github/real_client.go:27.2,28.16 2 0
github.com/silouanwright/gh-comment/internal/github/real_client.go:28.16,30.3 1 0
github.com/silouanwright/gh-comment/internal/github/real_client.go:32.2,35.8 1 0
github.com/silouanwright/gh-comment/internal/github/real_client.go:39.93,44.16 4 0
github.com/silouanwright/gh-comment/internal/github/real_client.go:44.16,46.3 1 0
github.com/silouanwright/gh-comment/internal/github/real_client.go:49.2,49.26 1 0
github.com/silouanwright/gh-comment/internal/github/real_client.go:49.26,51.3 1 0
github.com/silouanwright/gh-comment/internal/github/real_client.go:53.2,53.22 1 0
github.com/silouanwright/gh-comment/internal/github/real_client.go:57.94,62.16 4 0
github.com/silouanwright/gh-comment/internal/github/real_client.go:62.16,64.3 1 0
github.com/silouanwright/gh-comment/internal/github/real_client.go:67.2,67.26 1 0
github.com/silouanwright/gh-comment/internal/github/real_client.go:67.26,69.3 1 0
github.com/silouanwright/gh-comment/internal/github/real_client.go:71.2,71.22 1 0
github.com/silouanwright/gh-comment/internal/github/real_client.go:75.106,80.16 4 0
github.com/silouanwright/gh-comment/internal/github/real_client.go:80.16,82.3 1 0
github.com/silouanwright/gh-comment/internal/github/real_client.go:84.2,86.16 3 0
github.com/silouanwright/gh-comment/internal/github/real_client.go:86.16,88.3 1 0
github.com/silouanwright/gh-comment/internal/github/real_client.go:90.2,91.22 2 0
github.com/silouanwright/gh-comment/internal/github/real_client.go:95.113,102.16 4 0
github.com/silouanwright/gh-comment/internal/github/real_client.go:102.16,104.3 1 0
github.com/silouanwright/gh-comment/internal/github/real_client.go:106.2,108.16 3 0
github.com/silouanwright/gh-comment/internal/github/real_client.go:108.16,110.3 1 0
github.com/silouanwright/gh-comment/internal/github/real_client.go:112.2,113.22 2 0
github.com/silouanwright/gh-comment/internal/github/real_client.go:117.110,160.16 5 0
github.com/silouanwright/gh-comment/internal/github/real_client.go:160.16,162.3 1 0
github.com/silouanwright/gh-comment/internal/github/real_client.go:165.2,165.75 1 0
github.com/silouanwright/gh-comment/internal/github/real_client.go:165.75,166.49 1 0
github.com/silouanwright/gh-comment/internal/github/real_client.go:166.49,167.39 1 0
github.com/silouanwright/gh-comment/internal/github/real_client.go:167.39,169.5 1 0
github.com/silouanwright/gh-comment/internal/github/real_client.go:173.2,173.69 1 0
github.com/silouanwright/gh-comment/internal/github/real_client.go:177.65,192.16 4 0
github.com/silouanwright/gh-comment/internal/github/real_client.go:192.16,194.3 1 0
github.com/silouanwright/gh-comment/internal/github/real_client.go:196.2,196.12 1 0
github.com/silouanwright/gh-comment/internal/github/real_client.go:202.92,207.16 4 0
github.com/silouanwright/gh-comment/internal/github/real_client.go:207.16,209.3 1 0
github.com/silouanwright/gh-comment/internal/github/real_client.go:211.2,212.16 2 0
github.com/silouanwright/gh-comment/internal/github/real_client.go:212.16,214.3 1 0
github.com/silouanwright/gh-comment/internal/github/real_client.go:216.2,216.12 1 0
github.com/silouanwright/gh-comment/internal/github/real_client.go:220.95,231.16 4 0
github.com/silouanwright/gh-comment/internal/github/real_client.go:231.16,233.3 1 0
github.com/silouanwright/gh-comment/internal/github/real_client.go:236.2,240.16 3 0
github.com/silouanwright/gh-comment/internal/github/real_client.go:240.16,242.3 1 0
github.com/silouanwright/gh-comment/internal/github/real_client.go:245.2,245.30 1 0
github.com/silouanwright/gh-comment/internal/github/real_client.go:245.30,246.65 1 0
github.com/silouanwright/gh-comment/internal/github/real_client.go:246.65,249.18 3 0
github.com/silouanwright/gh-comment/internal/github/real_client.go:249.18,251.5 1 0
github.com/silouanwright/gh-comment/internal/github/real_client.go:252.4,252.14 1 0
github.com/silouanwright/gh-comment/internal/github/real_client.go:256.2,256.41 1 0
github.com/silouanwright/gh-comment/internal/github/real_client.go:260.88,265.16 4 0
github.com/silouanwright/gh-comment/internal/github/real_client.go:265.16,267.3 1 0
github.com/silouanwright/gh-comment/internal/github/real_client.go:269.2,270.16 2 0
github.com/silouanwright/gh-comment/internal/github/real_client.go:270.16,272.3 1 0
github.com/silouanwright/gh-comment/internal/github/real_client.go:274.2,274.12 1 0
github.com/silouanwright/gh-comment/internal/github/real_client.go:278.101,282.16 3 0
github.com/silouanwright/gh-comment/internal/github/real_client.go:282.16,284.3 1 0
github.com/silouanwright/gh-comment/internal/github/real_client.go:286.2,287.16 2 0
github.com/silouanwright/gh-comment/internal/github/real_client.go:287.16,289.3 1 0
github.com/silouanwright/gh-comment/internal/github/real_client.go:291.2,291.12 1 0
github.com/silouanwright/gh-comment/internal/github/real_client.go:295.88,299.16 3 0
github.com/silouanwright/gh-comment/internal/github/real_client.go:299.16,301.3 1 0
github.com/silouanwright/gh-comment/internal/github/real_client.go:302.2,310.16 4 0
github.com/silouanwright/gh-comment/internal/github/real_client.go:310.16,312.3 1 0
github.com/silouanwright/gh-comment/internal/github/real_client.go:314.2,315.16 2 0
github.com/silouanwright/gh-comment/internal/github/real_client.go:315.16,317.3 1 0
github.com/silouanwright/gh-comment/internal/github/real_client.go:320.2,321.16 2 0
github.com/silouanwright/gh-comment/internal/github/real_client.go:321.16,323.3 1 0
github.com/silouanwright/gh-comment/internal/github/real_client.go:324.2,327.16 3 0
github.com/silouanwright/gh-comment/internal/github/real_client.go:327.16,329.3 1 0
github.com/silouanwright/gh-comment/internal/github/real_client.go:332.2,334.18 2 0
github.com/silouanwright/gh-comment/internal/github/real_client.go:338.53,349.29 4 0
github.com/silouanwright/gh-comment/internal/github/real_client.go:349.29,350.44 1 0
github.com/silouanwright/gh-comment/internal/github/real_client.go:350.44,353.23 2 0
github.com/silouanwright/gh-comment/internal/github/real_client.go:353.23,360.5 3 0
github.com/silouanwright/gh-comment/internal/github/real_client.go:361.9,361.65 1 0
github.com/silouanwright/gh-comment/internal/github/real_client.go:361.66,364.4 0 0
github.com/silouanwright/gh-comment/internal/github/real_client.go:367.2,367.13 1 0
github.com/silouanwright/gh-comment/internal/github/real_client.go:371.89,375.16 3 0
github.com/silouanwright/gh-comment/internal/github/real_client.go:375.16,377.3 1 0
github.com/silouanwright/gh-comment/internal/github/real_client.go:379.2,380.16 2 0
github.com/silouanwright/gh-comment/internal/github/real_client.go:380.16,382.3 1 0
github.com/silouanwright/gh-comment/internal/github/real_client.go:384.2,384.12 1 0
github.com/silouanwright/gh-comment/internal/github/real_client.go:388.95,393.16 4 0
github.com/silouanwright/gh-comment/internal/github/real_client.go:393.16,395.3 1 0
github.com/silouanwright/gh-comment/internal/github/real_client.go:397.2,397.20 1 0
github.com/silouanwright/gh-comment/internal/github/real_client.go:401.81,407.16 4 0
github.com/silouanwright/gh-comment/internal/github/real_client.go:407.16,409.3 1 0
github.com/silouanwright/gh-comment/internal/github/real_client.go:412.2,412.33 1 0
github.com/silouanwright/gh-comment/internal/github/real_client.go:412.33,413.70 1 0
github.com/silouanwright/gh-comment/internal/github/real_client.go:413.70,414.44 1 0
github.com/silouanwright/gh-comment/internal/github/real_client.go:414.44,416.5 1 0
github.com/silouanwright/gh-comment/internal/github/real_client.go:420.2,420.15 1 0
github.com/silouanwright/gh-comment/internal/github/real_client.go:424.99,433.16 4 0
github.com/silouanwright/gh-comment/internal/github/real_client.go:433.16,435.3 1 0
github.com/silouanwright/gh-comment/internal/github/real_client.go:437.2,438.16 2 0
github.com/silouanwright/gh-comment/internal/github/real_client.go:438.16,440.3 1 0
github.com/silouanwright/gh-comment/internal/github/real_client.go:442.2,442.12 1 0
github.com/silouanwright/gh-comment/cmd/add-review.go:52.13,58.2 5 0
github.com/silouanwright/gh-comment/cmd/add-review.go:60.60,62.28 1 0
github.com/silouanwright/gh-comment/cmd/add-review.go:62.28,64.3 1 0
github.com/silouanwright/gh-comment/cmd/add-review.go:66.2,71.20 4 0
github.com/silouanwright/gh-comment/cmd/add-review.go:71.20,74.17 2 0
github.com/silouanwright/gh-comment/cmd/add-review.go:74.17,76.4 1 0
github.com/silouanwright/gh-comment/cmd/add-review.go:77.3,77.17 1 0
github.com/silouanwright/gh-comment/cmd/add-review.go:78.8,78.27 1 0
github.com/silouanwright/gh-comment/cmd/add-review.go:78.27,80.54 1 0
github.com/silouanwright/gh-comment/cmd/add-review.go:80.54,83.4 1 0
github.com/silouanwright/gh-comment/cmd/add-review.go:83.9,86.18 2 0
github.com/silouanwright/gh-comment/cmd/add-review.go:86.18,88.5 1 0
github.com/silouanwright/gh-comment/cmd/add-review.go:89.4,89.18 1 0
github.com/silouanwright/gh-comment/cmd/add-review.go:91.8,94.17 2 0
github.com/silouanwright/gh-comment/cmd/add-review.go:94.17,96.4 1 0
github.com/silouanwright/gh-comment/cmd/add-review.go:100.2,100.22 1 0
github.com/silouanwright/gh-comment/cmd/add-review.go:100.22,102.3 1 0
github.com/silouanwright/gh-comment/cmd/add-review.go:105.2,105.30 1 0
github.com/silouanwright/gh-comment/cmd/add-review.go:105.30,107.3 1 0
github.com/silouanwright/gh-comment/cmd/add-review.go:110.2,111.16 2 0
github.com/silouanwright/gh-comment/cmd/add-review.go:111.16,113.3 1 0
github.com/silouanwright/gh-comment/cmd/add-review.go:115.2,115.13 1 0
github.com/silouanwright/gh-comment/cmd/add-review.go:115.13,122.3 6 0
github.com/silouanwright/gh-comment/cmd/add-review.go:124.2,124.12 1 0
github.com/silouanwright/gh-comment/cmd/add-review.go:124.12,129.42 5 0
github.com/silouanwright/gh-comment/cmd/add-review.go:129.42,131.4 1 0
github.com/silouanwright/gh-comment/cmd/add-review.go:132.3,132.13 1 0
github.com/silouanwright/gh-comment/cmd/add-review.go:136.2,137.21 2 0
github.com/silouanwright/gh-comment/cmd/add-review.go:137.21,139.3 1 0
github.com/silouanwright/gh-comment/cmd/add-review.go:140.2,143.106 2 0
github.com/silouanwright/gh-comment/cmd/add-review.go:146.133,149.16 2 0
github.com/silouanwright/gh-comment/cmd/add-review.go:149.16,151.3 1 0
github.com/silouanwright/gh-comment/cmd/add-review.go:154.2,155.64 2 0
github.com/silouanwright/gh-comment/cmd/add-review.go:155.64,156.42 1 0
github.com/silouanwright/gh-comment/cmd/add-review.go:156.42,158.4 1 0
github.com/silouanwright/gh-comment/cmd/add-review.go:158.9,160.4 1 0
github.com/silouanwright/gh-comment/cmd/add-review.go:161.8,163.3 1 0
github.com/silouanwright/gh-comment/cmd/add-review.go:166.2,167.36 2 0
github.com/silouanwright/gh-comment/cmd/add-review.go:167.36,169.17 2 0
github.com/silouanwright/gh-comment/cmd/add-review.go:169.17,171.4 1 0
github.com/silouanwright/gh-comment/cmd/add-review.go:172.3,172.51 1 0
github.com/silouanwright/gh-comment/cmd/add-review.go:176.2,182.17 2 0
github.com/silouanwright/gh-comment/cmd/add-review.go:182.17,184.3 1 0
github.com/silouanwright/gh-comment/cmd/add-review.go:184.8,186.3 1 0
github.com/silouanwright/gh-comment/cmd/add-review.go:189.2,190.16 2 0
github.com/silouanwright/gh-comment/cmd/add-review.go:190.16,192.3 1 0
github.com/silouanwright/gh-comment/cmd/add-review.go:195.2,195.17 1 0
github.com/silouanwright/gh-comment/cmd/add-review.go:195.17,198.3 2 0
github.com/silouanwright/gh-comment/cmd/add-review.go:198.8,200.3 1 0
github.com/silouanwright/gh-comment/cmd/add-review.go:202.2,202.12 1 0
github.com/silouanwright/gh-comment/cmd/add-review.go:205.82,208.20 2 0
github.com/silouanwright/gh-comment/cmd/add-review.go:208.20,210.3 1 0
github.com/silouanwright/gh-comment/cmd/add-review.go:212.2,215.21 2 0
github.com/silouanwright/gh-comment/cmd/add-review.go:215.21,217.17 2 0
github.com/silouanwright/gh-comment/cmd/add-review.go:217.17,219.18 2 0
github.com/silouanwright/gh-comment/cmd/add-review.go:219.18,221.28 1 0
github.com/silouanwright/gh-comment/cmd/add-review.go:221.28,223.6 1 0
github.com/silouanwright/gh-comment/cmd/add-review.go:226.5,227.35 2 0
github.com/silouanwright/gh-comment/cmd/add-review.go:227.35,229.6 1 0
github.com/silouanwright/gh-comment/cmd/add-review.go:231.5,238.11 1 0
github.com/silouanwright/gh-comment/cmd/add-review.go:244.2,245.16 2 0
github.com/silouanwright/gh-comment/cmd/add-review.go:245.16,247.3 1 0
github.com/silouanwright/gh-comment/cmd/add-review.go:250.2,251.32 2 0
github.com/silouanwright/gh-comment/cmd/add-review.go:251.32,253.3 1 0
github.com/silouanwright/gh-comment/cmd/add-review.go:255.2,260.8 1 0
github.com/silouanwright/gh-comment/cmd/add.go:46.13,50.2 3 0
github.com/silouanwright/gh-comment/cmd/add.go:52.54,54.22 1 0
github.com/silouanwright/gh-comment/cmd/add.go:54.22,56.3 1 0
github.com/silouanwright/gh-comment/cmd/add.go:58.2,63.20 4 0
github.com/silouanwright/gh-comment/cmd/add.go:63.20,66.17 2 0
github.com/silouanwright/gh-comment/cmd/add.go:66.17,68.4 1 0
github.com/silouanwright/gh-comment/cmd/add.go:69.3,71.20 3 0
github.com/silouanwright/gh-comment/cmd/add.go:72.8,72.27 1 0
github.com/silouanwright/gh-comment/cmd/add.go:72.27,75.17 2 0
github.com/silouanwright/gh-comment/cmd/add.go:75.17,77.4 1 0
github.com/silouanwright/gh-comment/cmd/add.go:78.3,80.20 3 0
github.com/silouanwright/gh-comment/cmd/add.go:81.8,81.48 1 0
github.com/silouanwright/gh-comment/cmd/add.go:81.48,84.17 2 0
github.com/silouanwright/gh-comment/cmd/add.go:84.17,86.4 1 0
github.com/silouanwright/gh-comment/cmd/add.go:87.3,89.41 3 0
github.com/silouanwright/gh-comment/cmd/add.go:90.8,90.48 1 0
github.com/silouanwright/gh-comment/cmd/add.go:90.48,93.17 2 0
github.com/silouanwright/gh-comment/cmd/add.go:93.17,95.4 1 0
github.com/silouanwright/gh-comment/cmd/add.go:96.3,98.41 3 0
github.com/silouanwright/gh-comment/cmd/add.go:99.8,101.3 1 0
github.com/silouanwright/gh-comment/cmd/add.go:104.2,105.16 2 0
github.com/silouanwright/gh-comment/cmd/add.go:105.16,107.3 1 0
github.com/silouanwright/gh-comment/cmd/add.go:110.2,111.16 2 0
github.com/silouanwright/gh-comment/cmd/add.go:111.16,113.3 1 0
github.com/silouanwright/gh-comment/cmd/add.go:116.2,117.25 2 0
github.com/silouanwright/gh-comment/cmd/add.go:117.25,119.3 1 0
github.com/silouanwright/gh-comment/cmd/add.go:119.8,121.3 1 0
github.com/silouanwright/gh-comment/cmd/add.go:123.2,123.13 1 0
github.com/silouanwright/gh-comment/cmd/add.go:123.13,128.27 5 0
github.com/silouanwright/gh-comment/cmd/add.go:128.27,130.4 1 0
github.com/silouanwright/gh-comment/cmd/add.go:131.3,132.62 2 0
github.com/silouanwright/gh-comment/cmd/add.go:135.2,135.12 1 0
github.com/silouanwright/gh-comment/cmd/add.go:135.12,137.27 2 0
github.com/silouanwright/gh-comment/cmd/add.go:137.27,139.4 1 0
github.com/silouanwright/gh-comment/cmd/add.go:140.3,141.13 2 0
github.com/silouanwright/gh-comment/cmd/add.go:145.2,146.21 2 0
github.com/silouanwright/gh-comment/cmd/add.go:146.21,148.3 1 0
github.com/silouanwright/gh-comment/cmd/add.go:149.2,159.26 3 0
github.com/silouanwright/gh-comment/cmd/add.go:159.26,162.3 2 0
github.com/silouanwright/gh-comment/cmd/add.go:165.2,166.16 2 0
github.com/silouanwright/gh-comment/cmd/add.go:166.16,168.3 1 0
github.com/silouanwright/gh-comment/cmd/add.go:171.2,171.64 1 0
github.com/silouanwright/gh-comment/cmd/add.go:171.64,172.42 1 0
github.com/silouanwright/gh-comment/cmd/add.go:172.42,174.4 1 0
github.com/silouanwright/gh-comment/cmd/add.go:174.9,176.4 1 0
github.com/silouanwright/gh-comment/cmd/add.go:177.8,179.3 1 0
github.com/silouanwright/gh-comment/cmd/add.go:182.2,183.16 2 0
github.com/silouanwright/gh-comment/cmd/add.go:183.16,185.3 1 0
github.com/silouanwright/gh-comment/cmd/add.go:188.2,189.26 2 0
github.com/silouanwright/gh-comment/cmd/add.go:189.26,191.3 1 0
github.com/silouanwright/gh-comment/cmd/add.go:192.2,194.12 2 0
github.com/silouanwright/gh-comment/cmd/add.go:197.55,198.37 1 0
github.com/silouanwright/gh-comment/cmd/add.go:198.37,201.22 2 0
github.com/silouanwright/gh-comment/cmd/add.go:201.22,203.4 1 0
github.com/silouanwright/gh-comment/cmd/add.go:205.3,206.17 2 0
github.com/silouanwright/gh-comment/cmd/add.go:206.17,208.4 1 0
github.com/silouanwright/gh-comment/cmd/add.go:210.3,211.17 2 0
github.com/silouanwright/gh-comment/cmd/add.go:211.17,213.4 1 0
github.com/silouanwright/gh-comment/cmd/add.go:215.3,215.18 1 0
github.com/silouanwright/gh-comment/cmd/add.go:215.18,217.4 1 0
github.com/silouanwright/gh-comment/cmd/add.go:219.3,219.25 1 0
github.com/silouanwright/gh-comment/cmd/add.go:220.8,223.17 2 0
github.com/silouanwright/gh-comment/cmd/add.go:223.17,225.4 1 0
github.com/silouanwright/gh-comment/cmd/add.go:226.3,226.25 1 0
github.com/silouanwright/gh-comment/cmd/batch.go:94.13,96.2 1 0
github.com/silouanwright/gh-comment/cmd/batch.go:98.56,100.24 1 0
github.com/silouanwright/gh-comment/cmd/batch.go:100.24,102.3 1 0
github.com/silouanwright/gh-comment/cmd/batch.go:105.2,107.16 3 0
github.com/silouanwright/gh-comment/cmd/batch.go:107.16,109.3 1 0
github.com/silouanwright/gh-comment/cmd/batch.go:112.2,114.16 3 0
github.com/silouanwright/gh-comment/cmd/batch.go:114.16,116.3 1 0
github.com/silouanwright/gh-comment/cmd/batch.go:119.2,119.20 1 0
github.com/silouanwright/gh-comment/cmd/batch.go:119.20,121.3 1 0
github.com/silouanwright/gh-comment/cmd/batch.go:123.2,124.23 2 0
github.com/silouanwright/gh-comment/cmd/batch.go:124.23,126.3 1 0
github.com/silouanwright/gh-comment/cmd/batch.go:129.2,129.22 1 0
github.com/silouanwright/gh-comment/cmd/batch.go:129.22,131.17 2 0
github.com/silouanwright/gh-comment/cmd/batch.go:131.17,133.4 1 0
github.com/silouanwright/gh-comment/cmd/batch.go:137.2,138.21 2 0
github.com/silouanwright/gh-comment/cmd/batch.go:138.21,140.3 1 0
github.com/silouanwright/gh-comment/cmd/batch.go:141.2,143.13 2 0
github.com/silouanwright/gh-comment/cmd/batch.go:143.13,148.27 5 0
github.com/silouanwright/gh-comment/cmd/batch.go:148.27,150.4 1 0
github.com/silouanwright/gh-comment/cmd/batch.go:151.3,151.16 1 0
github.com/silouanwright/gh-comment/cmd/batch.go:154.2,154.12 1 0
github.com/silouanwright/gh-comment/cmd/batch.go:154.12,156.43 2 0
github.com/silouanwright/gh-comment/cmd/batch.go:156.43,158.4 1 0
github.com/silouanwright/gh-comment/cmd/batch.go:159.3,159.27 1 0
github.com/silouanwright/gh-comment/cmd/batch.go:159.27,161.4 1 0
github.com/silouanwright/gh-comment/cmd/batch.go:162.3,162.13 1 0
github.com/silouanwright/gh-comment/cmd/batch.go:166.2,166.71 1 0
github.com/silouanwright/gh-comment/cmd/batch.go:169.63,172.16 2 0
github.com/silouanwright/gh-comment/cmd/batch.go:172.16,174.3 1 0
github.com/silouanwright/gh-comment/cmd/batch.go:177.2,179.16 3 0
github.com/silouanwright/gh-comment/cmd/batch.go:179.16,181.3 1 0
github.com/silouanwright/gh-comment/cmd/batch.go:184.2,184.55 1 0
github.com/silouanwright/gh-comment/cmd/batch.go:184.55,186.3 1 0
github.com/silouanwright/gh-comment/cmd/batch.go:189.2,189.42 1 0
github.com/silouanwright/gh-comment/cmd/batch.go:189.42,190.25 1 0
github.com/silouanwright/gh-comment/cmd/batch.go:190.25,192.4 1 0
github.com/silouanwright/gh-comment/cmd/batch.go:193.3,193.28 1 0
github.com/silouanwright/gh-comment/cmd/batch.go:193.28,195.4 1 0
github.com/silouanwright/gh-comment/cmd/batch.go:196.3,196.47 1 0
github.com/silouanwright/gh-comment/cmd/batch.go:196.47,198.4 1 0
github.com/silouanwright/gh-comment/cmd/batch.go:199.3,199.47 1 0
github.com/silouanwright/gh-comment/cmd/batch.go:199.47,201.4 1 0
github.com/silouanwright/gh-comment/cmd/batch.go:202.3,202.80 1 0
github.com/silouanwright/gh-comment/cmd/batch.go:202.80,204.4 1 0
github.com/silouanwright/gh-comment/cmd/batch.go:208.2,208.26 1 0
github.com/silouanwright/gh-comment/cmd/batch.go:208.26,209.32 1 0
github.com/silouanwright/gh-comment/cmd/batch.go:209.32,212.43 3 0
github.com/silouanwright/gh-comment/cmd/batch.go:212.43,213.42 1 0
github.com/silouanwright/gh-comment/cmd/batch.go:213.42,215.11 2 0
github.com/silouanwright/gh-comment/cmd/batch.go:218.4,218.16 1 0
github.com/silouanwright/gh-comment/cmd/batch.go:218.16,220.5 1 0
github.com/silouanwright/gh-comment/cmd/batch.go:224.2,224.21 1 0
github.com/silouanwright/gh-comment/cmd/batch.go:227.107,229.26 1 0
github.com/silouanwright/gh-comment/cmd/batch.go:229.26,231.3 1 0
github.com/silouanwright/gh-comment/cmd/batch.go:234.2,234.76 1 0
github.com/silouanwright/gh-comment/cmd/batch.go:237.102,241.42 2 0
github.com/silouanwright/gh-comment/cmd/batch.go:241.42,242.30 1 0
github.com/silouanwright/gh-comment/cmd/batch.go:242.30,244.15 1 0
github.com/silouanwright/gh-comment/cmd/batch.go:244.15,246.5 1 0
github.com/silouanwright/gh-comment/cmd/batch.go:247.4,248.18 2 0
github.com/silouanwright/gh-comment/cmd/batch.go:248.18,250.5 1 0
github.com/silouanwright/gh-comment/cmd/batch.go:251.4,251.12 1 0
github.com/silouanwright/gh-comment/cmd/batch.go:255.3,256.17 2 0
github.com/silouanwright/gh-comment/cmd/batch.go:256.17,258.4 1 0
github.com/silouanwright/gh-comment/cmd/batch.go:260.3,261.10 2 0
github.com/silouanwright/gh-comment/cmd/batch.go:261.10,263.4 1 0
github.com/silouanwright/gh-comment/cmd/batch.go:266.3,273.26 2 0
github.com/silouanwright/gh-comment/cmd/batch.go:273.26,275.18 2 0
github.com/silouanwright/gh-comment/cmd/batch.go:275.18,277.5 1 0
github.com/silouanwright/gh-comment/cmd/batch.go:278.4,279.32 2 0
github.com/silouanwright/gh-comment/cmd/batch.go:280.9,282.4 1 0
github.com/silouanwright/gh-comment/cmd/batch.go:284.3,284.57 1 0
github.com/silouanwright/gh-comment/cmd/batch.go:288.2,294.29 2 0
github.com/silouanwright/gh-comment/cmd/batch.go:294.29,296.3 1 0
github.com/silouanwright/gh-comment/cmd/batch.go:298.2,299.16 2 0
github.com/silouanwright/gh-comment/cmd/batch.go:299.16,301.3 1 0
github.com/silouanwright/gh-comment/cmd/batch.go:303.2,304.12 2 0
github.com/silouanwright/gh-comment/cmd/batch.go:307.117,310.35 2 0
github.com/silouanwright/gh-comment/cmd/batch.go:310.35,311.14 1 0
github.com/silouanwright/gh-comment/cmd/batch.go:311.14,313.4 1 0
github.com/silouanwright/gh-comment/cmd/batch.go:315.3,316.24 2 0
github.com/silouanwright/gh-comment/cmd/batch.go:316.24,318.4 1 0
github.com/silouanwright/gh-comment/cmd/batch.go:320.3,321.29 2 0
github.com/silouanwright/gh-comment/cmd/batch.go:321.29,323.4 1 0
github.com/silouanwright/gh-comment/cmd/batch.go:323.9,326.18 2 0
github.com/silouanwright/gh-comment/cmd/batch.go:326.18,328.5 1 0
github.com/silouanwright/gh-comment/cmd/batch.go:330.4,331.11 2 0
github.com/silouanwright/gh-comment/cmd/batch.go:331.11,333.5 1 0
github.com/silouanwright/gh-comment/cmd/batch.go:335.4,342.27 2 0
github.com/silouanwright/gh-comment/cmd/batch.go:342.27,344.19 2 0
github.com/silouanwright/gh-comment/cmd/batch.go:344.19,346.6 1 0
github.com/silouanwright/gh-comment/cmd/batch.go:347.5,348.33 2 0
github.com/silouanwright/gh-comment/cmd/batch.go:349.10,351.5 1 0
github.com/silouanwright/gh-comment/cmd/batch.go:353.4,353.65 1 0
github.com/silouanwright/gh-comment/cmd/batch.go:356.3,356.17 1 0
github.com/silouanwright/gh-comment/cmd/batch.go:356.17,358.4 1 0
github.com/silouanwright/gh-comment/cmd/batch.go:360.3,360.17 1 0
github.com/silouanwright/gh-comment/cmd/batch.go:363.2,364.12 2 0
github.com/silouanwright/gh-comment/cmd/batch.go:368.54,369.25 1 0
github.com/silouanwright/gh-comment/cmd/batch.go:369.25,371.3 1 0
github.com/silouanwright/gh-comment/cmd/batch.go:372.2,372.40 1 0
github.com/silouanwright/gh-comment/cmd/batch.go:375.57,376.28 1 0
github.com/silouanwright/gh-comment/cmd/batch.go:376.28,378.3 1 0
github.com/silouanwright/gh-comment/cmd/batch.go:379.2,379.35 1 0
github.com/silouanwright/gh-comment/cmd/batch.go:382.70,384.21 2 0
github.com/silouanwright/gh-comment/cmd/batch.go:384.21,386.3 1 0
github.com/silouanwright/gh-comment/cmd/batch.go:388.2,389.16 2 0
github.com/silouanwright/gh-comment/cmd/batch.go:389.16,391.3 1 0
github.com/silouanwright/gh-comment/cmd/batch.go:393.2,394.16 2 0
github.com/silouanwright/gh-comment/cmd/batch.go:394.16,396.3 1 0
github.com/silouanwright/gh-comment/cmd/batch.go:398.2,398.36 1 0
github.com/silouanwright/gh-comment/cmd/batch.go:398.36,400.3 1 0
github.com/silouanwright/gh-comment/cmd/batch.go:402.2,402.25 1 0
github.com/silouanwright/gh-comment/cmd/batch.go:402.25,404.3 1 0
github.com/silouanwright/gh-comment/cmd/batch.go:406.2,406.32 1 0
github.com/silouanwright/gh-comment/cmd/edit.go:48.13,51.2 2 0
github.com/silouanwright/gh-comment/cmd/edit.go:53.55,55.23 1 0
github.com/silouanwright/gh-comment/cmd/edit.go:55.23,57.3 1 0
github.com/silouanwright/gh-comment/cmd/edit.go:60.2,61.16 2 0
github.com/silouanwright/gh-comment/cmd/edit.go:61.16,63.3 1 0
github.com/silouanwright/gh-comment/cmd/edit.go:65.2,68.20 2 0
github.com/silouanwright/gh-comment/cmd/edit.go:68.20,70.3 1 0
github.com/silouanwright/gh-comment/cmd/edit.go:70.8,70.34 1 0
github.com/silouanwright/gh-comment/cmd/edit.go:70.34,72.3 1 0
github.com/silouanwright/gh-comment/cmd/edit.go:72.8,74.3 1 0
github.com/silouanwright/gh-comment/cmd/edit.go:77.2,78.16 2 0
github.com/silouanwright/gh-comment/cmd/edit.go:78.16,80.3 1 0
github.com/silouanwright/gh-comment/cmd/edit.go:83.2,84.21 2 0
github.com/silouanwright/gh-comment/cmd/edit.go:84.21,86.3 1 0
github.com/silouanwright/gh-comment/cmd/edit.go:87.2,89.13 2 0
github.com/silouanwright/gh-comment/cmd/edit.go:89.13,94.3 4 0
github.com/silouanwright/gh-comment/cmd/edit.go:96.2,96.12 1 0
github.com/silouanwright/gh-comment/cmd/edit.go:96.12,100.3 3 0
github.com/silouanwright/gh-comment/cmd/edit.go:103.2,104.16 2 0
github.com/silouanwright/gh-comment/cmd/edit.go:104.16,106.3 1 0
github.com/silouanwright/gh-comment/cmd/edit.go:108.2,109.12 2 0
github.com/silouanwright/gh-comment/cmd/helpers.go:15.54,17.16 2 0
github.com/silouanwright/gh-comment/cmd/helpers.go:17.16,19.3 1 0
github.com/silouanwright/gh-comment/cmd/helpers.go:21.2,21.18 1 0
github.com/silouanwright/gh-comment/cmd/helpers.go:21.18,23.3 1 0
github.com/silouanwright/gh-comment/cmd/helpers.go:23.8,25.17 2 0
github.com/silouanwright/gh-comment/cmd/helpers.go:25.17,27.4 1 0
github.com/silouanwright/gh-comment/cmd/helpers.go:30.2,30.22 1 0
github.com/silouanwright/gh-comment/cmd/helpers.go:34.66,36.2 1 0
github.com/silouanwright/gh-comment/cmd/helpers.go:39.65,41.2 1 0
github.com/silouanwright/gh-comment/cmd/helpers.go:44.73,46.2 1 0
github.com/silouanwright/gh-comment/cmd/list.go:86.13,104.2 11 0
github.com/silouanwright/gh-comment/cmd/list.go:106.55,108.23 1 0
github.com/silouanwright/gh-comment/cmd/list.go:108.23,110.17 2 0
github.com/silouanwright/gh-comment/cmd/list.go:110.17,112.4 1 0
github.com/silouanwright/gh-comment/cmd/list.go:113.3,113.26 1 0
github.com/silouanwright/gh-comment/cmd/list.go:117.2,117.50 1 0
github.com/silouanwright/gh-comment/cmd/list.go:117.50,119.3 1 0
github.com/silouanwright/gh-comment/cmd/list.go:121.2,125.20 3 0
github.com/silouanwright/gh-comment/cmd/list.go:125.20,127.17 2 0
github.com/silouanwright/gh-comment/cmd/list.go:127.17,129.4 1 0
github.com/silouanwright/gh-comment/cmd/list.go:130.8,133.17 2 0
github.com/silouanwright/gh-comment/cmd/list.go:133.17,135.4 1 0
github.com/silouanwright/gh-comment/cmd/list.go:139.2,140.16 2 0
github.com/silouanwright/gh-comment/cmd/list.go:140.16,142.3 1 0
github.com/silouanwright/gh-comment/cmd/list.go:144.2,144.13 1 0
github.com/silouanwright/gh-comment/cmd/list.go:144.13,151.19 7 0
github.com/silouanwright/gh-comment/cmd/list.go:151.19,153.4 1 0
github.com/silouanwright/gh-comment/cmd/list.go:154.3,154.16 1 0
github.com/silouanwright/gh-comment/cmd/list.go:158.2,159.16 2 0
github.com/silouanwright/gh-comment/cmd/list.go:159.16,161.3 1 0
github.com/silouanwright/gh-comment/cmd/list.go:164.2,169.12 3 0
github.com/silouanwright/gh-comment/cmd/list.go:193.88,196.21 2 0
github.com/silouanwright/gh-comment/cmd/list.go:196.21,198.3 1 0
github.com/silouanwright/gh-comment/cmd/list.go:199.2,205.16 4 0
github.com/silouanwright/gh-comment/cmd/list.go:205.16,207.3 1 0
github.com/silouanwright/gh-comment/cmd/list.go:210.2,210.40 1 0
github.com/silouanwright/gh-comment/cmd/list.go:210.40,220.3 1 0
github.com/silouanwright/gh-comment/cmd/list.go:223.2,224.16 2 0
github.com/silouanwright/gh-comment/cmd/list.go:224.16,226.3 1 0
github.com/silouanwright/gh-comment/cmd/list.go:229.2,229.41 1 0
github.com/silouanwright/gh-comment/cmd/list.go:229.41,241.3 1 0
github.com/silouanwright/gh-comment/cmd/list.go:243.2,243.25 1 0
github.com/silouanwright/gh-comment/cmd/list.go:246.38,249.60 2 0
github.com/silouanwright/gh-comment/cmd/list.go:249.60,251.3 1 0
github.com/silouanwright/gh-comment/cmd/list.go:254.2,255.61 2 0
github.com/silouanwright/gh-comment/cmd/list.go:255.61,257.3 1 0
github.com/silouanwright/gh-comment/cmd/list.go:260.2,260.17 1 0
github.com/silouanwright/gh-comment/cmd/list.go:260.17,262.17 2 0
github.com/silouanwright/gh-comment/cmd/list.go:262.17,264.4 1 0
github.com/silouanwright/gh-comment/cmd/list.go:265.3,265.26 1 0
github.com/silouanwright/gh-comment/cmd/list.go:269.2,269.17 1 0
github.com/silouanwright/gh-comment/cmd/list.go:269.17,271.17 2 0
github.com/silouanwright/gh-comment/cmd/list.go:271.17,273.4 1 0
github.com/silouanwright/gh-comment/cmd/list.go:274.3,274.26 1 0
github.com/silouanwright/gh-comment/cmd/list.go:278.2,278.73 1 0
github.com/silouanwright/gh-comment/cmd/list.go:278.73,280.3 1 0
github.com/silouanwright/gh-comment/cmd/list.go:282.2,282.12 1 0
github.com/silouanwright/gh-comment/cmd/list.go:285.59,290.40 3 0
github.com/silouanwright/gh-comment/cmd/list.go:290.40,292.3 1 0
github.com/silouanwright/gh-comment/cmd/list.go:295.2,304.33 2 0
github.com/silouanwright/gh-comment/cmd/list.go:304.33,305.61 1 0
github.com/silouanwright/gh-comment/cmd/list.go:305.61,307.4 1 0
github.com/silouanwright/gh-comment/cmd/list.go:310.2,310.126 1 0
github.com/silouanwright/gh-comment/cmd/list.go:313.78,318.21 3 0
github.com/silouanwright/gh-comment/cmd/list.go:318.21,320.3 1 0
github.com/silouanwright/gh-comment/cmd/list.go:322.2,323.16 2 0
github.com/silouanwright/gh-comment/cmd/list.go:323.16,325.3 1 0
github.com/silouanwright/gh-comment/cmd/list.go:327.2,329.34 2 0
github.com/silouanwright/gh-comment/cmd/list.go:329.34,331.3 1 0
github.com/silouanwright/gh-comment/cmd/list.go:333.2,333.14 1 0
github.com/silouanwright/gh-comment/cmd/list.go:334.16,335.60 1 0
github.com/silouanwright/gh-comment/cmd/list.go:336.16,337.60 1 0
github.com/silouanwright/gh-comment/cmd/list.go:338.14,339.58 1 0
github.com/silouanwright/gh-comment/cmd/list.go:340.13,341.41 1 0
github.com/silouanwright/gh-comment/cmd/list.go:342.14,343.43 1 0
github.com/silouanwright/gh-comment/cmd/list.go:344.15,345.41 1 0
github.com/silouanwright/gh-comment/cmd/list.go:346.14,347.41 1 0
github.com/silouanwright/gh-comment/cmd/list.go:348.10,349.68 1 0
github.com/silouanwright/gh-comment/cmd/list.go:353.51,356.35 2 0
github.com/silouanwright/gh-comment/cmd/list.go:356.35,358.67 1 0
github.com/silouanwright/gh-comment/cmd/list.go:358.67,359.12 1 0
github.com/silouanwright/gh-comment/cmd/list.go:363.3,363.52 1 0
github.com/silouanwright/gh-comment/cmd/list.go:363.52,364.12 1 0
github.com/silouanwright/gh-comment/cmd/list.go:368.3,368.37 1 0
github.com/silouanwright/gh-comment/cmd/list.go:368.38,370.4 0 0
github.com/silouanwright/gh-comment/cmd/list.go:370.9,370.28 1 0
github.com/silouanwright/gh-comment/cmd/list.go:370.28,373.28 1 0
github.com/silouanwright/gh-comment/cmd/list.go:373.28,374.13 1 0
github.com/silouanwright/gh-comment/cmd/list.go:376.9,376.27 1 0
github.com/silouanwright/gh-comment/cmd/list.go:376.27,378.28 1 0
github.com/silouanwright/gh-comment/cmd/list.go:378.28,379.13 1 0
github.com/silouanwright/gh-comment/cmd/list.go:384.3,384.22 1 0
github.com/silouanwright/gh-comment/cmd/list.go:384.22,388.28 1 0
github.com/silouanwright/gh-comment/cmd/list.go:388.28,389.13 1 0
github.com/silouanwright/gh-comment/cmd/list.go:394.3,394.63 1 0
github.com/silouanwright/gh-comment/cmd/list.go:394.63,395.12 1 0
github.com/silouanwright/gh-comment/cmd/list.go:397.3,397.62 1 0
github.com/silouanwright/gh-comment/cmd/list.go:397.62,398.12 1 0
github.com/silouanwright/gh-comment/cmd/list.go:401.3,401.39 1 0
github.com/silouanwright/gh-comment/cmd/list.go:404.2,404.17 1 0
github.com/silouanwright/gh-comment/cmd/list.go:407.54,409.22 1 0
github.com/silouanwright/gh-comment/cmd/list.go:409.22,411.3 1 0
github.com/silouanwright/gh-comment/cmd/list.go:414.2,414.35 1 0
github.com/silouanwright/gh-comment/cmd/list.go:414.35,419.81 3 0
github.com/silouanwright/gh-comment/cmd/list.go:419.81,421.4 1 0
github.com/silouanwright/gh-comment/cmd/list.go:425.2,425.75 1 0
github.com/silouanwright/gh-comment/cmd/list.go:428.55,429.26 1 0
[...]
github.com/silouanwright/gh-comment/cmd/review.go:82.20,85.17 2 1
github.com/silouanwright/gh-comment/cmd/review.go:85.17,87.4 1 1
github.com/silouanwright/gh-comment/cmd/review.go:88.3,88.17 1 1
github.com/silouanwright/gh-comment/cmd/review.go:89.8,89.27 1 1
github.com/silouanwright/gh-comment/cmd/review.go:89.27,91.54 1 1
github.com/silouanwright/gh-comment/cmd/review.go:91.54,94.4 1 1
github.com/silouanwright/gh-comment/cmd/review.go:94.9,97.18 2 1
github.com/silouanwright/gh-comment/cmd/review.go:97.18,99.5 1 0
github.com/silouanwright/gh-comment/cmd/review.go:100.4,100.18 1 1
github.com/silouanwright/gh-comment/cmd/review.go:105.2,107.41 3 1
github.com/silouanwright/gh-comment/cmd/review.go:107.41,108.36 1 1
github.com/silouanwright/gh-comment/cmd/review.go:108.36,110.9 2 1
github.com/silouanwright/gh-comment/cmd/review.go:113.2,113.19 1 1
github.com/silouanwright/gh-comment/cmd/review.go:113.19,115.3 1 1
github.com/silouanwright/gh-comment/cmd/review.go:118.2,118.48 1 1
github.com/silouanwright/gh-comment/cmd/review.go:118.48,120.3 1 1
github.com/silouanwright/gh-comment/cmd/review.go:123.2,124.16 2 1
github.com/silouanwright/gh-comment/cmd/review.go:124.16,126.3 1 0
github.com/silouanwright/gh-comment/cmd/review.go:129.2,130.21 2 1
github.com/silouanwright/gh-comment/cmd/review.go:130.21,132.3 1 1
github.com/silouanwright/gh-comment/cmd/review.go:133.2,135.13 2 1
github.com/silouanwright/gh-comment/cmd/review.go:135.13,142.3 6 1
github.com/silouanwright/gh-comment/cmd/review.go:144.2,144.12 1 1
github.com/silouanwright/gh-comment/cmd/review.go:144.12,149.46 5 1
github.com/silouanwright/gh-comment/cmd/review.go:149.46,151.4 1 1
github.com/silouanwright/gh-comment/cmd/review.go:152.3,152.13 1 1
github.com/silouanwright/gh-comment/cmd/review.go:156.2,157.16 2 1
github.com/silouanwright/gh-comment/cmd/review.go:157.16,159.3 1 0
github.com/silouanwright/gh-comment/cmd/review.go:161.2,162.9 2 1
github.com/silouanwright/gh-comment/cmd/review.go:162.9,164.3 1 0
github.com/silouanwright/gh-comment/cmd/review.go:167.2,168.49 2 1
github.com/silouanwright/gh-comment/cmd/review.go:168.49,170.17 2 1
github.com/silouanwright/gh-comment/cmd/review.go:170.17,172.4 1 1
github.com/silouanwright/gh-comment/cmd/review.go:173.3,173.66 1 1
github.com/silouanwright/gh-comment/cmd/review.go:177.2,184.16 3 1
github.com/silouanwright/gh-comment/cmd/review.go:184.16,186.3 1 0
github.com/silouanwright/gh-comment/cmd/review.go:189.2,190.25 2 1
github.com/silouanwright/gh-comment/cmd/review.go:191.17,192.25 1 1
github.com/silouanwright/gh-comment/cmd/review.go:193.25,194.34 1 1
github.com/silouanwright/gh-comment/cmd/review.go:195.17,196.29 1 1
github.com/silouanwright/gh-comment/cmd/review.go:199.2,200.34 2 1
github.com/silouanwright/gh-comment/cmd/review.go:200.34,202.3 1 1
github.com/silouanwright/gh-comment/cmd/review.go:203.2,205.12 2 1
github.com/silouanwright/gh-comment/cmd/review.go:210.88,212.20 2 1
github.com/silouanwright/gh-comment/cmd/review.go:212.20,214.3 1 1
github.com/silouanwright/gh-comment/cmd/review.go:216.2,220.20 4 1
github.com/silouanwright/gh-comment/cmd/review.go:220.20,222.3 1 1
github.com/silouanwright/gh-comment/cmd/review.go:223.2,223.19 1 1
github.com/silouanwright/gh-comment/cmd/review.go:223.19,225.3 1 1
github.com/silouanwright/gh-comment/cmd/review.go:227.2,234.37 2 1
github.com/silouanwright/gh-comment/cmd/review.go:234.37,237.27 2 1
github.com/silouanwright/gh-comment/cmd/review.go:237.27,239.4 1 1
github.com/silouanwright/gh-comment/cmd/review.go:241.3,242.17 2 1
github.com/silouanwright/gh-comment/cmd/review.go:242.17,244.4 1 1
github.com/silouanwright/gh-comment/cmd/review.go:246.3,247.17 2 1
github.com/silouanwright/gh-comment/cmd/review.go:247.17,249.4 1 1
github.com/silouanwright/gh-comment/cmd/review.go:251.3,251.37 1 1
github.com/silouanwright/gh-comment/cmd/review.go:251.37,253.4 1 1
github.com/silouanwright/gh-comment/cmd/review.go:255.3,255.26 1 1
github.com/silouanwright/gh-comment/cmd/review.go:255.26,257.4 1 1
github.com/silouanwright/gh-comment/cmd/review.go:259.3,260.25 2 1
github.com/silouanwright/gh-comment/cmd/review.go:261.8,264.17 2 1
github.com/silouanwright/gh-comment/cmd/review.go:264.17,266.4 1 1
github.com/silouanwright/gh-comment/cmd/review.go:268.3,268.16 1 1
github.com/silouanwright/gh-comment/cmd/review.go:268.16,270.4 1 1
github.com/silouanwright/gh-comment/cmd/review.go:272.3,272.22 1 1
github.com/silouanwright/gh-comment/cmd/review.go:275.2,275.21 1 1
github.com/silouanwright/gh-comment/cmd/root.go:45.22,47.2 1 1
github.com/silouanwright/gh-comment/cmd/root.go:49.13,57.2 5 1
github.com/silouanwright/gh-comment/cmd/root.go:60.39,61.16 1 1
github.com/silouanwright/gh-comment/cmd/root.go:61.16,63.3 1 1
github.com/silouanwright/gh-comment/cmd/root.go:66.2,67.16 2 1
github.com/silouanwright/gh-comment/cmd/root.go:67.16,69.3 1 0
github.com/silouanwright/gh-comment/cmd/root.go:71.2,71.48 1 1
github.com/silouanwright/gh-comment/cmd/root.go:75.34,76.19 1 1
github.com/silouanwright/gh-comment/cmd/root.go:76.19,78.3 1 1
github.com/silouanwright/gh-comment/cmd/root.go:81.2,82.16 2 1
github.com/silouanwright/gh-comment/cmd/root.go:82.16,84.3 1 1
github.com/silouanwright/gh-comment/cmd/root.go:86.2,88.16 3 0
github.com/silouanwright/gh-comment/cmd/root.go:88.16,90.3 1 0
github.com/silouanwright/gh-comment/cmd/root.go:92.2,92.16 1 0
github.com/silouanwright/gh-comment/cmd/submit-review.go:48.13,52.2 3 1
github.com/silouanwright/gh-comment/cmd/submit-review.go:54.63,56.25 1 1
github.com/silouanwright/gh-comment/cmd/submit-review.go:56.25,58.3 1 0
github.com/silouanwright/gh-comment/cmd/submit-review.go:60.2,65.20 4 1
github.com/silouanwright/gh-comment/cmd/submit-review.go:65.20,68.17 2 1
github.com/silouanwright/gh-comment/cmd/submit-review.go:68.17,70.4 1 1
github.com/silouanwright/gh-comment/cmd/submit-review.go:71.3,71.17 1 1
github.com/silouanwright/gh-comment/cmd/submit-review.go:72.8,72.27 1 1
github.com/silouanwright/gh-comment/cmd/submit-review.go:72.27,74.54 1 1
github.com/silouanwright/gh-comment/cmd/submit-review.go:74.54,77.4 1 1
github.com/silouanwright/gh-comment/cmd/submit-review.go:77.9,80.18 2 1
github.com/silouanwright/gh-comment/cmd/submit-review.go:80.18,82.5 1 0
github.com/silouanwright/gh-comment/cmd/submit-review.go:83.4,84.18 2 1
github.com/silouanwright/gh-comment/cmd/submit-review.go:86.8,89.17 2 1
github.com/silouanwright/gh-comment/cmd/submit-review.go:89.17,91.4 1 0
github.com/silouanwright/gh-comment/cmd/submit-review.go:92.3,92.13 1 1
github.com/silouanwright/gh-comment/cmd/submit-review.go:96.2,96.22 1 1
github.com/silouanwright/gh-comment/cmd/submit-review.go:96.22,98.3 1 1
github.com/silouanwright/gh-comment/cmd/submit-review.go:101.2,103.41 3 1
github.com/silouanwright/gh-comment/cmd/submit-review.go:103.41,104.32 1 1
github.com/silouanwright/gh-comment/cmd/submit-review.go:104.32,106.9 2 1
github.com/silouanwright/gh-comment/cmd/submit-review.go:109.2,109.19 1 1
github.com/silouanwright/gh-comment/cmd/submit-review.go:109.19,111.3 1 1
github.com/silouanwright/gh-comment/cmd/submit-review.go:114.2,115.16 2 1
github.com/silouanwright/gh-comment/cmd/submit-review.go:115.16,117.3 1 0
github.com/silouanwright/gh-comment/cmd/submit-review.go:120.2,121.21 2 1
github.com/silouanwright/gh-comment/cmd/submit-review.go:121.21,123.3 1 1
github.com/silouanwright/gh-comment/cmd/submit-review.go:124.2,126.13 2 1
github.com/silouanwright/gh-comment/cmd/submit-review.go:126.13,132.3 5 1
github.com/silouanwright/gh-comment/cmd/submit-review.go:134.2,134.12 1 1
github.com/silouanwright/gh-comment/cmd/submit-review.go:134.12,139.3 4 1
github.com/silouanwright/gh-comment/cmd/submit-review.go:142.2,143.16 2 1
github.com/silouanwright/gh-comment/cmd/submit-review.go:143.16,145.3 1 1
github.com/silouanwright/gh-comment/cmd/submit-review.go:147.2,147.19 1 1
github.com/silouanwright/gh-comment/cmd/submit-review.go:147.19,149.3 1 1
github.com/silouanwright/gh-comment/cmd/submit-review.go:151.2,151.13 1 1
github.com/silouanwright/gh-comment/cmd/submit-review.go:151.13,153.3 1 1
github.com/silouanwright/gh-comment/cmd/submit-review.go:156.2,157.16 2 1
github.com/silouanwright/gh-comment/cmd/submit-review.go:157.16,159.3 1 1
github.com/silouanwright/gh-comment/cmd/submit-review.go:162.2,163.21 2 1
github.com/silouanwright/gh-comment/cmd/submit-review.go:164.17,165.25 1 1
github.com/silouanwright/gh-comment/cmd/submit-review.go:166.25,167.34 1 1
github.com/silouanwright/gh-comment/cmd/submit-review.go:168.17,169.26 1 1
github.com/silouanwright/gh-comment/cmd/submit-review.go:172.2,173.12 2 1
github.com/silouanwright/gh-comment/cmd/suggestions.go:9.47,17.2 3 1
github.com/silouanwright/gh-comment/cmd/suggestions.go:20.53,24.68 2 1
github.com/silouanwright/gh-comment/cmd/suggestions.go:24.68,27.26 2 1
github.com/silouanwright/gh-comment/cmd/suggestions.go:27.26,29.4 1 0
github.com/silouanwright/gh-comment/cmd/suggestions.go:31.3,32.52 2 1
github.com/silouanwright/gh-comment/cmd/suggestions.go:37.56,41.68 2 1
github.com/silouanwright/gh-comment/cmd/suggestions.go:41.68,44.26 2 1
github.com/silouanwright/gh-comment/cmd/suggestions.go:44.26,46.4 1 0
github.com/silouanwright/gh-comment/cmd/suggestions.go:48.3,49.52 2 1
github.com/silouanwright/gh-comment/internal/github/client.go:109.34,133.2 1 1
github.com/silouanwright/gh-comment/internal/github/client.go:136.93,137.37 1 1
github.com/silouanwright/gh-comment/internal/github/client.go:137.37,139.3 1 0
github.com/silouanwright/gh-comment/internal/github/client.go:140.2,140.29 1 1
github.com/silouanwright/gh-comment/internal/github/client.go:143.94,144.38 1 1
github.com/silouanwright/gh-comment/internal/github/client.go:144.38,146.3 1 0
github.com/silouanwright/gh-comment/internal/github/client.go:147.2,147.30 1 1
github.com/silouanwright/gh-comment/internal/github/client.go:150.106,151.33 1 1
github.com/silouanwright/gh-comment/internal/github/client.go:151.33,153.3 1 0
github.com/silouanwright/gh-comment/internal/github/client.go:155.2,163.21 3 1
github.com/silouanwright/gh-comment/internal/github/client.go:166.113,167.33 1 1
github.com/silouanwright/gh-comment/internal/github/client.go:167.33,169.3 1 0
github.com/silouanwright/gh-comment/internal/github/client.go:171.2,179.21 3 1
github.com/silouanwright/gh-comment/internal/github/client.go:182.110,183.36 1 1
github.com/silouanwright/gh-comment/internal/github/client.go:183.36,185.3 1 1
github.com/silouanwright/gh-comment/internal/github/client.go:186.2,186.22 1 1
github.com/silouanwright/gh-comment/internal/github/client.go:189.65,190.33 1 1
github.com/silouanwright/gh-comment/internal/github/client.go:190.33,192.3 1 1
github.com/silouanwright/gh-comment/internal/github/client.go:193.2,194.12 2 1
github.com/silouanwright/gh-comment/internal/github/client.go:197.92,199.2 1 1
github.com/silouanwright/gh-comment/internal/github/client.go:201.95,203.2 1 1
github.com/silouanwright/gh-comment/internal/github/client.go:205.88,207.2 1 1
github.com/silouanwright/gh-comment/internal/github/client.go:209.101,211.2 1 1
github.com/silouanwright/gh-comment/internal/github/client.go:213.88,222.2 1 0
github.com/silouanwright/gh-comment/internal/github/client.go:224.95,233.2 1 1
github.com/silouanwright/gh-comment/internal/github/client.go:235.89,237.2 1 1
github.com/silouanwright/gh-comment/internal/github/client.go:239.81,240.37 1 1
github.com/silouanwright/gh-comment/internal/github/client.go:240.37,242.3 1 1
github.com/silouanwright/gh-comment/internal/github/client.go:243.2,243.31 1 1
github.com/silouanwright/gh-comment/internal/github/client.go:246.99,247.32 1 1
github.com/silouanwright/gh-comment/internal/github/client.go:247.32,249.3 1 1
github.com/silouanwright/gh-comment/internal/github/client.go:250.2,251.12 2 1
github.com/silouanwright/gh-comment/internal/github/real_client.go:21.43,23.16 2 0
github.com/silouanwright/gh-comment/internal/github/real_client.go:23.16,25.3 1 0
github.com/silouanwright/gh-comment/internal/github/real_client.go:27.2,28.16 2 0
github.com/silouanwright/gh-comment/internal/github/real_client.go:28.16,30.3 1 0
github.com/silouanwright/gh-comment/internal/github/real_client.go:32.2,35.8 1 0
github.com/silouanwright/gh-comment/internal/github/real_client.go:39.93,44.16 4 0
github.com/silouanwright/gh-comment/internal/github/real_client.go:44.16,46.3 1 0
github.com/silouanwright/gh-comment/internal/github/real_client.go:49.2,49.26 1 0
github.com/silouanwright/gh-comment/internal/github/real_client.go:49.26,51.3 1 0
github.com/silouanwright/gh-comment/internal/github/real_client.go:53.2,53.22 1 0
github.com/silouanwright/gh-comment/internal/github/real_client.go:57.94,62.16 4 0
github.com/silouanwright/gh-comment/internal/github/real_client.go:62.16,64.3 1 0
github.com/silouanwright/gh-comment/internal/github/real_client.go:67.2,67.26 1 0
github.com/silouanwright/gh-comment/internal/github/real_client.go:67.26,69.3 1 0
github.com/silouanwright/gh-comment/internal/github/real_client.go:71.2,71.22 1 0
github.com/silouanwright/gh-comment/internal/github/real_client.go:75.106,80.16 4 0
github.com/silouanwright/gh-comment/internal/github/real_client.go:80.16,82.3 1 0
github.com/silouanwright/gh-comment/internal/github/real_client.go:84.2,86.16 3 0
github.com/silouanwright/gh-comment/internal/github/real_client.go:86.16,88.3 1 0
github.com/silouanwright/gh-comment/internal/github/real_client.go:90.2,91.22 2 0
github.com/silouanwright/gh-comment/internal/github/real_client.go:95.113,102.16 4 0
github.com/silouanwright/gh-comment/internal/github/real_client.go:102.16,104.3 1 0
github.com/silouanwright/gh-comment/internal/github/real_client.go:106.2,108.16 3 0
github.com/silouanwright/gh-comment/internal/github/real_client.go:108.16,110.3 1 0
github.com/silouanwright/gh-comment/internal/github/real_client.go:112.2,113.22 2 0
github.com/silouanwright/gh-comment/internal/github/real_client.go:117.110,160.16 5 0
github.com/silouanwright/gh-comment/internal/github/real_client.go:160.16,162.3 1 0
github.com/silouanwright/gh-comment/internal/github/real_client.go:165.2,165.75 1 0
github.com/silouanwright/gh-comment/internal/github/real_client.go:165.75,166.49 1 0
github.com/silouanwright/gh-comment/internal/github/real_client.go:166.49,167.39 1 0
github.com/silouanwright/gh-comment/internal/github/real_client.go:167.39,169.5 1 0
github.com/silouanwright/gh-comment/internal/github/real_client.go:173.2,173.69 1 0
github.com/silouanwright/gh-comment/internal/github/real_client.go:177.65,192.16 4 0
github.com/silouanwright/gh-comment/internal/github/real_client.go:192.16,194.3 1 0
github.com/silouanwright/gh-comment/internal/github/real_client.go:196.2,196.12 1 0
github.com/silouanwright/gh-comment/internal/github/real_client.go:202.92,207.16 4 0
github.com/silouanwright/gh-comment/internal/github/real_client.go:207.16,209.3 1 0
github.com/silouanwright/gh-comment/internal/github/real_client.go:211.2,212.16 2 0
github.com/silouanwright/gh-comment/internal/github/real_client.go:212.16,214.3 1 0
github.com/silouanwright/gh-comment/internal/github/real_client.go:216.2,216.12 1 0
github.com/silouanwright/gh-comment/internal/github/real_client.go:220.95,231.16 4 0
github.com/silouanwright/gh-comment/internal/github/real_client.go:231.16,233.3 1 0
github.com/silouanwright/gh-comment/internal/github/real_client.go:236.2,240.16 3 0
github.com/silouanwright/gh-comment/internal/github/real_client.go:240.16,242.3 1 0
github.com/silouanwright/gh-comment/internal/github/real_client.go:245.2,245.30 1 0
github.com/silouanwright/gh-comment/internal/github/real_client.go:245.30,246.65 1 0
github.com/silouanwright/gh-comment/internal/github/real_client.go:246.65,249.18 3 0
github.com/silouanwright/gh-comment/internal/github/real_client.go:249.18,251.5 1 0
github.com/silouanwright/gh-comment/internal/github/real_client.go:252.4,252.14 1 0
github.com/silouanwright/gh-comment/internal/github/real_client.go:256.2,256.41 1 0
github.com/silouanwright/gh-comment/internal/github/real_client.go:260.88,265.16 4 0
github.com/silouanwright/gh-comment/internal/github/real_client.go:265.16,267.3 1 0
github.com/silouanwright/gh-comment/internal/github/real_client.go:269.2,270.16 2 0
github.com/silouanwright/gh-comment/internal/github/real_client.go:270.16,272.3 1 0
github.com/silouanwright/gh-comment/internal/github/real_client.go:274.2,274.12 1 0
github.com/silouanwright/gh-comment/internal/github/real_client.go:278.101,282.16 3 0
github.com/silouanwright/gh-comment/internal/github/real_client.go:282.16,284.3 1 0
github.com/silouanwright/gh-comment/internal/github/real_client.go:286.2,287.16 2 0
github.com/silouanwright/gh-comment/internal/github/real_client.go:287.16,289.3 1 0
github.com/silouanwright/gh-comment/internal/github/real_client.go:291.2,291.12 1 0
github.com/silouanwright/gh-comment/internal/github/real_client.go:295.88,299.16 3 0
github.com/silouanwright/gh-comment/internal/github/real_client.go:299.16,301.3 1 0
github.com/silouanwright/gh-comment/internal/github/real_client.go:302.2,310.16 4 0
github.com/silouanwright/gh-comment/internal/github/real_client.go:310.16,312.3 1 0
github.com/silouanwright/gh-comment/internal/github/real_client.go:314.2,315.16 2 0
github.com/silouanwright/gh-comment/internal/github/real_client.go:315.16,317.3 1 0
github.com/silouanwright/gh-comment/internal/github/real_client.go:320.2,321.16 2 0
github.com/silouanwright/gh-comment/internal/github/real_client.go:321.16,323.3 1 0
github.com/silouanwright/gh-comment/internal/github/real_client.go:324.2,327.16 3 0
github.com/silouanwright/gh-comment/internal/github/real_client.go:327.16,329.3 1 0
github.com/silouanwright/gh-comment/internal/github/real_client.go:332.2,334.18 2 0
github.com/silouanwright/gh-comment/internal/github/real_client.go:338.53,349.29 4 0
github.com/silouanwright/gh-comment/internal/github/real_client.go:349.29,350.44 1 0
github.com/silouanwright/gh-comment/internal/github/real_client.go:350.44,353.23 2 0
github.com/silouanwright/gh-comment/internal/github/real_client.go:353.23,360.5 3 0
github.com/silouanwright/gh-comment/internal/github/real_client.go:361.9,361.65 1 0
github.com/silouanwright/gh-comment/internal/github/real_client.go:361.66,364.4 0 0
github.com/silouanwright/gh-comment/internal/github/real_client.go:367.2,367.13 1 0
github.com/silouanwright/gh-comment/internal/github/real_client.go:371.89,375.16 3 0
github.com/silouanwright/gh-comment/internal/github/real_client.go:375.16,377.3 1 0
github.com/silouanwright/gh-comment/internal/github/real_client.go:379.2,380.16 2 0
github.com/silouanwright/gh-comment/internal/github/real_client.go:380.16,382.3 1 0
github.com/silouanwright/gh-comment/internal/github/real_client.go:384.2,384.12 1 0
github.com/silouanwright/gh-comment/internal/github/real_client.go:388.95,393.16 4 0
github.com/silouanwright/gh-comment/internal/github/real_client.go:393.16,395.3 1 0
github.com/silouanwright/gh-comment/internal/github/real_client.go:397.2,397.20 1 0
github.com/silouanwright/gh-comment/internal/github/real_client.go:401.81,407.16 4 0
github.com/silouanwright/gh-comment/internal/github/real_client.go:407.16,409.3 1 0
github.com/silouanwright/gh-comment/internal/github/real_client.go:412.2,412.33 1 0
github.com/silouanwright/gh-comment/internal/github/real_client.go:412.33,413.70 1 0
github.com/silouanwright/gh-comment/internal/github/real_client.go:413.70,414.44 1 0
github.com/silouanwright/gh-comment/internal/github/real_client.go:414.44,416.5 1 0
github.com/silouanwright/gh-comment/internal/github/real_client.go:420.2,420.15 1 0
github.com/silouanwright/gh-comment/internal/github/real_client.go:424.99,433.16 4 0
github.com/silouanwright/gh-comment/internal/github/real_client.go:433.16,435.3 1 0
github.com/silouanwright/gh-comment/internal/github/real_client.go:437.2,438.16 2 0
github.com/silouanwright/gh-comment/internal/github/real_client.go:438.16,440.3 1 0
github.com/silouanwright/gh-comment/internal/github/real_client.go:442.2,442.12 1 0
