mode: set
github.com/silouanwright/gh-comment/cmd/add.go:63.13,67.2 3 1
github.com/silouanwright/gh-comment/cmd/add.go:69.54,71.22 1 1
github.com/silouanwright/gh-comment/cmd/add.go:71.22,73.17 2 0
github.com/silouanwright/gh-comment/cmd/add.go:73.17,75.4 1 0
github.com/silouanwright/gh-comment/cmd/add.go:76.3,76.21 1 0
github.com/silouanwright/gh-comment/cmd/add.go:79.2,85.23 5 1
github.com/silouanwright/gh-comment/cmd/add.go:85.23,87.21 1 1
github.com/silouanwright/gh-comment/cmd/add.go:87.21,90.18 2 1
github.com/silouanwright/gh-comment/cmd/add.go:90.18,92.5 1 1
github.com/silouanwright/gh-comment/cmd/add.go:94.4,95.18 2 1
github.com/silouanwright/gh-comment/cmd/add.go:95.18,97.5 1 0
github.com/silouanwright/gh-comment/cmd/add.go:98.9,98.28 1 1
github.com/silouanwright/gh-comment/cmd/add.go:98.28,101.18 2 0
github.com/silouanwright/gh-comment/cmd/add.go:101.18,103.5 1 0
github.com/silouanwright/gh-comment/cmd/add.go:104.9,106.4 1 1
github.com/silouanwright/gh-comment/cmd/add.go:107.3,107.41 1 1
github.com/silouanwright/gh-comment/cmd/add.go:108.8,108.27 1 1
github.com/silouanwright/gh-comment/cmd/add.go:108.27,111.17 2 1
github.com/silouanwright/gh-comment/cmd/add.go:111.17,113.4 1 1
github.com/silouanwright/gh-comment/cmd/add.go:114.3,117.17 3 1
github.com/silouanwright/gh-comment/cmd/add.go:117.17,119.4 1 0
github.com/silouanwright/gh-comment/cmd/add.go:120.8,120.27 1 1
github.com/silouanwright/gh-comment/cmd/add.go:120.27,123.17 2 1
github.com/silouanwright/gh-comment/cmd/add.go:123.17,125.4 1 0
github.com/silouanwright/gh-comment/cmd/add.go:126.3,126.20 1 1
github.com/silouanwright/gh-comment/cmd/add.go:127.8,129.3 1 1
github.com/silouanwright/gh-comment/cmd/add.go:132.2,132.38 1 1
github.com/silouanwright/gh-comment/cmd/add.go:132.38,134.3 1 1
github.com/silouanwright/gh-comment/cmd/add.go:137.2,138.25 2 1
github.com/silouanwright/gh-comment/cmd/add.go:138.25,140.3 1 0
github.com/silouanwright/gh-comment/cmd/add.go:140.8,142.3 1 1
github.com/silouanwright/gh-comment/cmd/add.go:144.2,144.13 1 1
github.com/silouanwright/gh-comment/cmd/add.go:144.13,150.3 5 0
github.com/silouanwright/gh-comment/cmd/add.go:152.2,152.12 1 1
github.com/silouanwright/gh-comment/cmd/add.go:152.12,155.3 2 0
github.com/silouanwright/gh-comment/cmd/add.go:158.2,159.21 2 1
github.com/silouanwright/gh-comment/cmd/add.go:159.21,161.3 1 0
github.com/silouanwright/gh-comment/cmd/add.go:162.2,166.16 3 1
github.com/silouanwright/gh-comment/cmd/add.go:166.16,168.3 1 0
github.com/silouanwright/gh-comment/cmd/add.go:171.2,172.53 2 1
github.com/silouanwright/gh-comment/cmd/add.go:172.53,174.3 1 1
github.com/silouanwright/gh-comment/cmd/add.go:175.2,177.12 2 1
github.com/silouanwright/gh-comment/cmd/batch.go:67.13,69.2 1 1
github.com/silouanwright/gh-comment/cmd/batch.go:71.56,73.24 1 1
github.com/silouanwright/gh-comment/cmd/batch.go:73.24,75.17 2 0
github.com/silouanwright/gh-comment/cmd/batch.go:75.17,77.4 1 0
github.com/silouanwright/gh-comment/cmd/batch.go:78.3,78.23 1 0
github.com/silouanwright/gh-comment/cmd/batch.go:82.2,84.16 3 1
github.com/silouanwright/gh-comment/cmd/batch.go:84.16,86.3 1 1
github.com/silouanwright/gh-comment/cmd/batch.go:89.2,91.16 3 1
github.com/silouanwright/gh-comment/cmd/batch.go:91.16,93.3 1 1
github.com/silouanwright/gh-comment/cmd/batch.go:96.2,96.20 1 1
github.com/silouanwright/gh-comment/cmd/batch.go:96.20,98.3 1 1
github.com/silouanwright/gh-comment/cmd/batch.go:100.2,101.23 2 1
github.com/silouanwright/gh-comment/cmd/batch.go:101.23,103.3 1 1
github.com/silouanwright/gh-comment/cmd/batch.go:106.2,106.22 1 1
github.com/silouanwright/gh-comment/cmd/batch.go:106.22,108.17 2 0
github.com/silouanwright/gh-comment/cmd/batch.go:108.17,110.4 1 0
github.com/silouanwright/gh-comment/cmd/batch.go:114.2,115.21 2 1
github.com/silouanwright/gh-comment/cmd/batch.go:115.21,117.3 1 1
github.com/silouanwright/gh-comment/cmd/batch.go:118.2,120.13 2 1
github.com/silouanwright/gh-comment/cmd/batch.go:120.13,125.27 5 1
github.com/silouanwright/gh-comment/cmd/batch.go:125.27,127.4 1 0
github.com/silouanwright/gh-comment/cmd/batch.go:128.3,128.16 1 1
github.com/silouanwright/gh-comment/cmd/batch.go:131.2,131.12 1 1
github.com/silouanwright/gh-comment/cmd/batch.go:131.12,133.43 2 1
github.com/silouanwright/gh-comment/cmd/batch.go:133.43,135.4 1 1
github.com/silouanwright/gh-comment/cmd/batch.go:136.3,136.27 1 1
github.com/silouanwright/gh-comment/cmd/batch.go:136.27,138.4 1 0
github.com/silouanwright/gh-comment/cmd/batch.go:139.3,139.13 1 1
github.com/silouanwright/gh-comment/cmd/batch.go:143.2,143.71 1 1
github.com/silouanwright/gh-comment/cmd/batch.go:146.63,149.16 2 1
github.com/silouanwright/gh-comment/cmd/batch.go:149.16,151.3 1 0
github.com/silouanwright/gh-comment/cmd/batch.go:154.2,156.16 3 1
github.com/silouanwright/gh-comment/cmd/batch.go:156.16,158.3 1 1
github.com/silouanwright/gh-comment/cmd/batch.go:161.2,161.55 1 1
github.com/silouanwright/gh-comment/cmd/batch.go:161.55,163.3 1 1
github.com/silouanwright/gh-comment/cmd/batch.go:166.2,166.42 1 1
github.com/silouanwright/gh-comment/cmd/batch.go:166.42,167.25 1 1
github.com/silouanwright/gh-comment/cmd/batch.go:167.25,169.4 1 1
github.com/silouanwright/gh-comment/cmd/batch.go:170.3,170.28 1 1
github.com/silouanwright/gh-comment/cmd/batch.go:170.28,172.4 1 1
github.com/silouanwright/gh-comment/cmd/batch.go:173.3,173.47 1 1
github.com/silouanwright/gh-comment/cmd/batch.go:173.47,175.4 1 1
github.com/silouanwright/gh-comment/cmd/batch.go:176.3,176.47 1 1
github.com/silouanwright/gh-comment/cmd/batch.go:176.47,178.4 1 1
github.com/silouanwright/gh-comment/cmd/batch.go:179.3,179.80 1 1
github.com/silouanwright/gh-comment/cmd/batch.go:179.80,181.4 1 1
github.com/silouanwright/gh-comment/cmd/batch.go:185.2,185.26 1 1
github.com/silouanwright/gh-comment/cmd/batch.go:185.26,186.32 1 1
github.com/silouanwright/gh-comment/cmd/batch.go:186.32,189.43 3 1
github.com/silouanwright/gh-comment/cmd/batch.go:189.43,190.42 1 1
github.com/silouanwright/gh-comment/cmd/batch.go:190.42,192.11 2 1
github.com/silouanwright/gh-comment/cmd/batch.go:195.4,195.16 1 1
github.com/silouanwright/gh-comment/cmd/batch.go:195.16,197.5 1 1
github.com/silouanwright/gh-comment/cmd/batch.go:201.2,201.21 1 1
github.com/silouanwright/gh-comment/cmd/batch.go:204.107,206.26 1 1
github.com/silouanwright/gh-comment/cmd/batch.go:206.26,208.3 1 1
github.com/silouanwright/gh-comment/cmd/batch.go:211.2,211.76 1 1
github.com/silouanwright/gh-comment/cmd/batch.go:214.102,218.42 2 1
github.com/silouanwright/gh-comment/cmd/batch.go:218.42,219.30 1 1
github.com/silouanwright/gh-comment/cmd/batch.go:219.30,221.15 1 1
github.com/silouanwright/gh-comment/cmd/batch.go:221.15,223.5 1 0
github.com/silouanwright/gh-comment/cmd/batch.go:224.4,225.18 2 1
github.com/silouanwright/gh-comment/cmd/batch.go:225.18,227.5 1 0
github.com/silouanwright/gh-comment/cmd/batch.go:228.4,228.12 1 1
github.com/silouanwright/gh-comment/cmd/batch.go:234.3,241.26 2 1
github.com/silouanwright/gh-comment/cmd/batch.go:241.26,243.18 2 0
github.com/silouanwright/gh-comment/cmd/batch.go:243.18,245.5 1 0
github.com/silouanwright/gh-comment/cmd/batch.go:246.4,247.32 2 0
github.com/silouanwright/gh-comment/cmd/batch.go:248.9,250.4 1 1
github.com/silouanwright/gh-comment/cmd/batch.go:253.3,253.19 1 1
github.com/silouanwright/gh-comment/cmd/batch.go:253.19,254.86 1 0
github.com/silouanwright/gh-comment/cmd/batch.go:254.86,256.5 1 0
github.com/silouanwright/gh-comment/cmd/batch.go:259.3,259.57 1 1
github.com/silouanwright/gh-comment/cmd/batch.go:263.2,269.29 2 1
github.com/silouanwright/gh-comment/cmd/batch.go:269.29,271.3 1 0
github.com/silouanwright/gh-comment/cmd/batch.go:273.2,274.16 2 1
github.com/silouanwright/gh-comment/cmd/batch.go:274.16,276.3 1 0
github.com/silouanwright/gh-comment/cmd/batch.go:278.2,279.12 2 1
github.com/silouanwright/gh-comment/cmd/batch.go:282.117,285.35 2 1
github.com/silouanwright/gh-comment/cmd/batch.go:285.35,286.14 1 1
github.com/silouanwright/gh-comment/cmd/batch.go:286.14,288.4 1 1
github.com/silouanwright/gh-comment/cmd/batch.go:290.3,291.24 2 1
github.com/silouanwright/gh-comment/cmd/batch.go:291.24,293.4 1 1
github.com/silouanwright/gh-comment/cmd/batch.go:295.3,296.29 2 1
github.com/silouanwright/gh-comment/cmd/batch.go:296.29,298.4 1 0
github.com/silouanwright/gh-comment/cmd/batch.go:298.9,309.27 2 1
github.com/silouanwright/gh-comment/cmd/batch.go:309.27,311.19 2 1
github.com/silouanwright/gh-comment/cmd/batch.go:311.19,313.6 1 0
github.com/silouanwright/gh-comment/cmd/batch.go:314.5,315.33 2 1
github.com/silouanwright/gh-comment/cmd/batch.go:316.10,318.5 1 1
github.com/silouanwright/gh-comment/cmd/batch.go:321.4,321.20 1 1
github.com/silouanwright/gh-comment/cmd/batch.go:321.20,322.87 1 0
github.com/silouanwright/gh-comment/cmd/batch.go:322.87,324.6 1 0
github.com/silouanwright/gh-comment/cmd/batch.go:327.4,327.65 1 1
github.com/silouanwright/gh-comment/cmd/batch.go:330.3,330.17 1 1
github.com/silouanwright/gh-comment/cmd/batch.go:330.17,332.4 1 0
github.com/silouanwright/gh-comment/cmd/batch.go:334.3,334.17 1 1
github.com/silouanwright/gh-comment/cmd/batch.go:337.2,338.12 2 1
github.com/silouanwright/gh-comment/cmd/batch.go:342.54,343.25 1 1
github.com/silouanwright/gh-comment/cmd/batch.go:343.25,345.3 1 1
github.com/silouanwright/gh-comment/cmd/batch.go:346.2,346.40 1 1
github.com/silouanwright/gh-comment/cmd/batch.go:349.57,350.28 1 1
github.com/silouanwright/gh-comment/cmd/batch.go:350.28,352.3 1 1
github.com/silouanwright/gh-comment/cmd/batch.go:353.2,353.62 1 1
github.com/silouanwright/gh-comment/cmd/batch.go:356.70,358.21 2 1
github.com/silouanwright/gh-comment/cmd/batch.go:358.21,360.3 1 1
github.com/silouanwright/gh-comment/cmd/batch.go:362.2,363.16 2 1
github.com/silouanwright/gh-comment/cmd/batch.go:363.16,365.3 1 1
github.com/silouanwright/gh-comment/cmd/batch.go:367.2,368.16 2 1
github.com/silouanwright/gh-comment/cmd/batch.go:368.16,370.3 1 1
github.com/silouanwright/gh-comment/cmd/batch.go:372.2,372.36 1 1
github.com/silouanwright/gh-comment/cmd/batch.go:372.36,374.3 1 1
github.com/silouanwright/gh-comment/cmd/batch.go:376.2,376.25 1 1
github.com/silouanwright/gh-comment/cmd/batch.go:376.25,378.3 1 1
github.com/silouanwright/gh-comment/cmd/batch.go:380.2,380.32 1 1
github.com/silouanwright/gh-comment/cmd/client_helper.go:10.53,12.60 1 1
github.com/silouanwright/gh-comment/cmd/client_helper.go:12.60,14.3 1 1
github.com/silouanwright/gh-comment/cmd/client_helper.go:17.2,17.31 1 1
github.com/silouanwright/gh-comment/cmd/close-pending-review.go:55.13,59.2 3 1
github.com/silouanwright/gh-comment/cmd/close-pending-review.go:61.69,63.31 1 1
github.com/silouanwright/gh-comment/cmd/close-pending-review.go:63.31,65.17 2 0
github.com/silouanwright/gh-comment/cmd/close-pending-review.go:65.17,67.4 1 0
github.com/silouanwright/gh-comment/cmd/close-pending-review.go:68.3,68.30 1 0
github.com/silouanwright/gh-comment/cmd/close-pending-review.go:71.2,76.20 4 1
github.com/silouanwright/gh-comment/cmd/close-pending-review.go:76.20,79.17 2 1
github.com/silouanwright/gh-comment/cmd/close-pending-review.go:79.17,81.4 1 1
github.com/silouanwright/gh-comment/cmd/close-pending-review.go:82.3,82.17 1 1
github.com/silouanwright/gh-comment/cmd/close-pending-review.go:83.8,83.27 1 1
github.com/silouanwright/gh-comment/cmd/close-pending-review.go:83.27,85.54 1 1
github.com/silouanwright/gh-comment/cmd/close-pending-review.go:85.54,88.4 1 1
github.com/silouanwright/gh-comment/cmd/close-pending-review.go:88.9,91.18 2 1
github.com/silouanwright/gh-comment/cmd/close-pending-review.go:91.18,93.5 1 0
github.com/silouanwright/gh-comment/cmd/close-pending-review.go:94.4,95.18 2 1
github.com/silouanwright/gh-comment/cmd/close-pending-review.go:97.8,100.17 2 1
github.com/silouanwright/gh-comment/cmd/close-pending-review.go:100.17,102.4 1 0
github.com/silouanwright/gh-comment/cmd/close-pending-review.go:103.3,103.13 1 1
github.com/silouanwright/gh-comment/cmd/close-pending-review.go:107.2,107.28 1 1
github.com/silouanwright/gh-comment/cmd/close-pending-review.go:107.28,109.3 1 1
github.com/silouanwright/gh-comment/cmd/close-pending-review.go:112.2,114.41 3 1
github.com/silouanwright/gh-comment/cmd/close-pending-review.go:114.41,115.38 1 1
github.com/silouanwright/gh-comment/cmd/close-pending-review.go:115.38,117.9 2 1
github.com/silouanwright/gh-comment/cmd/close-pending-review.go:120.2,120.19 1 1
github.com/silouanwright/gh-comment/cmd/close-pending-review.go:120.19,122.3 1 1
github.com/silouanwright/gh-comment/cmd/close-pending-review.go:125.2,126.16 2 1
github.com/silouanwright/gh-comment/cmd/close-pending-review.go:126.16,128.3 1 0
github.com/silouanwright/gh-comment/cmd/close-pending-review.go:131.2,132.21 2 1
github.com/silouanwright/gh-comment/cmd/close-pending-review.go:132.21,134.3 1 1
github.com/silouanwright/gh-comment/cmd/close-pending-review.go:135.2,137.13 2 1
github.com/silouanwright/gh-comment/cmd/close-pending-review.go:137.13,143.3 5 1
github.com/silouanwright/gh-comment/cmd/close-pending-review.go:145.2,145.12 1 1
github.com/silouanwright/gh-comment/cmd/close-pending-review.go:145.12,150.3 4 1
github.com/silouanwright/gh-comment/cmd/close-pending-review.go:153.2,154.16 2 1
github.com/silouanwright/gh-comment/cmd/close-pending-review.go:154.16,156.3 1 1
github.com/silouanwright/gh-comment/cmd/close-pending-review.go:158.2,158.19 1 1
github.com/silouanwright/gh-comment/cmd/close-pending-review.go:158.19,160.3 1 1
github.com/silouanwright/gh-comment/cmd/close-pending-review.go:162.2,162.13 1 1
github.com/silouanwright/gh-comment/cmd/close-pending-review.go:162.13,164.3 1 1
github.com/silouanwright/gh-comment/cmd/close-pending-review.go:167.2,168.16 2 1
github.com/silouanwright/gh-comment/cmd/close-pending-review.go:168.16,170.3 1 1
github.com/silouanwright/gh-comment/cmd/close-pending-review.go:173.2,174.27 2 1
github.com/silouanwright/gh-comment/cmd/close-pending-review.go:175.17,176.25 1 1
github.com/silouanwright/gh-comment/cmd/close-pending-review.go:177.25,178.34 1 1
github.com/silouanwright/gh-comment/cmd/close-pending-review.go:179.17,180.26 1 1
github.com/silouanwright/gh-comment/cmd/close-pending-review.go:183.2,184.12 2 1
github.com/silouanwright/gh-comment/cmd/config.go:82.33,124.2 1 1
github.com/silouanwright/gh-comment/cmd/config.go:127.53,131.22 2 1
github.com/silouanwright/gh-comment/cmd/config.go:131.22,134.17 3 1
github.com/silouanwright/gh-comment/cmd/config.go:134.17,137.4 1 1
github.com/silouanwright/gh-comment/cmd/config.go:141.2,141.22 1 0
github.com/silouanwright/gh-comment/cmd/config.go:141.22,143.17 2 0
github.com/silouanwright/gh-comment/cmd/config.go:143.17,145.4 1 0
github.com/silouanwright/gh-comment/cmd/config.go:149.2,153.16 3 0
github.com/silouanwright/gh-comment/cmd/config.go:153.16,155.3 1 0
github.com/silouanwright/gh-comment/cmd/config.go:157.2,157.20 1 0
github.com/silouanwright/gh-comment/cmd/config.go:161.39,170.45 2 1
github.com/silouanwright/gh-comment/cmd/config.go:170.45,171.92 1 1
github.com/silouanwright/gh-comment/cmd/config.go:171.92,173.4 1 1
github.com/silouanwright/gh-comment/cmd/config.go:177.2,177.50 1 1
github.com/silouanwright/gh-comment/cmd/config.go:177.50,186.3 1 1
github.com/silouanwright/gh-comment/cmd/config.go:189.2,189.35 1 1
github.com/silouanwright/gh-comment/cmd/config.go:189.35,190.42 1 1
github.com/silouanwright/gh-comment/cmd/config.go:190.42,192.4 1 0
github.com/silouanwright/gh-comment/cmd/config.go:195.2,195.47 1 1
github.com/silouanwright/gh-comment/cmd/config.go:199.27,201.16 2 1
github.com/silouanwright/gh-comment/cmd/config.go:201.16,203.3 1 0
github.com/silouanwright/gh-comment/cmd/config.go:205.2,205.6 1 1
github.com/silouanwright/gh-comment/cmd/config.go:205.6,207.44 2 1
github.com/silouanwright/gh-comment/cmd/config.go:207.44,209.4 1 1
github.com/silouanwright/gh-comment/cmd/config.go:211.3,212.30 2 1
github.com/silouanwright/gh-comment/cmd/config.go:212.30,214.9 1 0
github.com/silouanwright/gh-comment/cmd/config.go:216.3,216.25 1 1
github.com/silouanwright/gh-comment/cmd/config.go:219.2,219.11 1 0
github.com/silouanwright/gh-comment/cmd/config.go:223.56,225.16 2 1
github.com/silouanwright/gh-comment/cmd/config.go:225.16,227.3 1 0
github.com/silouanwright/gh-comment/cmd/config.go:230.2,231.13 2 1
github.com/silouanwright/gh-comment/cmd/config.go:232.23,233.37 1 1
github.com/silouanwright/gh-comment/cmd/config.go:234.15,235.37 1 1
github.com/silouanwright/gh-comment/cmd/config.go:236.10,239.17 2 0
github.com/silouanwright/gh-comment/cmd/config.go:239.17,241.4 1 0
github.com/silouanwright/gh-comment/cmd/config.go:244.2,244.16 1 1
github.com/silouanwright/gh-comment/cmd/config.go:244.16,246.3 1 1
github.com/silouanwright/gh-comment/cmd/config.go:248.2,248.12 1 1
github.com/silouanwright/gh-comment/cmd/config.go:252.48,253.52 1 1
github.com/silouanwright/gh-comment/cmd/config.go:253.52,255.3 1 1
github.com/silouanwright/gh-comment/cmd/config.go:256.2,256.54 1 1
github.com/silouanwright/gh-comment/cmd/config.go:256.54,258.3 1 1
github.com/silouanwright/gh-comment/cmd/config.go:259.2,259.55 1 1
github.com/silouanwright/gh-comment/cmd/config.go:259.55,261.3 1 1
github.com/silouanwright/gh-comment/cmd/config.go:262.2,262.55 1 1
github.com/silouanwright/gh-comment/cmd/config.go:262.55,264.3 1 1
github.com/silouanwright/gh-comment/cmd/config.go:265.2,265.54 1 1
github.com/silouanwright/gh-comment/cmd/config.go:265.54,267.3 1 1
github.com/silouanwright/gh-comment/cmd/config.go:268.2,268.53 1 1
github.com/silouanwright/gh-comment/cmd/config.go:268.53,270.3 1 1
github.com/silouanwright/gh-comment/cmd/config.go:274.31,277.2 2 1
github.com/silouanwright/gh-comment/cmd/config.go:280.43,282.38 1 1
github.com/silouanwright/gh-comment/cmd/config.go:282.38,283.53 1 1
github.com/silouanwright/gh-comment/cmd/config.go:283.53,285.4 1 1
github.com/silouanwright/gh-comment/cmd/config.go:289.2,290.42 2 1
github.com/silouanwright/gh-comment/cmd/config.go:290.42,292.3 1 1
github.com/silouanwright/gh-comment/cmd/config.go:294.2,295.40 2 1
github.com/silouanwright/gh-comment/cmd/config.go:295.40,297.3 1 1
github.com/silouanwright/gh-comment/cmd/config.go:299.2,300.43 2 1
github.com/silouanwright/gh-comment/cmd/config.go:300.43,302.3 1 1
github.com/silouanwright/gh-comment/cmd/config.go:304.2,305.38 2 1
github.com/silouanwright/gh-comment/cmd/config.go:305.38,307.3 1 1
github.com/silouanwright/gh-comment/cmd/config.go:309.2,310.39 2 1
github.com/silouanwright/gh-comment/cmd/config.go:310.39,312.3 1 1
github.com/silouanwright/gh-comment/cmd/config.go:315.2,315.29 1 1
github.com/silouanwright/gh-comment/cmd/config.go:315.29,317.3 1 1
github.com/silouanwright/gh-comment/cmd/config.go:318.2,318.31 1 1
github.com/silouanwright/gh-comment/cmd/config.go:318.31,320.3 1 1
github.com/silouanwright/gh-comment/cmd/config.go:321.2,321.78 1 1
github.com/silouanwright/gh-comment/cmd/config.go:321.78,323.3 1 1
github.com/silouanwright/gh-comment/cmd/config.go:325.2,325.12 1 1
github.com/silouanwright/gh-comment/cmd/config.go:329.42,333.2 2 1
github.com/silouanwright/gh-comment/cmd/config.go:339.26,340.25 1 1
github.com/silouanwright/gh-comment/cmd/config.go:340.25,343.3 1 0
github.com/silouanwright/gh-comment/cmd/config.go:344.2,344.21 1 1
github.com/silouanwright/gh-comment/cmd/config.go:348.48,350.16 2 1
github.com/silouanwright/gh-comment/cmd/config.go:350.16,352.3 1 0
github.com/silouanwright/gh-comment/cmd/config.go:353.2,354.12 2 1
github.com/silouanwright/gh-comment/cmd/config_command.go:118.13,134.2 8 1
github.com/silouanwright/gh-comment/cmd/config_command.go:136.61,141.16 3 0
github.com/silouanwright/gh-comment/cmd/config_command.go:141.16,143.17 2 0
github.com/silouanwright/gh-comment/cmd/config_command.go:143.17,145.4 1 0
github.com/silouanwright/gh-comment/cmd/config_command.go:147.3,149.17 3 0
github.com/silouanwright/gh-comment/cmd/config_command.go:149.17,151.4 1 0
github.com/silouanwright/gh-comment/cmd/config_command.go:153.3,154.29 2 0
github.com/silouanwright/gh-comment/cmd/config_command.go:154.29,156.4 1 0
github.com/silouanwright/gh-comment/cmd/config_command.go:157.3,157.55 1 0
github.com/silouanwright/gh-comment/cmd/config_command.go:158.8,160.29 2 0
github.com/silouanwright/gh-comment/cmd/config_command.go:160.29,162.4 1 0
github.com/silouanwright/gh-comment/cmd/config_command.go:163.3,163.36 1 0
github.com/silouanwright/gh-comment/cmd/config_command.go:167.2,167.47 1 0
github.com/silouanwright/gh-comment/cmd/config_command.go:167.47,169.3 1 0
github.com/silouanwright/gh-comment/cmd/config_command.go:172.2,175.28 3 0
github.com/silouanwright/gh-comment/cmd/config_command.go:175.28,177.3 1 0
github.com/silouanwright/gh-comment/cmd/config_command.go:177.8,179.3 1 0
github.com/silouanwright/gh-comment/cmd/config_command.go:181.2,181.16 1 0
github.com/silouanwright/gh-comment/cmd/config_command.go:181.16,183.3 1 0
github.com/silouanwright/gh-comment/cmd/config_command.go:186.2,187.16 2 0
github.com/silouanwright/gh-comment/cmd/config_command.go:187.16,189.3 1 0
github.com/silouanwright/gh-comment/cmd/config_command.go:191.2,192.12 2 0
github.com/silouanwright/gh-comment/cmd/config_command.go:195.61,196.19 1 0
github.com/silouanwright/gh-comment/cmd/config_command.go:196.19,200.17 3 0
github.com/silouanwright/gh-comment/cmd/config_command.go:200.17,202.4 1 0
github.com/silouanwright/gh-comment/cmd/config_command.go:203.3,204.13 2 0
github.com/silouanwright/gh-comment/cmd/config_command.go:207.2,207.16 1 0
github.com/silouanwright/gh-comment/cmd/config_command.go:207.16,218.23 8 0
github.com/silouanwright/gh-comment/cmd/config_command.go:218.23,220.4 1 0
github.com/silouanwright/gh-comment/cmd/config_command.go:220.9,222.4 1 0
github.com/silouanwright/gh-comment/cmd/config_command.go:223.3,223.16 1 0
github.com/silouanwright/gh-comment/cmd/config_command.go:227.2,229.16 3 0
github.com/silouanwright/gh-comment/cmd/config_command.go:229.16,231.3 1 0
github.com/silouanwright/gh-comment/cmd/config_command.go:232.2,233.12 2 0
github.com/silouanwright/gh-comment/cmd/config_command.go:236.65,238.19 2 0
github.com/silouanwright/gh-comment/cmd/config_command.go:238.19,240.3 1 0
github.com/silouanwright/gh-comment/cmd/config_command.go:243.2,244.16 2 0
github.com/silouanwright/gh-comment/cmd/config_command.go:244.16,246.3 1 0
github.com/silouanwright/gh-comment/cmd/config_command.go:249.2,249.22 1 0
github.com/silouanwright/gh-comment/cmd/config_command.go:249.22,251.3 1 0
github.com/silouanwright/gh-comment/cmd/config_command.go:251.8,254.22 2 0
github.com/silouanwright/gh-comment/cmd/config_command.go:254.22,256.4 1 0
github.com/silouanwright/gh-comment/cmd/config_command.go:256.9,258.4 1 0
github.com/silouanwright/gh-comment/cmd/config_command.go:262.2,264.12 2 0
github.com/silouanwright/gh-comment/cmd/config_command.go:267.41,271.30 2 0
github.com/silouanwright/gh-comment/cmd/config_command.go:271.30,273.3 1 0
github.com/silouanwright/gh-comment/cmd/config_command.go:274.2,274.32 1 0
github.com/silouanwright/gh-comment/cmd/config_command.go:274.32,276.3 1 0
github.com/silouanwright/gh-comment/cmd/config_command.go:277.2,277.40 1 0
github.com/silouanwright/gh-comment/cmd/config_command.go:277.40,279.3 1 0
github.com/silouanwright/gh-comment/cmd/config_command.go:282.2,282.88 1 0
github.com/silouanwright/gh-comment/cmd/config_command.go:282.88,284.3 1 0
github.com/silouanwright/gh-comment/cmd/config_command.go:286.2,286.23 1 0
github.com/silouanwright/gh-comment/cmd/config_command.go:286.23,288.36 2 0
github.com/silouanwright/gh-comment/cmd/config_command.go:288.36,290.4 1 0
github.com/silouanwright/gh-comment/cmd/edit.go:50.13,53.2 2 1
github.com/silouanwright/gh-comment/cmd/edit.go:55.55,57.23 1 1
github.com/silouanwright/gh-comment/cmd/edit.go:57.23,59.17 2 0
github.com/silouanwright/gh-comment/cmd/edit.go:59.17,61.4 1 0
github.com/silouanwright/gh-comment/cmd/edit.go:62.3,62.22 1 0
github.com/silouanwright/gh-comment/cmd/edit.go:66.2,67.16 2 1
github.com/silouanwright/gh-comment/cmd/edit.go:67.16,69.3 1 1
github.com/silouanwright/gh-comment/cmd/edit.go:71.2,74.20 2 1
github.com/silouanwright/gh-comment/cmd/edit.go:74.20,76.3 1 1
github.com/silouanwright/gh-comment/cmd/edit.go:76.8,76.34 1 1
github.com/silouanwright/gh-comment/cmd/edit.go:76.34,78.3 1 1
github.com/silouanwright/gh-comment/cmd/edit.go:78.8,80.3 1 1
github.com/silouanwright/gh-comment/cmd/edit.go:83.2,84.16 2 1
github.com/silouanwright/gh-comment/cmd/edit.go:84.16,86.3 1 0
github.com/silouanwright/gh-comment/cmd/edit.go:89.2,90.21 2 1
github.com/silouanwright/gh-comment/cmd/edit.go:90.21,92.3 1 1
github.com/silouanwright/gh-comment/cmd/edit.go:93.2,95.13 2 1
github.com/silouanwright/gh-comment/cmd/edit.go:95.13,100.3 4 1
github.com/silouanwright/gh-comment/cmd/edit.go:102.2,102.12 1 1
github.com/silouanwright/gh-comment/cmd/edit.go:102.12,106.3 3 1
github.com/silouanwright/gh-comment/cmd/edit.go:109.2,110.16 2 1
github.com/silouanwright/gh-comment/cmd/edit.go:110.16,112.3 1 0
github.com/silouanwright/gh-comment/cmd/edit.go:114.2,115.12 2 1
github.com/silouanwright/gh-comment/cmd/helpers.go:30.54,32.16 2 1
github.com/silouanwright/gh-comment/cmd/helpers.go:32.16,34.3 1 0
github.com/silouanwright/gh-comment/cmd/helpers.go:36.2,36.18 1 1
github.com/silouanwright/gh-comment/cmd/helpers.go:36.18,38.3 1 1
github.com/silouanwright/gh-comment/cmd/helpers.go:38.8,40.17 2 1
github.com/silouanwright/gh-comment/cmd/helpers.go:40.17,42.4 1 1
github.com/silouanwright/gh-comment/cmd/helpers.go:45.2,45.22 1 1
github.com/silouanwright/gh-comment/cmd/helpers.go:49.66,51.2 1 1
github.com/silouanwright/gh-comment/cmd/helpers.go:54.63,58.9 2 1
github.com/silouanwright/gh-comment/cmd/helpers.go:59.89,60.336 1 1
github.com/silouanwright/gh-comment/cmd/helpers.go:62.57,63.246 1 1
github.com/silouanwright/gh-comment/cmd/helpers.go:65.57,66.292 1 1
github.com/silouanwright/gh-comment/cmd/helpers.go:68.60,69.257 1 1
github.com/silouanwright/gh-comment/cmd/helpers.go:71.86,72.268 1 1
github.com/silouanwright/gh-comment/cmd/helpers.go:74.121,75.238 1 1
github.com/silouanwright/gh-comment/cmd/helpers.go:77.73,78.208 1 1
github.com/silouanwright/gh-comment/cmd/helpers.go:80.89,81.253 1 1
github.com/silouanwright/gh-comment/cmd/helpers.go:85.2,85.224 1 1
github.com/silouanwright/gh-comment/cmd/helpers.go:89.56,91.36 2 1
github.com/silouanwright/gh-comment/cmd/helpers.go:91.36,92.58 1 1
github.com/silouanwright/gh-comment/cmd/helpers.go:92.58,94.4 1 1
github.com/silouanwright/gh-comment/cmd/helpers.go:96.2,96.14 1 1
github.com/silouanwright/gh-comment/cmd/helpers.go:100.65,102.2 1 1
github.com/silouanwright/gh-comment/cmd/helpers.go:105.73,107.2 1 1
github.com/silouanwright/gh-comment/cmd/helpers.go:110.57,112.16 2 1
github.com/silouanwright/gh-comment/cmd/helpers.go:112.16,114.3 1 1
github.com/silouanwright/gh-comment/cmd/helpers.go:115.2,115.14 1 1
github.com/silouanwright/gh-comment/cmd/helpers.go:115.14,117.3 1 1
github.com/silouanwright/gh-comment/cmd/helpers.go:118.2,118.17 1 1
github.com/silouanwright/gh-comment/cmd/helpers.go:122.45,123.34 1 1
github.com/silouanwright/gh-comment/cmd/helpers.go:123.34,125.3 1 1
github.com/silouanwright/gh-comment/cmd/helpers.go:126.2,126.12 1 1
github.com/silouanwright/gh-comment/cmd/helpers.go:130.42,131.35 1 1
github.com/silouanwright/gh-comment/cmd/helpers.go:131.35,133.3 1 1
github.com/silouanwright/gh-comment/cmd/helpers.go:136.2,136.34 1 1
github.com/silouanwright/gh-comment/cmd/helpers.go:136.34,138.3 1 1
github.com/silouanwright/gh-comment/cmd/helpers.go:141.2,141.34 1 1
github.com/silouanwright/gh-comment/cmd/helpers.go:141.34,143.3 1 1
github.com/silouanwright/gh-comment/cmd/helpers.go:145.2,145.12 1 1
github.com/silouanwright/gh-comment/cmd/helpers.go:149.48,150.35 1 1
github.com/silouanwright/gh-comment/cmd/helpers.go:150.35,152.3 1 1
github.com/silouanwright/gh-comment/cmd/helpers.go:155.2,156.21 2 1
github.com/silouanwright/gh-comment/cmd/helpers.go:156.21,158.3 1 1
github.com/silouanwright/gh-comment/cmd/helpers.go:160.2,161.43 2 1
github.com/silouanwright/gh-comment/cmd/helpers.go:161.43,163.3 1 1
github.com/silouanwright/gh-comment/cmd/helpers.go:165.2,165.34 1 1
github.com/silouanwright/gh-comment/cmd/helpers.go:165.34,167.3 1 1
github.com/silouanwright/gh-comment/cmd/helpers.go:169.2,169.12 1 1
github.com/silouanwright/gh-comment/cmd/helpers.go:178.53,179.21 1 1
github.com/silouanwright/gh-comment/cmd/helpers.go:179.21,181.3 1 1
github.com/silouanwright/gh-comment/cmd/helpers.go:183.2,187.34 4 1
github.com/silouanwright/gh-comment/cmd/helpers.go:187.34,188.24 1 1
github.com/silouanwright/gh-comment/cmd/helpers.go:188.24,191.4 1 1
github.com/silouanwright/gh-comment/cmd/helpers.go:191.9,196.4 3 1
github.com/silouanwright/gh-comment/cmd/helpers.go:200.2,202.15 2 1
github.com/silouanwright/gh-comment/cmd/integration_testing.go:60.46,79.2 5 1
github.com/silouanwright/gh-comment/cmd/integration_testing.go:82.41,84.2 1 1
github.com/silouanwright/gh-comment/cmd/integration_testing.go:87.36,89.2 1 1
github.com/silouanwright/gh-comment/cmd/integration_testing.go:92.81,97.21 4 1
github.com/silouanwright/gh-comment/cmd/integration_testing.go:97.21,99.3 1 1
github.com/silouanwright/gh-comment/cmd/integration_testing.go:100.2,100.32 1 1
github.com/silouanwright/gh-comment/cmd/integration_testing.go:100.32,102.3 1 1
github.com/silouanwright/gh-comment/cmd/integration_testing.go:103.2,103.32 1 1
github.com/silouanwright/gh-comment/cmd/integration_testing.go:103.32,105.3 1 1
github.com/silouanwright/gh-comment/cmd/integration_testing.go:106.2,106.27 1 1
github.com/silouanwright/gh-comment/cmd/integration_testing.go:106.27,108.3 1 1
github.com/silouanwright/gh-comment/cmd/integration_testing.go:110.2,110.52 1 1
github.com/silouanwright/gh-comment/cmd/integration_testing.go:114.75,120.2 4 1
github.com/silouanwright/gh-comment/cmd/integration_testing.go:123.63,124.18 1 1
github.com/silouanwright/gh-comment/cmd/integration_testing.go:125.15,135.5 2 1
github.com/silouanwright/gh-comment/cmd/integration_testing.go:136.25,148.5 2 1
github.com/silouanwright/gh-comment/cmd/integration_testing.go:153.87,157.20 3 1
github.com/silouanwright/gh-comment/cmd/integration_testing.go:157.20,160.3 2 1
github.com/silouanwright/gh-comment/cmd/integration_testing.go:162.2,166.44 3 1
github.com/silouanwright/gh-comment/cmd/integration_testing.go:166.44,169.17 3 1
github.com/silouanwright/gh-comment/cmd/integration_testing.go:169.17,172.4 2 1
github.com/silouanwright/gh-comment/cmd/integration_testing.go:174.3,174.22 1 1
github.com/silouanwright/gh-comment/cmd/integration_testing.go:174.22,176.25 1 1
github.com/silouanwright/gh-comment/cmd/integration_testing.go:176.25,179.5 2 1
github.com/silouanwright/gh-comment/cmd/integration_testing.go:182.3,182.48 1 1
github.com/silouanwright/gh-comment/cmd/integration_testing.go:182.48,183.20 1 1
github.com/silouanwright/gh-comment/cmd/integration_testing.go:184.15,186.44 1 1
github.com/silouanwright/gh-comment/cmd/integration_testing.go:187.16,189.45 1 0
github.com/silouanwright/gh-comment/cmd/integration_testing.go:193.3,193.47 1 1
github.com/silouanwright/gh-comment/cmd/integration_testing.go:193.47,194.26 1 0
github.com/silouanwright/gh-comment/cmd/integration_testing.go:194.26,197.5 1 0
github.com/silouanwright/gh-comment/cmd/integration_testing.go:201.2,201.45 1 1
github.com/silouanwright/gh-comment/cmd/integration_testing.go:201.45,204.17 3 1
github.com/silouanwright/gh-comment/cmd/integration_testing.go:204.17,207.4 2 1
github.com/silouanwright/gh-comment/cmd/integration_testing.go:209.3,209.48 1 1
github.com/silouanwright/gh-comment/cmd/integration_testing.go:209.48,210.20 1 1
github.com/silouanwright/gh-comment/cmd/integration_testing.go:211.15,213.49 1 1
github.com/silouanwright/gh-comment/cmd/integration_testing.go:214.16,216.50 1 0
github.com/silouanwright/gh-comment/cmd/integration_testing.go:223.108,231.2 4 1
github.com/silouanwright/gh-comment/cmd/integration_testing.go:234.108,239.35 3 1
github.com/silouanwright/gh-comment/cmd/integration_testing.go:239.35,240.25 1 1
github.com/silouanwright/gh-comment/cmd/integration_testing.go:240.25,242.4 1 1
github.com/silouanwright/gh-comment/cmd/integration_testing.go:245.2,246.43 2 1
github.com/silouanwright/gh-comment/cmd/integration_testing.go:250.113,255.35 3 1
github.com/silouanwright/gh-comment/cmd/integration_testing.go:255.35,256.25 1 1
github.com/silouanwright/gh-comment/cmd/integration_testing.go:256.25,258.4 1 1
github.com/silouanwright/gh-comment/cmd/integration_testing.go:261.2,262.42 2 1
github.com/silouanwright/gh-comment/cmd/integration_testing.go:266.109,268.65 2 0
github.com/silouanwright/gh-comment/cmd/integration_testing.go:268.65,271.3 2 0
github.com/silouanwright/gh-comment/cmd/integration_testing.go:274.2,279.36 5 0
github.com/silouanwright/gh-comment/cmd/integration_testing.go:283.114,285.65 2 0
github.com/silouanwright/gh-comment/cmd/integration_testing.go:285.65,288.3 2 0
github.com/silouanwright/gh-comment/cmd/integration_testing.go:291.2,300.36 8 0
github.com/silouanwright/gh-comment/cmd/integration_testing.go:304.108,306.64 2 0
github.com/silouanwright/gh-comment/cmd/integration_testing.go:306.64,309.3 2 0
github.com/silouanwright/gh-comment/cmd/integration_testing.go:311.2,319.42 6 0
github.com/silouanwright/gh-comment/cmd/integration_testing.go:319.42,322.3 2 0
github.com/silouanwright/gh-comment/cmd/integration_testing.go:324.2,328.35 4 0
github.com/silouanwright/gh-comment/cmd/lines.go:48.13,51.2 2 1
github.com/silouanwright/gh-comment/cmd/lines.go:53.56,55.24 1 1
github.com/silouanwright/gh-comment/cmd/lines.go:55.24,57.17 2 1
github.com/silouanwright/gh-comment/cmd/lines.go:57.17,59.4 1 0
github.com/silouanwright/gh-comment/cmd/lines.go:60.3,60.23 1 1
github.com/silouanwright/gh-comment/cmd/lines.go:64.2,65.16 2 1
github.com/silouanwright/gh-comment/cmd/lines.go:65.16,67.3 1 1
github.com/silouanwright/gh-comment/cmd/lines.go:70.2,74.16 3 1
github.com/silouanwright/gh-comment/cmd/lines.go:74.16,76.3 1 0
github.com/silouanwright/gh-comment/cmd/lines.go:79.2,80.21 2 1
github.com/silouanwright/gh-comment/cmd/lines.go:80.21,82.3 1 1
github.com/silouanwright/gh-comment/cmd/lines.go:83.2,85.13 2 1
github.com/silouanwright/gh-comment/cmd/lines.go:85.13,90.3 4 1
github.com/silouanwright/gh-comment/cmd/lines.go:92.2,92.12 1 1
github.com/silouanwright/gh-comment/cmd/lines.go:92.12,95.3 2 1
github.com/silouanwright/gh-comment/cmd/lines.go:98.2,99.16 2 1
github.com/silouanwright/gh-comment/cmd/lines.go:99.16,101.3 1 1
github.com/silouanwright/gh-comment/cmd/lines.go:104.2,105.28 2 1
github.com/silouanwright/gh-comment/cmd/lines.go:105.28,106.41 1 1
github.com/silouanwright/gh-comment/cmd/lines.go:106.41,108.9 2 1
github.com/silouanwright/gh-comment/cmd/lines.go:112.2,112.23 1 1
github.com/silouanwright/gh-comment/cmd/lines.go:112.23,115.35 3 1
github.com/silouanwright/gh-comment/cmd/lines.go:115.35,117.4 1 1
github.com/silouanwright/gh-comment/cmd/lines.go:118.3,118.13 1 1
github.com/silouanwright/gh-comment/cmd/lines.go:122.2,122.32 1 1
github.com/silouanwright/gh-comment/cmd/lines.go:122.32,126.3 3 0
github.com/silouanwright/gh-comment/cmd/lines.go:128.2,132.40 3 1
github.com/silouanwright/gh-comment/cmd/lines.go:132.40,134.3 1 1
github.com/silouanwright/gh-comment/cmd/lines.go:135.2,141.35 4 1
github.com/silouanwright/gh-comment/cmd/lines.go:141.35,142.39 1 1
github.com/silouanwright/gh-comment/cmd/lines.go:142.39,144.4 1 0
github.com/silouanwright/gh-comment/cmd/lines.go:144.9,146.4 1 1
github.com/silouanwright/gh-comment/cmd/lines.go:149.2,150.38 2 1
github.com/silouanwright/gh-comment/cmd/lines.go:150.38,151.22 1 1
github.com/silouanwright/gh-comment/cmd/lines.go:151.22,155.4 1 0
github.com/silouanwright/gh-comment/cmd/lines.go:155.9,157.4 1 1
github.com/silouanwright/gh-comment/cmd/lines.go:160.2,162.26 3 1
github.com/silouanwright/gh-comment/cmd/lines.go:162.26,164.3 1 1
github.com/silouanwright/gh-comment/cmd/lines.go:166.2,166.12 1 1
github.com/silouanwright/gh-comment/cmd/list.go:97.65,101.68 2 0
github.com/silouanwright/gh-comment/cmd/list.go:101.68,103.3 1 0
github.com/silouanwright/gh-comment/cmd/list.go:104.2,104.67 1 0
github.com/silouanwright/gh-comment/cmd/list.go:104.67,106.3 1 0
github.com/silouanwright/gh-comment/cmd/list.go:107.2,107.63 1 0
github.com/silouanwright/gh-comment/cmd/list.go:107.63,109.3 1 0
github.com/silouanwright/gh-comment/cmd/list.go:110.2,110.65 1 0
github.com/silouanwright/gh-comment/cmd/list.go:110.65,112.3 1 0
github.com/silouanwright/gh-comment/cmd/list.go:113.2,113.65 1 0
github.com/silouanwright/gh-comment/cmd/list.go:113.65,115.3 1 0
github.com/silouanwright/gh-comment/cmd/list.go:118.2,118.72 1 0
github.com/silouanwright/gh-comment/cmd/list.go:118.72,120.32 1 0
github.com/silouanwright/gh-comment/cmd/list.go:121.15,122.25 1 0
github.com/silouanwright/gh-comment/cmd/list.go:123.16,124.16 1 0
github.com/silouanwright/gh-comment/cmd/list.go:127.2,127.59 1 0
github.com/silouanwright/gh-comment/cmd/list.go:127.59,129.3 1 0
github.com/silouanwright/gh-comment/cmd/list.go:132.13,154.2 13 1
github.com/silouanwright/gh-comment/cmd/list.go:156.55,158.23 1 1
github.com/silouanwright/gh-comment/cmd/list.go:158.23,160.17 2 1
github.com/silouanwright/gh-comment/cmd/list.go:160.17,162.4 1 0
github.com/silouanwright/gh-comment/cmd/list.go:163.3,163.22 1 1
github.com/silouanwright/gh-comment/cmd/list.go:167.2,167.50 1 1
github.com/silouanwright/gh-comment/cmd/list.go:167.50,169.3 1 1
github.com/silouanwright/gh-comment/cmd/list.go:171.2,176.20 4 1
github.com/silouanwright/gh-comment/cmd/list.go:176.20,178.17 2 1
github.com/silouanwright/gh-comment/cmd/list.go:178.17,180.4 1 1
github.com/silouanwright/gh-comment/cmd/list.go:182.3,183.17 2 1
github.com/silouanwright/gh-comment/cmd/list.go:183.17,185.4 1 0
github.com/silouanwright/gh-comment/cmd/list.go:186.8,189.17 2 0
github.com/silouanwright/gh-comment/cmd/list.go:189.17,191.4 1 0
github.com/silouanwright/gh-comment/cmd/list.go:194.2,194.13 1 1
github.com/silouanwright/gh-comment/cmd/list.go:194.13,201.19 7 1
github.com/silouanwright/gh-comment/cmd/list.go:201.19,203.4 1 1
github.com/silouanwright/gh-comment/cmd/list.go:204.3,204.16 1 1
github.com/silouanwright/gh-comment/cmd/list.go:208.2,209.16 2 1
github.com/silouanwright/gh-comment/cmd/list.go:209.16,211.3 1 1
github.com/silouanwright/gh-comment/cmd/list.go:214.2,217.13 2 1
github.com/silouanwright/gh-comment/cmd/list.go:217.13,219.3 1 0
github.com/silouanwright/gh-comment/cmd/list.go:219.8,219.35 1 1
github.com/silouanwright/gh-comment/cmd/list.go:219.35,220.67 1 0
github.com/silouanwright/gh-comment/cmd/list.go:220.67,222.4 1 0
github.com/silouanwright/gh-comment/cmd/list.go:223.8,225.3 1 1
github.com/silouanwright/gh-comment/cmd/list.go:227.2,227.12 1 1
github.com/silouanwright/gh-comment/cmd/list.go:252.88,255.21 2 1
github.com/silouanwright/gh-comment/cmd/list.go:255.21,257.3 1 1
github.com/silouanwright/gh-comment/cmd/list.go:258.2,264.16 4 1
github.com/silouanwright/gh-comment/cmd/list.go:264.16,266.3 1 1
github.com/silouanwright/gh-comment/cmd/list.go:269.2,269.40 1 1
github.com/silouanwright/gh-comment/cmd/list.go:269.40,279.3 1 1
github.com/silouanwright/gh-comment/cmd/list.go:282.2,283.16 2 1
github.com/silouanwright/gh-comment/cmd/list.go:283.16,285.3 1 1
github.com/silouanwright/gh-comment/cmd/list.go:288.2,288.41 1 1
github.com/silouanwright/gh-comment/cmd/list.go:288.41,301.3 1 1
github.com/silouanwright/gh-comment/cmd/list.go:303.2,303.25 1 1
github.com/silouanwright/gh-comment/cmd/list.go:306.38,309.60 2 1
github.com/silouanwright/gh-comment/cmd/list.go:309.60,311.3 1 1
github.com/silouanwright/gh-comment/cmd/list.go:314.2,315.61 2 1
github.com/silouanwright/gh-comment/cmd/list.go:315.61,317.3 1 1
github.com/silouanwright/gh-comment/cmd/list.go:320.2,321.71 2 1
github.com/silouanwright/gh-comment/cmd/list.go:321.71,323.3 1 0
github.com/silouanwright/gh-comment/cmd/list.go:326.2,326.39 1 1
github.com/silouanwright/gh-comment/cmd/list.go:326.39,328.3 1 0
github.com/silouanwright/gh-comment/cmd/list.go:331.2,331.17 1 1
github.com/silouanwright/gh-comment/cmd/list.go:331.17,333.17 2 1
github.com/silouanwright/gh-comment/cmd/list.go:333.17,335.4 1 1
github.com/silouanwright/gh-comment/cmd/list.go:336.3,336.26 1 1
github.com/silouanwright/gh-comment/cmd/list.go:340.2,340.17 1 1
github.com/silouanwright/gh-comment/cmd/list.go:340.17,342.17 2 1
github.com/silouanwright/gh-comment/cmd/list.go:342.17,344.4 1 1
github.com/silouanwright/gh-comment/cmd/list.go:345.3,345.26 1 1
github.com/silouanwright/gh-comment/cmd/list.go:349.2,349.73 1 1
github.com/silouanwright/gh-comment/cmd/list.go:349.73,351.3 1 1
github.com/silouanwright/gh-comment/cmd/list.go:353.2,353.12 1 1
github.com/silouanwright/gh-comment/cmd/list.go:356.59,358.16 2 1
github.com/silouanwright/gh-comment/cmd/list.go:358.16,360.3 1 1
github.com/silouanwright/gh-comment/cmd/list.go:361.2,361.25 1 1
github.com/silouanwright/gh-comment/cmd/list.go:364.51,367.35 2 1
github.com/silouanwright/gh-comment/cmd/list.go:367.35,369.67 1 1
github.com/silouanwright/gh-comment/cmd/list.go:369.67,370.12 1 1
github.com/silouanwright/gh-comment/cmd/list.go:374.3,374.52 1 1
github.com/silouanwright/gh-comment/cmd/list.go:374.52,375.12 1 1
github.com/silouanwright/gh-comment/cmd/list.go:379.3,379.37 1 1
github.com/silouanwright/gh-comment/cmd/list.go:379.38,381.4 0 0
github.com/silouanwright/gh-comment/cmd/list.go:381.9,381.28 1 1
github.com/silouanwright/gh-comment/cmd/list.go:381.28,384.28 1 0
github.com/silouanwright/gh-comment/cmd/list.go:384.28,385.13 1 0
github.com/silouanwright/gh-comment/cmd/list.go:387.9,387.27 1 1
github.com/silouanwright/gh-comment/cmd/list.go:387.27,389.28 1 1
github.com/silouanwright/gh-comment/cmd/list.go:389.28,390.13 1 0
github.com/silouanwright/gh-comment/cmd/list.go:395.3,395.22 1 1
github.com/silouanwright/gh-comment/cmd/list.go:395.22,399.28 1 0
github.com/silouanwright/gh-comment/cmd/list.go:399.28,400.13 1 0
github.com/silouanwright/gh-comment/cmd/list.go:405.3,405.63 1 1
github.com/silouanwright/gh-comment/cmd/list.go:405.63,406.12 1 1
github.com/silouanwright/gh-comment/cmd/list.go:408.3,408.62 1 1
github.com/silouanwright/gh-comment/cmd/list.go:408.62,409.12 1 1
github.com/silouanwright/gh-comment/cmd/list.go:412.3,412.39 1 1
github.com/silouanwright/gh-comment/cmd/list.go:415.2,415.17 1 1
github.com/silouanwright/gh-comment/cmd/list.go:418.54,420.22 1 1
github.com/silouanwright/gh-comment/cmd/list.go:420.22,422.3 1 1
github.com/silouanwright/gh-comment/cmd/list.go:425.2,425.35 1 1
github.com/silouanwright/gh-comment/cmd/list.go:425.35,430.81 3 1
github.com/silouanwright/gh-comment/cmd/list.go:430.81,432.4 1 1
github.com/silouanwright/gh-comment/cmd/list.go:436.2,436.75 1 1
github.com/silouanwright/gh-comment/cmd/list.go:439.55,440.26 1 1
github.com/silouanwright/gh-comment/cmd/list.go:440.26,441.16 1 1
github.com/silouanwright/gh-comment/cmd/list.go:441.16,443.4 1 1
github.com/silouanwright/gh-comment/cmd/list.go:445.2,445.14 1 1
github.com/silouanwright/gh-comment/cmd/list.go:448.50,449.24 1 1
github.com/silouanwright/gh-comment/cmd/list.go:449.24,452.3 2 1
github.com/silouanwright/gh-comment/cmd/list.go:455.2,456.35 2 1
github.com/silouanwright/gh-comment/cmd/list.go:456.35,457.29 1 1
github.com/silouanwright/gh-comment/cmd/list.go:457.29,459.4 1 1
github.com/silouanwright/gh-comment/cmd/list.go:462.2,463.24 2 1
github.com/silouanwright/gh-comment/cmd/list.go:463.24,465.26 2 1
github.com/silouanwright/gh-comment/cmd/list.go:465.26,467.4 1 1
github.com/silouanwright/gh-comment/cmd/list.go:469.2,473.35 3 1
github.com/silouanwright/gh-comment/cmd/list.go:473.35,475.30 1 1
github.com/silouanwright/gh-comment/cmd/list.go:475.30,477.4 1 1
github.com/silouanwright/gh-comment/cmd/list.go:477.9,477.38 1 1
github.com/silouanwright/gh-comment/cmd/list.go:477.38,479.4 1 1
github.com/silouanwright/gh-comment/cmd/list.go:479.9,481.4 1 1
github.com/silouanwright/gh-comment/cmd/list.go:485.2,485.28 1 1
github.com/silouanwright/gh-comment/cmd/list.go:485.28,488.41 3 1
github.com/silouanwright/gh-comment/cmd/list.go:488.41,490.4 1 1
github.com/silouanwright/gh-comment/cmd/list.go:491.3,491.16 1 1
github.com/silouanwright/gh-comment/cmd/list.go:495.2,495.29 1 1
github.com/silouanwright/gh-comment/cmd/list.go:495.29,498.42 3 1
github.com/silouanwright/gh-comment/cmd/list.go:498.42,500.4 1 1
github.com/silouanwright/gh-comment/cmd/list.go:501.3,501.16 1 1
github.com/silouanwright/gh-comment/cmd/list.go:505.2,505.27 1 1
github.com/silouanwright/gh-comment/cmd/list.go:505.27,508.40 3 1
github.com/silouanwright/gh-comment/cmd/list.go:508.40,510.4 1 1
github.com/silouanwright/gh-comment/cmd/list.go:514.49,517.17 2 1
github.com/silouanwright/gh-comment/cmd/list.go:517.17,519.3 1 1
github.com/silouanwright/gh-comment/cmd/list.go:519.8,521.3 1 1
github.com/silouanwright/gh-comment/cmd/list.go:524.2,524.53 1 1
github.com/silouanwright/gh-comment/cmd/list.go:524.53,526.24 2 0
github.com/silouanwright/gh-comment/cmd/list.go:527.19,528.22 1 0
github.com/silouanwright/gh-comment/cmd/list.go:529.28,530.23 1 0
github.com/silouanwright/gh-comment/cmd/list.go:531.20,532.23 1 0
github.com/silouanwright/gh-comment/cmd/list.go:534.3,534.50 1 0
github.com/silouanwright/gh-comment/cmd/list.go:536.2,539.24 2 1
github.com/silouanwright/gh-comment/cmd/list.go:539.24,541.65 2 1
github.com/silouanwright/gh-comment/cmd/list.go:541.65,543.4 1 0
github.com/silouanwright/gh-comment/cmd/list.go:544.3,547.29 2 1
github.com/silouanwright/gh-comment/cmd/list.go:547.29,549.4 1 0
github.com/silouanwright/gh-comment/cmd/list.go:550.3,553.29 2 1
github.com/silouanwright/gh-comment/cmd/list.go:553.29,556.4 2 0
github.com/silouanwright/gh-comment/cmd/list.go:560.2,561.38 2 1
github.com/silouanwright/gh-comment/cmd/list.go:561.38,563.3 1 0
github.com/silouanwright/gh-comment/cmd/list.go:566.2,567.29 2 1
github.com/silouanwright/gh-comment/cmd/list.go:567.29,569.3 1 1
github.com/silouanwright/gh-comment/cmd/list.go:572.2,572.12 1 1
github.com/silouanwright/gh-comment/cmd/list.go:572.12,574.3 1 1
github.com/silouanwright/gh-comment/cmd/list.go:576.2,576.15 1 1
github.com/silouanwright/gh-comment/cmd/list.go:579.40,583.24 3 1
github.com/silouanwright/gh-comment/cmd/list.go:583.24,585.3 1 1
github.com/silouanwright/gh-comment/cmd/list.go:585.8,585.29 1 1
github.com/silouanwright/gh-comment/cmd/list.go:585.29,587.19 2 1
github.com/silouanwright/gh-comment/cmd/list.go:587.19,589.4 1 1
github.com/silouanwright/gh-comment/cmd/list.go:590.3,590.48 1 1
github.com/silouanwright/gh-comment/cmd/list.go:591.8,591.32 1 1
github.com/silouanwright/gh-comment/cmd/list.go:591.32,593.17 2 1
github.com/silouanwright/gh-comment/cmd/list.go:593.17,595.4 1 1
github.com/silouanwright/gh-comment/cmd/list.go:596.3,596.44 1 1
github.com/silouanwright/gh-comment/cmd/list.go:597.8,599.16 2 1
github.com/silouanwright/gh-comment/cmd/list.go:599.16,601.4 1 1
github.com/silouanwright/gh-comment/cmd/list.go:601.9,601.22 1 1
github.com/silouanwright/gh-comment/cmd/list.go:601.22,603.4 1 1
github.com/silouanwright/gh-comment/cmd/list.go:603.9,605.4 1 1
github.com/silouanwright/gh-comment/cmd/list.go:609.39,613.29 2 1
github.com/silouanwright/gh-comment/cmd/list.go:613.29,614.17 1 1
github.com/silouanwright/gh-comment/cmd/list.go:614.17,615.12 1 1
github.com/silouanwright/gh-comment/cmd/list.go:619.3,619.36 1 1
github.com/silouanwright/gh-comment/cmd/list.go:619.36,622.4 1 1
github.com/silouanwright/gh-comment/cmd/list.go:622.9,622.42 1 1
github.com/silouanwright/gh-comment/cmd/list.go:622.42,625.4 1 1
github.com/silouanwright/gh-comment/cmd/list.go:625.9,625.42 1 1
github.com/silouanwright/gh-comment/cmd/list.go:625.42,628.4 1 1
github.com/silouanwright/gh-comment/cmd/list.go:628.9,631.4 1 1
github.com/silouanwright/gh-comment/cmd/list.go:633.2,633.15 1 1
github.com/silouanwright/gh-comment/cmd/list.go:637.41,638.35 1 1
github.com/silouanwright/gh-comment/cmd/list.go:638.35,640.3 1 1
github.com/silouanwright/gh-comment/cmd/list.go:644.60,658.2 4 1
github.com/silouanwright/gh-comment/cmd/prompts.go:60.13,65.2 3 1
github.com/silouanwright/gh-comment/cmd/prompts.go:67.58,68.17 1 1
github.com/silouanwright/gh-comment/cmd/prompts.go:68.17,70.3 1 1
github.com/silouanwright/gh-comment/cmd/prompts.go:72.2,72.20 1 1
github.com/silouanwright/gh-comment/cmd/prompts.go:72.20,74.3 1 1
github.com/silouanwright/gh-comment/cmd/prompts.go:76.2,78.13 3 1
github.com/silouanwright/gh-comment/cmd/prompts.go:78.13,82.3 3 1
github.com/silouanwright/gh-comment/cmd/prompts.go:84.2,93.30 8 1
github.com/silouanwright/gh-comment/cmd/prompts.go:93.30,95.43 2 1
github.com/silouanwright/gh-comment/cmd/prompts.go:95.43,97.4 1 1
github.com/silouanwright/gh-comment/cmd/prompts.go:100.2,100.26 1 1
github.com/silouanwright/gh-comment/cmd/prompts.go:100.26,102.3 1 1
github.com/silouanwright/gh-comment/cmd/prompts.go:104.2,104.12 1 1
github.com/silouanwright/gh-comment/cmd/prompts.go:126.44,130.2 3 1
github.com/silouanwright/gh-comment/cmd/prompts.go:132.35,135.26 2 1
github.com/silouanwright/gh-comment/cmd/prompts.go:135.26,137.3 1 1
github.com/silouanwright/gh-comment/cmd/prompts.go:137.8,139.3 1 1
github.com/silouanwright/gh-comment/cmd/prompts.go:141.2,142.33 2 1
github.com/silouanwright/gh-comment/cmd/prompts.go:142.33,143.64 1 1
github.com/silouanwright/gh-comment/cmd/prompts.go:143.64,144.12 1 1
github.com/silouanwright/gh-comment/cmd/prompts.go:146.3,146.76 1 1
github.com/silouanwright/gh-comment/cmd/prompts.go:149.2,149.52 1 1
github.com/silouanwright/gh-comment/cmd/prompts.go:149.52,151.42 2 1
github.com/silouanwright/gh-comment/cmd/prompts.go:151.42,154.4 2 1
github.com/silouanwright/gh-comment/cmd/prompts.go:155.3,155.18 1 1
github.com/silouanwright/gh-comment/cmd/prompts.go:158.2,159.12 2 1
github.com/silouanwright/gh-comment/cmd/prompts.go:162.40,166.81 2 1
github.com/silouanwright/gh-comment/cmd/prompts.go:166.81,167.17 1 1
github.com/silouanwright/gh-comment/cmd/prompts.go:167.17,169.4 1 0
github.com/silouanwright/gh-comment/cmd/prompts.go:172.3,172.38 1 1
github.com/silouanwright/gh-comment/cmd/prompts.go:172.38,174.4 1 1
github.com/silouanwright/gh-comment/cmd/prompts.go:177.3,178.17 2 1
github.com/silouanwright/gh-comment/cmd/prompts.go:178.17,180.4 1 0
github.com/silouanwright/gh-comment/cmd/prompts.go:183.3,184.17 2 1
github.com/silouanwright/gh-comment/cmd/prompts.go:184.17,187.4 1 0
github.com/silouanwright/gh-comment/cmd/prompts.go:189.3,190.13 2 1
github.com/silouanwright/gh-comment/cmd/prompts.go:193.2,193.16 1 1
github.com/silouanwright/gh-comment/cmd/prompts.go:196.58,199.20 2 1
github.com/silouanwright/gh-comment/cmd/prompts.go:199.20,201.3 1 0
github.com/silouanwright/gh-comment/cmd/prompts.go:204.2,205.60 2 1
github.com/silouanwright/gh-comment/cmd/prompts.go:205.60,207.3 1 0
github.com/silouanwright/gh-comment/cmd/prompts.go:210.2,220.8 2 1
github.com/silouanwright/gh-comment/cmd/react.go:50.13,54.2 2 1
github.com/silouanwright/gh-comment/cmd/react.go:56.56,58.24 1 1
github.com/silouanwright/gh-comment/cmd/react.go:58.24,60.17 2 1
github.com/silouanwright/gh-comment/cmd/react.go:60.17,62.4 1 0
github.com/silouanwright/gh-comment/cmd/react.go:63.3,63.23 1 1
github.com/silouanwright/gh-comment/cmd/react.go:67.2,69.16 3 1
github.com/silouanwright/gh-comment/cmd/react.go:69.16,71.3 1 1
github.com/silouanwright/gh-comment/cmd/react.go:74.2,77.33 2 1
github.com/silouanwright/gh-comment/cmd/react.go:77.33,79.3 1 1
github.com/silouanwright/gh-comment/cmd/react.go:82.2,83.16 2 1
github.com/silouanwright/gh-comment/cmd/react.go:83.16,85.3 1 1
github.com/silouanwright/gh-comment/cmd/react.go:88.2,89.21 2 1
github.com/silouanwright/gh-comment/cmd/react.go:89.21,91.3 1 0
github.com/silouanwright/gh-comment/cmd/react.go:92.2,94.13 2 1
github.com/silouanwright/gh-comment/cmd/react.go:94.13,98.25 4 0
github.com/silouanwright/gh-comment/cmd/react.go:98.25,100.4 1 0
github.com/silouanwright/gh-comment/cmd/react.go:100.9,102.4 1 0
github.com/silouanwright/gh-comment/cmd/react.go:103.3,103.16 1 0
github.com/silouanwright/gh-comment/cmd/react.go:106.2,106.12 1 1
github.com/silouanwright/gh-comment/cmd/react.go:106.12,108.25 2 0
github.com/silouanwright/gh-comment/cmd/react.go:108.25,110.4 1 0
github.com/silouanwright/gh-comment/cmd/react.go:111.3,113.13 2 0
github.com/silouanwright/gh-comment/cmd/react.go:117.2,117.24 1 1
github.com/silouanwright/gh-comment/cmd/react.go:117.24,119.17 2 1
github.com/silouanwright/gh-comment/cmd/react.go:119.17,121.4 1 0
github.com/silouanwright/gh-comment/cmd/react.go:122.3,122.80 1 1
github.com/silouanwright/gh-comment/cmd/react.go:123.8,125.17 2 1
github.com/silouanwright/gh-comment/cmd/react.go:125.17,127.4 1 0
github.com/silouanwright/gh-comment/cmd/react.go:128.3,128.76 1 1
github.com/silouanwright/gh-comment/cmd/react.go:131.2,131.12 1 1
github.com/silouanwright/gh-comment/cmd/react.go:134.45,136.39 2 1
github.com/silouanwright/gh-comment/cmd/react.go:136.39,137.24 1 1
github.com/silouanwright/gh-comment/cmd/react.go:137.24,139.4 1 1
github.com/silouanwright/gh-comment/cmd/react.go:141.2,141.14 1 1
github.com/silouanwright/gh-comment/cmd/resolve.go:43.13,45.2 1 1
github.com/silouanwright/gh-comment/cmd/resolve.go:47.58,49.26 1 1
github.com/silouanwright/gh-comment/cmd/resolve.go:49.26,51.17 2 0
github.com/silouanwright/gh-comment/cmd/resolve.go:51.17,53.4 1 0
github.com/silouanwright/gh-comment/cmd/resolve.go:54.3,54.25 1 0
github.com/silouanwright/gh-comment/cmd/resolve.go:58.2,59.16 2 1
github.com/silouanwright/gh-comment/cmd/resolve.go:59.16,61.3 1 1
github.com/silouanwright/gh-comment/cmd/resolve.go:64.2,65.16 2 1
github.com/silouanwright/gh-comment/cmd/resolve.go:65.16,67.3 1 0
github.com/silouanwright/gh-comment/cmd/resolve.go:70.2,71.21 2 1
github.com/silouanwright/gh-comment/cmd/resolve.go:71.21,73.3 1 1
github.com/silouanwright/gh-comment/cmd/resolve.go:74.2,76.13 2 1
github.com/silouanwright/gh-comment/cmd/resolve.go:76.13,81.3 4 1
github.com/silouanwright/gh-comment/cmd/resolve.go:83.2,83.12 1 1
github.com/silouanwright/gh-comment/cmd/resolve.go:83.12,86.3 2 1
github.com/silouanwright/gh-comment/cmd/resolve.go:89.2,90.16 2 1
github.com/silouanwright/gh-comment/cmd/resolve.go:90.16,92.3 1 1
github.com/silouanwright/gh-comment/cmd/resolve.go:95.2,96.16 2 1
github.com/silouanwright/gh-comment/cmd/resolve.go:96.16,98.3 1 1
github.com/silouanwright/gh-comment/cmd/resolve.go:100.2,101.12 2 1
github.com/silouanwright/gh-comment/cmd/review-reply.go:55.13,60.2 3 1
github.com/silouanwright/gh-comment/cmd/review-reply.go:62.62,64.30 1 1
github.com/silouanwright/gh-comment/cmd/review-reply.go:64.30,66.17 2 0
github.com/silouanwright/gh-comment/cmd/review-reply.go:66.17,68.4 1 0
github.com/silouanwright/gh-comment/cmd/review-reply.go:69.3,69.29 1 0
github.com/silouanwright/gh-comment/cmd/review-reply.go:73.2,75.16 3 1
github.com/silouanwright/gh-comment/cmd/review-reply.go:75.16,77.3 1 1
github.com/silouanwright/gh-comment/cmd/review-reply.go:80.2,81.19 2 1
github.com/silouanwright/gh-comment/cmd/review-reply.go:81.19,83.3 1 1
github.com/silouanwright/gh-comment/cmd/review-reply.go:86.2,86.54 1 1
github.com/silouanwright/gh-comment/cmd/review-reply.go:86.54,88.3 1 1
github.com/silouanwright/gh-comment/cmd/review-reply.go:91.2,92.16 2 1
github.com/silouanwright/gh-comment/cmd/review-reply.go:92.16,94.3 1 0
github.com/silouanwright/gh-comment/cmd/review-reply.go:97.2,98.21 2 1
github.com/silouanwright/gh-comment/cmd/review-reply.go:98.21,100.3 1 0
github.com/silouanwright/gh-comment/cmd/review-reply.go:101.2,103.13 2 1
github.com/silouanwright/gh-comment/cmd/review-reply.go:103.13,107.20 4 0
github.com/silouanwright/gh-comment/cmd/review-reply.go:107.20,109.4 1 0
github.com/silouanwright/gh-comment/cmd/review-reply.go:110.3,110.37 1 0
github.com/silouanwright/gh-comment/cmd/review-reply.go:110.37,112.4 1 0
github.com/silouanwright/gh-comment/cmd/review-reply.go:113.3,113.16 1 0
github.com/silouanwright/gh-comment/cmd/review-reply.go:116.2,116.12 1 1
github.com/silouanwright/gh-comment/cmd/review-reply.go:116.12,118.20 2 0
github.com/silouanwright/gh-comment/cmd/review-reply.go:118.20,120.4 1 0
github.com/silouanwright/gh-comment/cmd/review-reply.go:121.3,121.37 1 0
github.com/silouanwright/gh-comment/cmd/review-reply.go:121.37,123.4 1 0
github.com/silouanwright/gh-comment/cmd/review-reply.go:124.3,124.13 1 0
github.com/silouanwright/gh-comment/cmd/review-reply.go:128.2,128.19 1 1
github.com/silouanwright/gh-comment/cmd/review-reply.go:128.19,130.38 1 1
github.com/silouanwright/gh-comment/cmd/review-reply.go:130.38,132.4 1 1
github.com/silouanwright/gh-comment/cmd/review-reply.go:135.3,136.17 2 1
github.com/silouanwright/gh-comment/cmd/review-reply.go:136.17,138.4 1 0
github.com/silouanwright/gh-comment/cmd/review-reply.go:139.3,139.76 1 1
github.com/silouanwright/gh-comment/cmd/review-reply.go:143.2,143.36 1 1
github.com/silouanwright/gh-comment/cmd/review-reply.go:143.36,146.17 2 1
github.com/silouanwright/gh-comment/cmd/review-reply.go:146.17,148.4 1 0
github.com/silouanwright/gh-comment/cmd/review-reply.go:151.3,152.17 2 1
github.com/silouanwright/gh-comment/cmd/review-reply.go:152.17,154.4 1 0
github.com/silouanwright/gh-comment/cmd/review-reply.go:155.3,155.78 1 1
github.com/silouanwright/gh-comment/cmd/review-reply.go:158.2,158.12 1 1
github.com/silouanwright/gh-comment/cmd/review.go:69.13,73.2 3 1
github.com/silouanwright/gh-comment/cmd/review.go:75.57,77.25 1 1
github.com/silouanwright/gh-comment/cmd/review.go:77.25,79.17 2 0
github.com/silouanwright/gh-comment/cmd/review.go:79.17,81.4 1 0
github.com/silouanwright/gh-comment/cmd/review.go:82.3,82.24 1 0
github.com/silouanwright/gh-comment/cmd/review.go:85.2,90.20 4 1
github.com/silouanwright/gh-comment/cmd/review.go:90.20,93.17 2 1
github.com/silouanwright/gh-comment/cmd/review.go:93.17,95.4 1 1
github.com/silouanwright/gh-comment/cmd/review.go:96.3,96.17 1 1
github.com/silouanwright/gh-comment/cmd/review.go:97.8,97.27 1 1
github.com/silouanwright/gh-comment/cmd/review.go:97.27,99.54 1 1
github.com/silouanwright/gh-comment/cmd/review.go:99.54,102.4 1 1
github.com/silouanwright/gh-comment/cmd/review.go:102.9,105.18 2 1
github.com/silouanwright/gh-comment/cmd/review.go:105.18,107.5 1 0
github.com/silouanwright/gh-comment/cmd/review.go:108.4,108.18 1 1
github.com/silouanwright/gh-comment/cmd/review.go:113.2,115.41 3 1
github.com/silouanwright/gh-comment/cmd/review.go:115.41,116.36 1 1
github.com/silouanwright/gh-comment/cmd/review.go:116.36,118.9 2 1
github.com/silouanwright/gh-comment/cmd/review.go:121.2,121.19 1 1
github.com/silouanwright/gh-comment/cmd/review.go:121.19,123.3 1 1
github.com/silouanwright/gh-comment/cmd/review.go:126.2,126.48 1 1
github.com/silouanwright/gh-comment/cmd/review.go:126.48,128.3 1 1
github.com/silouanwright/gh-comment/cmd/review.go:131.2,132.16 2 1
github.com/silouanwright/gh-comment/cmd/review.go:132.16,134.3 1 0
github.com/silouanwright/gh-comment/cmd/review.go:137.2,137.13 1 1
github.com/silouanwright/gh-comment/cmd/review.go:137.13,138.19 1 0
github.com/silouanwright/gh-comment/cmd/review.go:138.19,140.4 1 0
github.com/silouanwright/gh-comment/cmd/review.go:140.9,142.18 2 0
github.com/silouanwright/gh-comment/cmd/review.go:142.18,144.5 1 0
github.com/silouanwright/gh-comment/cmd/review.go:145.4,145.19 1 0
github.com/silouanwright/gh-comment/cmd/review.go:150.2,151.21 2 1
github.com/silouanwright/gh-comment/cmd/review.go:151.21,153.3 1 1
github.com/silouanwright/gh-comment/cmd/review.go:154.2,158.49 3 1
github.com/silouanwright/gh-comment/cmd/review.go:158.49,160.17 2 1
github.com/silouanwright/gh-comment/cmd/review.go:160.17,162.4 1 1
github.com/silouanwright/gh-comment/cmd/review.go:165.3,165.19 1 1
github.com/silouanwright/gh-comment/cmd/review.go:165.19,166.95 1 1
github.com/silouanwright/gh-comment/cmd/review.go:166.95,168.5 1 1
github.com/silouanwright/gh-comment/cmd/review.go:171.3,171.66 1 1
github.com/silouanwright/gh-comment/cmd/review.go:174.2,174.13 1 1
github.com/silouanwright/gh-comment/cmd/review.go:174.13,181.3 6 1
github.com/silouanwright/gh-comment/cmd/review.go:183.2,183.12 1 1
github.com/silouanwright/gh-comment/cmd/review.go:183.12,188.46 5 1
github.com/silouanwright/gh-comment/cmd/review.go:188.46,190.4 1 1
github.com/silouanwright/gh-comment/cmd/review.go:191.3,191.13 1 1
github.com/silouanwright/gh-comment/cmd/review.go:195.2,202.16 3 1
github.com/silouanwright/gh-comment/cmd/review.go:202.16,204.3 1 0
github.com/silouanwright/gh-comment/cmd/review.go:207.2,208.25 2 1
github.com/silouanwright/gh-comment/cmd/review.go:209.17,210.25 1 1
github.com/silouanwright/gh-comment/cmd/review.go:211.25,212.34 1 1
github.com/silouanwright/gh-comment/cmd/review.go:213.17,214.29 1 1
github.com/silouanwright/gh-comment/cmd/review.go:217.2,218.34 2 1
github.com/silouanwright/gh-comment/cmd/review.go:218.34,220.3 1 1
github.com/silouanwright/gh-comment/cmd/review.go:221.2,223.12 2 1
github.com/silouanwright/gh-comment/cmd/review.go:228.77,233.66 2 1
github.com/silouanwright/gh-comment/cmd/review.go:233.66,241.27 5 0
github.com/silouanwright/gh-comment/cmd/review.go:241.27,243.4 1 0
github.com/silouanwright/gh-comment/cmd/review.go:244.3,245.44 2 0
github.com/silouanwright/gh-comment/cmd/review.go:246.8,246.75 1 1
github.com/silouanwright/gh-comment/cmd/review.go:246.75,254.27 5 0
github.com/silouanwright/gh-comment/cmd/review.go:254.27,256.4 1 0
github.com/silouanwright/gh-comment/cmd/review.go:257.3,258.44 2 0
github.com/silouanwright/gh-comment/cmd/review.go:259.8,263.22 2 1
github.com/silouanwright/gh-comment/cmd/review.go:263.22,266.23 2 1
github.com/silouanwright/gh-comment/cmd/review.go:266.23,268.55 1 1
github.com/silouanwright/gh-comment/cmd/review.go:268.55,269.56 1 1
github.com/silouanwright/gh-comment/cmd/review.go:269.56,274.7 3 1
github.com/silouanwright/gh-comment/cmd/review.go:280.3,280.21 1 1
github.com/silouanwright/gh-comment/cmd/review.go:280.21,282.22 2 1
github.com/silouanwright/gh-comment/cmd/review.go:282.22,284.5 1 1
github.com/silouanwright/gh-comment/cmd/review.go:285.4,287.42 3 1
github.com/silouanwright/gh-comment/cmd/review.go:291.2,291.20 1 1
github.com/silouanwright/gh-comment/cmd/review.go:291.20,293.3 1 1
github.com/silouanwright/gh-comment/cmd/review.go:294.2,294.19 1 1
github.com/silouanwright/gh-comment/cmd/review.go:294.19,296.3 1 1
github.com/silouanwright/gh-comment/cmd/review.go:298.2,305.72 2 1
github.com/silouanwright/gh-comment/cmd/review.go:305.72,308.38 2 1
github.com/silouanwright/gh-comment/cmd/review.go:308.38,310.4 1 1
github.com/silouanwright/gh-comment/cmd/review.go:310.9,312.4 1 1
github.com/silouanwright/gh-comment/cmd/review.go:313.3,313.27 1 1
github.com/silouanwright/gh-comment/cmd/review.go:313.27,315.4 1 1
github.com/silouanwright/gh-comment/cmd/review.go:317.3,318.17 2 1
github.com/silouanwright/gh-comment/cmd/review.go:318.17,320.4 1 1
github.com/silouanwright/gh-comment/cmd/review.go:322.3,323.17 2 1
github.com/silouanwright/gh-comment/cmd/review.go:323.17,325.4 1 1
github.com/silouanwright/gh-comment/cmd/review.go:327.3,327.37 1 1
github.com/silouanwright/gh-comment/cmd/review.go:327.37,329.4 1 1
github.com/silouanwright/gh-comment/cmd/review.go:331.3,331.26 1 1
github.com/silouanwright/gh-comment/cmd/review.go:331.26,333.4 1 1
github.com/silouanwright/gh-comment/cmd/review.go:335.3,336.25 2 1
github.com/silouanwright/gh-comment/cmd/review.go:337.8,340.17 2 1
github.com/silouanwright/gh-comment/cmd/review.go:340.17,342.4 1 1
github.com/silouanwright/gh-comment/cmd/review.go:344.3,344.16 1 1
github.com/silouanwright/gh-comment/cmd/review.go:344.16,346.4 1 1
github.com/silouanwright/gh-comment/cmd/review.go:348.3,348.22 1 1
github.com/silouanwright/gh-comment/cmd/review.go:351.2,351.21 1 1
github.com/silouanwright/gh-comment/cmd/review.go:355.120,358.16 2 1
github.com/silouanwright/gh-comment/cmd/review.go:358.16,360.14 1 0
github.com/silouanwright/gh-comment/cmd/review.go:360.14,362.4 1 0
github.com/silouanwright/gh-comment/cmd/review.go:363.3,363.13 1 0
github.com/silouanwright/gh-comment/cmd/review.go:367.2,368.28 2 1
github.com/silouanwright/gh-comment/cmd/review.go:368.28,369.45 1 1
github.com/silouanwright/gh-comment/cmd/review.go:369.45,371.9 2 1
github.com/silouanwright/gh-comment/cmd/review.go:375.2,375.23 1 1
github.com/silouanwright/gh-comment/cmd/review.go:375.23,378.35 2 1
github.com/silouanwright/gh-comment/cmd/review.go:378.35,380.4 1 1
github.com/silouanwright/gh-comment/cmd/review.go:382.3,383.30 2 1
github.com/silouanwright/gh-comment/cmd/review.go:383.30,385.44 2 1
github.com/silouanwright/gh-comment/cmd/review.go:385.44,387.5 1 1
github.com/silouanwright/gh-comment/cmd/review.go:388.4,388.99 1 1
github.com/silouanwright/gh-comment/cmd/review.go:390.3,390.36 1 1
github.com/silouanwright/gh-comment/cmd/review.go:394.2,395.27 2 1
github.com/silouanwright/gh-comment/cmd/review.go:395.27,397.63 1 1
github.com/silouanwright/gh-comment/cmd/review.go:397.63,399.4 1 1
github.com/silouanwright/gh-comment/cmd/review.go:400.8,403.3 1 1
github.com/silouanwright/gh-comment/cmd/review.go:405.2,406.36 2 1
github.com/silouanwright/gh-comment/cmd/review.go:406.36,407.30 1 1
github.com/silouanwright/gh-comment/cmd/review.go:407.30,409.4 1 1
github.com/silouanwright/gh-comment/cmd/review.go:412.2,412.27 1 1
github.com/silouanwright/gh-comment/cmd/review.go:412.27,415.41 2 1
github.com/silouanwright/gh-comment/cmd/review.go:415.41,417.4 1 1
github.com/silouanwright/gh-comment/cmd/review.go:420.3,426.28 4 1
github.com/silouanwright/gh-comment/cmd/review.go:426.28,427.24 1 1
github.com/silouanwright/gh-comment/cmd/review.go:427.24,429.5 1 0
github.com/silouanwright/gh-comment/cmd/review.go:429.10,431.5 1 1
github.com/silouanwright/gh-comment/cmd/review.go:434.3,435.30 2 1
github.com/silouanwright/gh-comment/cmd/review.go:435.30,438.4 2 1
github.com/silouanwright/gh-comment/cmd/review.go:438.9,440.4 1 0
github.com/silouanwright/gh-comment/cmd/review.go:441.3,441.36 1 1
github.com/silouanwright/gh-comment/cmd/review.go:444.2,444.12 1 1
github.com/silouanwright/gh-comment/cmd/root.go:163.22,165.2 1 1
github.com/silouanwright/gh-comment/cmd/root.go:167.13,179.2 7 1
github.com/silouanwright/gh-comment/cmd/root.go:182.25,184.16 2 1
github.com/silouanwright/gh-comment/cmd/root.go:184.16,187.3 2 0
github.com/silouanwright/gh-comment/cmd/root.go:189.2,192.29 2 1
github.com/silouanwright/gh-comment/cmd/root.go:196.42,198.52 1 1
github.com/silouanwright/gh-comment/cmd/root.go:198.52,200.3 1 0
github.com/silouanwright/gh-comment/cmd/root.go:201.2,201.46 1 1
github.com/silouanwright/gh-comment/cmd/root.go:201.46,203.3 1 0
github.com/silouanwright/gh-comment/cmd/root.go:206.2,206.51 1 1
github.com/silouanwright/gh-comment/cmd/root.go:206.51,208.3 1 1
github.com/silouanwright/gh-comment/cmd/root.go:209.2,209.51 1 1
github.com/silouanwright/gh-comment/cmd/root.go:209.51,211.3 1 1
github.com/silouanwright/gh-comment/cmd/root.go:212.2,212.52 1 1
github.com/silouanwright/gh-comment/cmd/root.go:212.52,214.3 1 1
github.com/silouanwright/gh-comment/cmd/root.go:218.39,219.16 1 1
github.com/silouanwright/gh-comment/cmd/root.go:219.16,221.3 1 1
github.com/silouanwright/gh-comment/cmd/root.go:224.2,225.16 2 1
github.com/silouanwright/gh-comment/cmd/root.go:225.16,227.3 1 0
github.com/silouanwright/gh-comment/cmd/root.go:229.2,229.48 1 1
github.com/silouanwright/gh-comment/cmd/root.go:233.34,234.19 1 1
github.com/silouanwright/gh-comment/cmd/root.go:234.19,236.3 1 1
github.com/silouanwright/gh-comment/cmd/root.go:239.2,240.16 2 1
github.com/silouanwright/gh-comment/cmd/root.go:240.16,242.3 1 1
github.com/silouanwright/gh-comment/cmd/root.go:244.2,246.16 3 0
github.com/silouanwright/gh-comment/cmd/root.go:246.16,248.3 1 0
github.com/silouanwright/gh-comment/cmd/root.go:250.2,250.16 1 0
github.com/silouanwright/gh-comment/cmd/suggestions.go:10.47,18.2 3 1
github.com/silouanwright/gh-comment/cmd/suggestions.go:21.53,24.6 2 1
github.com/silouanwright/gh-comment/cmd/suggestions.go:24.6,26.18 2 1
github.com/silouanwright/gh-comment/cmd/suggestions.go:26.18,27.9 1 1
github.com/silouanwright/gh-comment/cmd/suggestions.go:31.3,35.47 4 1
github.com/silouanwright/gh-comment/cmd/suggestions.go:35.47,37.19 2 1
github.com/silouanwright/gh-comment/cmd/suggestions.go:37.19,39.5 1 1
github.com/silouanwright/gh-comment/cmd/suggestions.go:39.10,39.26 1 1
github.com/silouanwright/gh-comment/cmd/suggestions.go:39.26,40.26 1 1
github.com/silouanwright/gh-comment/cmd/suggestions.go:40.26,42.11 2 1
github.com/silouanwright/gh-comment/cmd/suggestions.go:44.5,44.19 1 1
github.com/silouanwright/gh-comment/cmd/suggestions.go:48.3,48.16 1 1
github.com/silouanwright/gh-comment/cmd/suggestions.go:48.16,49.9 1 1
github.com/silouanwright/gh-comment/cmd/suggestions.go:53.3,58.18 4 1
github.com/silouanwright/gh-comment/cmd/suggestions.go:58.18,61.4 1 1
github.com/silouanwright/gh-comment/cmd/suggestions.go:61.9,64.4 1 1
github.com/silouanwright/gh-comment/cmd/suggestions.go:67.3,67.57 1 1
github.com/silouanwright/gh-comment/cmd/suggestions.go:70.2,70.15 1 1
github.com/silouanwright/gh-comment/cmd/suggestions.go:74.58,79.23 3 1
github.com/silouanwright/gh-comment/cmd/suggestions.go:79.23,85.50 4 1
github.com/silouanwright/gh-comment/cmd/suggestions.go:85.50,88.4 1 1
github.com/silouanwright/gh-comment/cmd/suggestions.go:90.3,90.22 1 1
github.com/silouanwright/gh-comment/cmd/suggestions.go:94.2,94.19 1 1
github.com/silouanwright/gh-comment/cmd/suggestions.go:98.38,99.16 1 1
github.com/silouanwright/gh-comment/cmd/suggestions.go:99.16,101.3 1 1
github.com/silouanwright/gh-comment/cmd/suggestions.go:102.2,102.29 1 1
github.com/silouanwright/gh-comment/cmd/suggestions.go:106.56,110.68 2 1
github.com/silouanwright/gh-comment/cmd/suggestions.go:110.68,113.26 2 1
github.com/silouanwright/gh-comment/cmd/suggestions.go:113.26,115.4 1 0
github.com/silouanwright/gh-comment/cmd/suggestions.go:117.3,118.52 2 1
