mode: set
github.com/silouanwright/gh-comment/internal/github/client.go:109.34,133.2 1 1
github.com/silouanwright/gh-comment/internal/github/client.go:136.93,137.37 1 1
github.com/silouanwright/gh-comment/internal/github/client.go:137.37,139.3 1 1
github.com/silouanwright/gh-comment/internal/github/client.go:140.2,140.29 1 1
github.com/silouanwright/gh-comment/internal/github/client.go:143.94,144.38 1 1
github.com/silouanwright/gh-comment/internal/github/client.go:144.38,146.3 1 1
github.com/silouanwright/gh-comment/internal/github/client.go:147.2,147.30 1 1
github.com/silouanwright/gh-comment/internal/github/client.go:150.106,151.33 1 1
github.com/silouanwright/gh-comment/internal/github/client.go:151.33,153.3 1 1
github.com/silouanwright/gh-comment/internal/github/client.go:155.2,163.21 3 1
github.com/silouanwright/gh-comment/internal/github/client.go:166.113,167.33 1 1
github.com/silouanwright/gh-comment/internal/github/client.go:167.33,169.3 1 1
github.com/silouanwright/gh-comment/internal/github/client.go:171.2,179.21 3 1
github.com/silouanwright/gh-comment/internal/github/client.go:182.110,183.36 1 1
github.com/silouanwright/gh-comment/internal/github/client.go:183.36,185.3 1 0
github.com/silouanwright/gh-comment/internal/github/client.go:186.2,186.22 1 1
github.com/silouanwright/gh-comment/internal/github/client.go:189.65,190.33 1 1
github.com/silouanwright/gh-comment/internal/github/client.go:190.33,192.3 1 1
github.com/silouanwright/gh-comment/internal/github/client.go:193.2,194.12 2 1
github.com/silouanwright/gh-comment/internal/github/client.go:197.92,199.2 1 1
github.com/silouanwright/gh-comment/internal/github/client.go:201.95,203.2 1 1
github.com/silouanwright/gh-comment/internal/github/client.go:205.88,207.2 1 1
github.com/silouanwright/gh-comment/internal/github/client.go:209.101,211.2 1 1
github.com/silouanwright/gh-comment/internal/github/client.go:213.88,222.2 1 1
github.com/silouanwright/gh-comment/internal/github/client.go:224.95,233.2 1 1
github.com/silouanwright/gh-comment/internal/github/client.go:235.89,237.2 1 1
github.com/silouanwright/gh-comment/internal/github/client.go:239.81,240.37 1 0
github.com/silouanwright/gh-comment/internal/github/client.go:240.37,242.3 1 0
github.com/silouanwright/gh-comment/internal/github/client.go:243.2,243.31 1 0
github.com/silouanwright/gh-comment/internal/github/client.go:246.99,247.32 1 0
github.com/silouanwright/gh-comment/internal/github/client.go:247.32,249.3 1 0
github.com/silouanwright/gh-comment/internal/github/client.go:250.2,251.12 2 0
github.com/silouanwright/gh-comment/internal/github/real_client.go:21.43,23.16 2 1
github.com/silouanwright/gh-comment/internal/github/real_client.go:23.16,25.3 1 0
github.com/silouanwright/gh-comment/internal/github/real_client.go:27.2,28.16 2 1
github.com/silouanwright/gh-comment/internal/github/real_client.go:28.16,30.3 1 0
github.com/silouanwright/gh-comment/internal/github/real_client.go:32.2,35.8 1 1
github.com/silouanwright/gh-comment/internal/github/real_client.go:39.93,40.56 1 1
github.com/silouanwright/gh-comment/internal/github/real_client.go:40.56,42.3 1 1
github.com/silouanwright/gh-comment/internal/github/real_client.go:43.2,43.19 1 1
github.com/silouanwright/gh-comment/internal/github/real_client.go:43.19,45.3 1 1
github.com/silouanwright/gh-comment/internal/github/real_client.go:47.2,51.16 4 0
github.com/silouanwright/gh-comment/internal/github/real_client.go:51.16,53.3 1 0
github.com/silouanwright/gh-comment/internal/github/real_client.go:56.2,56.26 1 0
github.com/silouanwright/gh-comment/internal/github/real_client.go:56.26,58.3 1 0
github.com/silouanwright/gh-comment/internal/github/real_client.go:60.2,60.22 1 0
github.com/silouanwright/gh-comment/internal/github/real_client.go:64.94,65.56 1 1
github.com/silouanwright/gh-comment/internal/github/real_client.go:65.56,67.3 1 1
github.com/silouanwright/gh-comment/internal/github/real_client.go:68.2,68.19 1 1
github.com/silouanwright/gh-comment/internal/github/real_client.go:68.19,70.3 1 1
github.com/silouanwright/gh-comment/internal/github/real_client.go:72.2,76.16 4 0
github.com/silouanwright/gh-comment/internal/github/real_client.go:76.16,78.3 1 0
github.com/silouanwright/gh-comment/internal/github/real_client.go:81.2,81.26 1 0
github.com/silouanwright/gh-comment/internal/github/real_client.go:81.26,83.3 1 0
github.com/silouanwright/gh-comment/internal/github/real_client.go:85.2,85.22 1 0
github.com/silouanwright/gh-comment/internal/github/real_client.go:89.106,90.56 1 1
github.com/silouanwright/gh-comment/internal/github/real_client.go:90.56,92.3 1 1
github.com/silouanwright/gh-comment/internal/github/real_client.go:93.2,93.19 1 1
github.com/silouanwright/gh-comment/internal/github/real_client.go:93.19,95.3 1 1
github.com/silouanwright/gh-comment/internal/github/real_client.go:96.2,96.35 1 1
github.com/silouanwright/gh-comment/internal/github/real_client.go:96.35,98.3 1 1
github.com/silouanwright/gh-comment/internal/github/real_client.go:100.2,104.16 4 0
github.com/silouanwright/gh-comment/internal/github/real_client.go:104.16,106.3 1 0
github.com/silouanwright/gh-comment/internal/github/real_client.go:108.2,110.16 3 0
github.com/silouanwright/gh-comment/internal/github/real_client.go:110.16,112.3 1 0
github.com/silouanwright/gh-comment/internal/github/real_client.go:114.2,115.22 2 0
github.com/silouanwright/gh-comment/internal/github/real_client.go:119.113,120.56 1 1
github.com/silouanwright/gh-comment/internal/github/real_client.go:120.56,122.3 1 1
github.com/silouanwright/gh-comment/internal/github/real_client.go:123.2,123.20 1 1
github.com/silouanwright/gh-comment/internal/github/real_client.go:123.20,125.3 1 1
github.com/silouanwright/gh-comment/internal/github/real_client.go:126.2,126.35 1 1
github.com/silouanwright/gh-comment/internal/github/real_client.go:126.35,128.3 1 1
github.com/silouanwright/gh-comment/internal/github/real_client.go:132.2,136.16 4 0
github.com/silouanwright/gh-comment/internal/github/real_client.go:136.16,138.3 1 0
github.com/silouanwright/gh-comment/internal/github/real_client.go:140.2,142.16 3 0
github.com/silouanwright/gh-comment/internal/github/real_client.go:142.16,144.3 1 0
github.com/silouanwright/gh-comment/internal/github/real_client.go:146.2,147.22 2 0
github.com/silouanwright/gh-comment/internal/github/real_client.go:151.110,152.56 1 1
github.com/silouanwright/gh-comment/internal/github/real_client.go:152.56,154.3 1 1
github.com/silouanwright/gh-comment/internal/github/real_client.go:155.2,155.19 1 1
github.com/silouanwright/gh-comment/internal/github/real_client.go:155.19,157.3 1 1
github.com/silouanwright/gh-comment/internal/github/real_client.go:158.2,158.20 1 1
github.com/silouanwright/gh-comment/internal/github/real_client.go:158.20,160.3 1 1
github.com/silouanwright/gh-comment/internal/github/real_client.go:161.2,203.16 5 0
github.com/silouanwright/gh-comment/internal/github/real_client.go:203.16,205.3 1 0
github.com/silouanwright/gh-comment/internal/github/real_client.go:208.2,208.75 1 0
github.com/silouanwright/gh-comment/internal/github/real_client.go:208.75,209.49 1 0
github.com/silouanwright/gh-comment/internal/github/real_client.go:209.49,210.39 1 0
github.com/silouanwright/gh-comment/internal/github/real_client.go:210.39,212.5 1 0
github.com/silouanwright/gh-comment/internal/github/real_client.go:216.2,216.69 1 0
github.com/silouanwright/gh-comment/internal/github/real_client.go:220.65,221.39 1 1
github.com/silouanwright/gh-comment/internal/github/real_client.go:221.39,223.3 1 1
github.com/silouanwright/gh-comment/internal/github/real_client.go:225.2,239.16 4 0
github.com/silouanwright/gh-comment/internal/github/real_client.go:239.16,241.3 1 0
github.com/silouanwright/gh-comment/internal/github/real_client.go:243.2,243.12 1 0
github.com/silouanwright/gh-comment/internal/github/real_client.go:249.92,250.56 1 1
github.com/silouanwright/gh-comment/internal/github/real_client.go:250.56,252.3 1 1
github.com/silouanwright/gh-comment/internal/github/real_client.go:253.2,253.20 1 1
github.com/silouanwright/gh-comment/internal/github/real_client.go:253.20,255.3 1 1
github.com/silouanwright/gh-comment/internal/github/real_client.go:256.2,256.32 1 1
github.com/silouanwright/gh-comment/internal/github/real_client.go:256.32,258.3 1 1
github.com/silouanwright/gh-comment/internal/github/real_client.go:260.2,264.16 4 0
github.com/silouanwright/gh-comment/internal/github/real_client.go:264.16,266.3 1 0
github.com/silouanwright/gh-comment/internal/github/real_client.go:268.2,269.16 2 0
github.com/silouanwright/gh-comment/internal/github/real_client.go:269.16,271.3 1 0
github.com/silouanwright/gh-comment/internal/github/real_client.go:273.2,273.12 1 0
github.com/silouanwright/gh-comment/internal/github/real_client.go:277.95,278.56 1 1
github.com/silouanwright/gh-comment/internal/github/real_client.go:278.56,280.3 1 1
github.com/silouanwright/gh-comment/internal/github/real_client.go:281.2,281.20 1 1
github.com/silouanwright/gh-comment/internal/github/real_client.go:281.20,283.3 1 1
github.com/silouanwright/gh-comment/internal/github/real_client.go:284.2,284.32 1 1
github.com/silouanwright/gh-comment/internal/github/real_client.go:284.32,286.3 1 1
github.com/silouanwright/gh-comment/internal/github/real_client.go:289.2,298.16 4 0
github.com/silouanwright/gh-comment/internal/github/real_client.go:298.16,300.3 1 0
github.com/silouanwright/gh-comment/internal/github/real_client.go:303.2,307.16 3 0
github.com/silouanwright/gh-comment/internal/github/real_client.go:307.16,309.3 1 0
github.com/silouanwright/gh-comment/internal/github/real_client.go:312.2,312.30 1 0
github.com/silouanwright/gh-comment/internal/github/real_client.go:312.30,313.65 1 0
github.com/silouanwright/gh-comment/internal/github/real_client.go:313.65,316.18 3 0
github.com/silouanwright/gh-comment/internal/github/real_client.go:316.18,318.5 1 0
github.com/silouanwright/gh-comment/internal/github/real_client.go:319.4,319.14 1 0
github.com/silouanwright/gh-comment/internal/github/real_client.go:323.2,323.125 1 0
github.com/silouanwright/gh-comment/internal/github/real_client.go:327.88,328.56 1 1
github.com/silouanwright/gh-comment/internal/github/real_client.go:328.56,330.3 1 1
github.com/silouanwright/gh-comment/internal/github/real_client.go:331.2,331.20 1 1
github.com/silouanwright/gh-comment/internal/github/real_client.go:331.20,333.3 1 1
github.com/silouanwright/gh-comment/internal/github/real_client.go:334.2,334.35 1 1
github.com/silouanwright/gh-comment/internal/github/real_client.go:334.35,336.3 1 1
github.com/silouanwright/gh-comment/internal/github/real_client.go:338.2,342.16 4 0
github.com/silouanwright/gh-comment/internal/github/real_client.go:342.16,344.3 1 0
github.com/silouanwright/gh-comment/internal/github/real_client.go:346.2,347.16 2 0
github.com/silouanwright/gh-comment/internal/github/real_client.go:347.16,349.3 1 0
github.com/silouanwright/gh-comment/internal/github/real_client.go:351.2,351.12 1 0
github.com/silouanwright/gh-comment/internal/github/real_client.go:355.101,356.56 1 1
github.com/silouanwright/gh-comment/internal/github/real_client.go:356.56,358.3 1 1
github.com/silouanwright/gh-comment/internal/github/real_client.go:359.2,359.13 1 1
github.com/silouanwright/gh-comment/internal/github/real_client.go:359.13,361.3 1 1
github.com/silouanwright/gh-comment/internal/github/real_client.go:362.2,362.43 1 1
github.com/silouanwright/gh-comment/internal/github/real_client.go:362.43,364.3 1 1
github.com/silouanwright/gh-comment/internal/github/real_client.go:365.2,365.24 1 1
github.com/silouanwright/gh-comment/internal/github/real_client.go:365.24,367.3 1 1
github.com/silouanwright/gh-comment/internal/github/real_client.go:369.2,372.16 3 0
github.com/silouanwright/gh-comment/internal/github/real_client.go:372.16,374.3 1 0
github.com/silouanwright/gh-comment/internal/github/real_client.go:376.2,377.16 2 0
github.com/silouanwright/gh-comment/internal/github/real_client.go:377.16,379.3 1 0
github.com/silouanwright/gh-comment/internal/github/real_client.go:381.2,381.12 1 0
github.com/silouanwright/gh-comment/internal/github/real_client.go:385.88,386.56 1 1
github.com/silouanwright/gh-comment/internal/github/real_client.go:386.56,388.3 1 1
github.com/silouanwright/gh-comment/internal/github/real_client.go:389.2,389.13 1 1
github.com/silouanwright/gh-comment/internal/github/real_client.go:389.13,391.3 1 1
github.com/silouanwright/gh-comment/internal/github/real_client.go:393.2,396.16 3 0
github.com/silouanwright/gh-comment/internal/github/real_client.go:396.16,398.3 1 0
github.com/silouanwright/gh-comment/internal/github/real_client.go:399.2,407.16 4 0
github.com/silouanwright/gh-comment/internal/github/real_client.go:407.16,409.3 1 0
github.com/silouanwright/gh-comment/internal/github/real_client.go:411.2,412.16 2 0
github.com/silouanwright/gh-comment/internal/github/real_client.go:412.16,414.3 1 0
github.com/silouanwright/gh-comment/internal/github/real_client.go:416.2,416.26 1 0
github.com/silouanwright/gh-comment/internal/github/real_client.go:416.26,418.3 1 0
github.com/silouanwright/gh-comment/internal/github/real_client.go:421.2,422.16 2 0
github.com/silouanwright/gh-comment/internal/github/real_client.go:422.16,424.3 1 0
github.com/silouanwright/gh-comment/internal/github/real_client.go:425.2,427.32 2 0
github.com/silouanwright/gh-comment/internal/github/real_client.go:427.32,429.3 1 0
github.com/silouanwright/gh-comment/internal/github/real_client.go:431.2,432.16 2 0
github.com/silouanwright/gh-comment/internal/github/real_client.go:432.16,434.3 1 0
github.com/silouanwright/gh-comment/internal/github/real_client.go:437.2,439.18 2 0
github.com/silouanwright/gh-comment/internal/github/real_client.go:443.51,444.17 1 1
github.com/silouanwright/gh-comment/internal/github/real_client.go:444.17,446.3 1 1
github.com/silouanwright/gh-comment/internal/github/real_client.go:447.2,447.16 1 1
github.com/silouanwright/gh-comment/internal/github/real_client.go:447.16,449.3 1 1
github.com/silouanwright/gh-comment/internal/github/real_client.go:450.2,450.65 1 1
github.com/silouanwright/gh-comment/internal/github/real_client.go:450.65,452.3 1 1
github.com/silouanwright/gh-comment/internal/github/real_client.go:453.2,453.12 1 1
github.com/silouanwright/gh-comment/internal/github/real_client.go:458.40,466.2 0 1
github.com/silouanwright/gh-comment/internal/github/real_client.go:469.44,481.2 2 1
github.com/silouanwright/gh-comment/internal/github/real_client.go:485.91,489.89 2 1
github.com/silouanwright/gh-comment/internal/github/real_client.go:489.89,491.3 1 1
github.com/silouanwright/gh-comment/internal/github/real_client.go:494.2,494.42 1 1
github.com/silouanwright/gh-comment/internal/github/real_client.go:494.42,496.3 1 1
github.com/silouanwright/gh-comment/internal/github/real_client.go:498.2,498.42 1 1
github.com/silouanwright/gh-comment/internal/github/real_client.go:498.42,500.3 1 1
github.com/silouanwright/gh-comment/internal/github/real_client.go:502.2,502.42 1 1
github.com/silouanwright/gh-comment/internal/github/real_client.go:502.42,504.3 1 1
github.com/silouanwright/gh-comment/internal/github/real_client.go:507.2,507.90 1 1
github.com/silouanwright/gh-comment/internal/github/real_client.go:507.90,509.3 1 1
github.com/silouanwright/gh-comment/internal/github/real_client.go:512.2,512.76 1 1
github.com/silouanwright/gh-comment/internal/github/real_client.go:516.53,527.29 4 1
github.com/silouanwright/gh-comment/internal/github/real_client.go:527.29,528.44 1 1
github.com/silouanwright/gh-comment/internal/github/real_client.go:528.44,531.23 2 1
github.com/silouanwright/gh-comment/internal/github/real_client.go:531.23,538.5 3 1
github.com/silouanwright/gh-comment/internal/github/real_client.go:539.9,539.65 1 1
github.com/silouanwright/gh-comment/internal/github/real_client.go:539.66,542.4 0 1
github.com/silouanwright/gh-comment/internal/github/real_client.go:545.2,545.13 1 1
github.com/silouanwright/gh-comment/internal/github/real_client.go:549.89,550.56 1 1
github.com/silouanwright/gh-comment/internal/github/real_client.go:550.56,552.3 1 1
github.com/silouanwright/gh-comment/internal/github/real_client.go:553.2,553.13 1 1
github.com/silouanwright/gh-comment/internal/github/real_client.go:553.13,555.3 1 1
github.com/silouanwright/gh-comment/internal/github/real_client.go:557.2,557.119 1 1
github.com/silouanwright/gh-comment/internal/github/real_client.go:557.119,559.3 1 1
github.com/silouanwright/gh-comment/internal/github/real_client.go:561.2,564.16 3 0
github.com/silouanwright/gh-comment/internal/github/real_client.go:564.16,566.3 1 0
github.com/silouanwright/gh-comment/internal/github/real_client.go:568.2,569.16 2 0
github.com/silouanwright/gh-comment/internal/github/real_client.go:569.16,571.3 1 0
github.com/silouanwright/gh-comment/internal/github/real_client.go:573.2,573.12 1 0
github.com/silouanwright/gh-comment/internal/github/real_client.go:577.95,578.56 1 1
github.com/silouanwright/gh-comment/internal/github/real_client.go:578.56,580.3 1 1
github.com/silouanwright/gh-comment/internal/github/real_client.go:581.2,581.13 1 1
github.com/silouanwright/gh-comment/internal/github/real_client.go:581.13,583.3 1 1
github.com/silouanwright/gh-comment/internal/github/real_client.go:585.2,589.16 4 0
github.com/silouanwright/gh-comment/internal/github/real_client.go:589.16,591.3 1 0
github.com/silouanwright/gh-comment/internal/github/real_client.go:593.2,593.20 1 0
github.com/silouanwright/gh-comment/internal/github/real_client.go:597.81,598.56 1 1
github.com/silouanwright/gh-comment/internal/github/real_client.go:598.56,600.3 1 1
github.com/silouanwright/gh-comment/internal/github/real_client.go:601.2,601.13 1 1
github.com/silouanwright/gh-comment/internal/github/real_client.go:601.13,603.3 1 1
github.com/silouanwright/gh-comment/internal/github/real_client.go:606.2,610.16 4 0
github.com/silouanwright/gh-comment/internal/github/real_client.go:610.16,612.3 1 0
github.com/silouanwright/gh-comment/internal/github/real_client.go:615.2,615.33 1 0
github.com/silouanwright/gh-comment/internal/github/real_client.go:615.33,616.70 1 0
github.com/silouanwright/gh-comment/internal/github/real_client.go:616.70,617.44 1 0
github.com/silouanwright/gh-comment/internal/github/real_client.go:617.44,619.5 1 0
github.com/silouanwright/gh-comment/internal/github/real_client.go:623.2,623.15 1 0
github.com/silouanwright/gh-comment/internal/github/real_client.go:627.99,628.56 1 1
github.com/silouanwright/gh-comment/internal/github/real_client.go:628.56,630.3 1 1
github.com/silouanwright/gh-comment/internal/github/real_client.go:631.2,631.13 1 1
github.com/silouanwright/gh-comment/internal/github/real_client.go:631.13,633.3 1 1
github.com/silouanwright/gh-comment/internal/github/real_client.go:634.2,634.19 1 1
github.com/silouanwright/gh-comment/internal/github/real_client.go:634.19,636.3 1 1
github.com/silouanwright/gh-comment/internal/github/real_client.go:637.2,637.76 1 1
github.com/silouanwright/gh-comment/internal/github/real_client.go:637.76,639.3 1 1
github.com/silouanwright/gh-comment/internal/github/real_client.go:641.2,649.16 4 0
github.com/silouanwright/gh-comment/internal/github/real_client.go:649.16,651.3 1 0
github.com/silouanwright/gh-comment/internal/github/real_client.go:653.2,654.16 2 0
github.com/silouanwright/gh-comment/internal/github/real_client.go:654.16,656.3 1 0
github.com/silouanwright/gh-comment/internal/github/real_client.go:658.2,658.12 1 0
github.com/silouanwright/gh-comment/internal/github/test_client.go:20.43,26.19 4 1
github.com/silouanwright/gh-comment/internal/github/test_client.go:26.19,28.3 1 1
github.com/silouanwright/gh-comment/internal/github/test_client.go:28.8,28.68 1 1
github.com/silouanwright/gh-comment/internal/github/test_client.go:28.68,31.3 1 0
github.com/silouanwright/gh-comment/internal/github/test_client.go:31.8,33.3 1 1
github.com/silouanwright/gh-comment/internal/github/test_client.go:35.2,39.8 1 1
github.com/silouanwright/gh-comment/internal/github/test_client.go:43.94,49.17 4 1
github.com/silouanwright/gh-comment/internal/github/test_client.go:49.17,51.3 1 1
github.com/silouanwright/gh-comment/internal/github/test_client.go:51.8,53.3 1 1
github.com/silouanwright/gh-comment/internal/github/test_client.go:55.2,55.16 1 1
github.com/silouanwright/gh-comment/internal/github/test_client.go:55.16,57.3 1 0
github.com/silouanwright/gh-comment/internal/github/test_client.go:60.2,62.19 3 1
github.com/silouanwright/gh-comment/internal/github/test_client.go:62.19,64.3 1 0
github.com/silouanwright/gh-comment/internal/github/test_client.go:66.2,67.16 2 1
github.com/silouanwright/gh-comment/internal/github/test_client.go:67.16,69.3 1 1
github.com/silouanwright/gh-comment/internal/github/test_client.go:71.2,71.18 1 0
github.com/silouanwright/gh-comment/internal/github/test_client.go:75.93,79.16 3 1
github.com/silouanwright/gh-comment/internal/github/test_client.go:79.16,81.3 1 1
github.com/silouanwright/gh-comment/internal/github/test_client.go:82.2,84.38 2 0
github.com/silouanwright/gh-comment/internal/github/test_client.go:84.38,86.3 1 0
github.com/silouanwright/gh-comment/internal/github/test_client.go:88.2,90.16 3 0
github.com/silouanwright/gh-comment/internal/github/test_client.go:90.16,92.3 1 0
github.com/silouanwright/gh-comment/internal/github/test_client.go:95.2,95.26 1 0
github.com/silouanwright/gh-comment/internal/github/test_client.go:95.26,97.3 1 0
github.com/silouanwright/gh-comment/internal/github/test_client.go:99.2,99.22 1 0
github.com/silouanwright/gh-comment/internal/github/test_client.go:103.94,107.16 3 1
github.com/silouanwright/gh-comment/internal/github/test_client.go:107.16,109.3 1 1
github.com/silouanwright/gh-comment/internal/github/test_client.go:110.2,112.38 2 0
github.com/silouanwright/gh-comment/internal/github/test_client.go:112.38,114.3 1 0
github.com/silouanwright/gh-comment/internal/github/test_client.go:116.2,118.16 3 0
github.com/silouanwright/gh-comment/internal/github/test_client.go:118.16,120.3 1 0
github.com/silouanwright/gh-comment/internal/github/test_client.go:123.2,123.26 1 0
github.com/silouanwright/gh-comment/internal/github/test_client.go:123.26,125.3 1 0
github.com/silouanwright/gh-comment/internal/github/test_client.go:127.2,127.22 1 0
github.com/silouanwright/gh-comment/internal/github/test_client.go:131.106,136.16 4 1
github.com/silouanwright/gh-comment/internal/github/test_client.go:136.16,138.3 1 0
github.com/silouanwright/gh-comment/internal/github/test_client.go:140.2,141.16 2 1
github.com/silouanwright/gh-comment/internal/github/test_client.go:141.16,143.3 1 1
github.com/silouanwright/gh-comment/internal/github/test_client.go:144.2,146.43 2 0
github.com/silouanwright/gh-comment/internal/github/test_client.go:146.43,148.3 1 0
github.com/silouanwright/gh-comment/internal/github/test_client.go:150.2,152.16 3 0
github.com/silouanwright/gh-comment/internal/github/test_client.go:152.16,154.3 1 0
github.com/silouanwright/gh-comment/internal/github/test_client.go:156.2,157.22 2 0
github.com/silouanwright/gh-comment/internal/github/test_client.go:161.101,165.16 3 1
github.com/silouanwright/gh-comment/internal/github/test_client.go:165.16,167.3 1 0
github.com/silouanwright/gh-comment/internal/github/test_client.go:169.2,170.16 2 1
github.com/silouanwright/gh-comment/internal/github/test_client.go:170.16,172.3 1 1
github.com/silouanwright/gh-comment/internal/github/test_client.go:173.2,175.43 2 0
github.com/silouanwright/gh-comment/internal/github/test_client.go:175.43,177.3 1 0
github.com/silouanwright/gh-comment/internal/github/test_client.go:179.2,179.12 1 0
github.com/silouanwright/gh-comment/internal/github/test_client.go:183.89,187.16 3 1
github.com/silouanwright/gh-comment/internal/github/test_client.go:187.16,189.3 1 0
github.com/silouanwright/gh-comment/internal/github/test_client.go:191.2,192.16 2 1
github.com/silouanwright/gh-comment/internal/github/test_client.go:192.16,194.3 1 1
github.com/silouanwright/gh-comment/internal/github/test_client.go:195.2,197.43 2 0
github.com/silouanwright/gh-comment/internal/github/test_client.go:197.43,199.3 1 0
github.com/silouanwright/gh-comment/internal/github/test_client.go:201.2,201.12 1 0
github.com/silouanwright/gh-comment/internal/github/test_client.go:205.95,209.16 3 1
github.com/silouanwright/gh-comment/internal/github/test_client.go:209.16,211.3 1 1
github.com/silouanwright/gh-comment/internal/github/test_client.go:212.2,214.38 2 0
github.com/silouanwright/gh-comment/internal/github/test_client.go:214.38,216.3 1 0
github.com/silouanwright/gh-comment/internal/github/test_client.go:218.2,220.16 3 0
github.com/silouanwright/gh-comment/internal/github/test_client.go:220.16,222.3 1 0
github.com/silouanwright/gh-comment/internal/github/test_client.go:224.2,224.20 1 0
github.com/silouanwright/gh-comment/internal/github/test_client.go:228.113,230.2 1 1
github.com/silouanwright/gh-comment/internal/github/test_client.go:232.110,234.2 1 1
github.com/silouanwright/gh-comment/internal/github/test_client.go:236.65,238.2 1 1
github.com/silouanwright/gh-comment/internal/github/test_client.go:240.92,242.2 1 1
github.com/silouanwright/gh-comment/internal/github/test_client.go:244.95,246.2 1 1
github.com/silouanwright/gh-comment/internal/github/test_client.go:248.88,250.2 1 1
github.com/silouanwright/gh-comment/internal/github/test_client.go:252.88,254.2 1 1
github.com/silouanwright/gh-comment/internal/github/test_client.go:256.81,258.2 1 1
github.com/silouanwright/gh-comment/internal/github/test_client.go:260.99,262.2 1 1
